<?xml version="1.0" encoding="UTF-8"?><testsuites failures="202" name="dependency-check" tests="27"><testsuite failures="0" errors="0" time="0" id="0" name="D:\Developers\SourceCodes\GitHub\SpringProjects\SpringCloud\run_jar\spring-boot\spring-boot-admin\jar\spring-boot-admin_client-0.0.1-SNAPSHOT.jar\BOOT-INF\lib\HdrHistogram-2.1.10.jar" package="spring-boot-admin_client-0.0.1-SNAPSHOT.jar: HdrHistogram-2.1.10.jar" skipped="0" tests="1" timestamp="2024-01-18T23:20:01.6507407"><testcase classname="dependency-check" name="spring-boot-admin_client-0.0.1-SNAPSHOT.jar: HdrHistogram-2.1.10.jar"/></testsuite><testsuite failures="0" errors="0" time="0" id="1" name="D:\Developers\SourceCodes\GitHub\SpringProjects\SpringCloud\run_jar\spring-boot\spring-boot-admin\jar\spring-boot-admin_client-0.0.1-SNAPSHOT.jar\BOOT-INF\lib\LatencyUtils-2.0.3.jar" package="spring-boot-admin_client-0.0.1-SNAPSHOT.jar: LatencyUtils-2.0.3.jar" skipped="0" tests="1" timestamp="2024-01-18T23:20:01.6507407"><testcase classname="dependency-check" name="spring-boot-admin_client-0.0.1-SNAPSHOT.jar: LatencyUtils-2.0.3.jar"/></testsuite><testsuite failures="0" errors="0" time="0" id="2" name="D:\Developers\SourceCodes\GitHub\SpringProjects\SpringCloud\run_jar\spring-boot\spring-boot-admin\jar\spring-boot-admin_client-0.0.1-SNAPSHOT.jar\BOOT-INF\lib\accessors-smart-1.2.jar" package="spring-boot-admin_client-0.0.1-SNAPSHOT.jar: accessors-smart-1.2.jar" skipped="0" tests="1" timestamp="2024-01-18T23:20:01.6507407"><testcase classname="dependency-check" name="spring-boot-admin_client-0.0.1-SNAPSHOT.jar: accessors-smart-1.2.jar"/></testsuite><testsuite failures="0" errors="0" time="0" id="3" name="D:\Developers\SourceCodes\GitHub\SpringProjects\SpringCloud\run_jar\spring-boot\spring-boot-admin\jar\spring-boot-admin_client-0.0.1-SNAPSHOT.jar\BOOT-INF\lib\android-json-0.0.20131108.vaadin1.jar" package="spring-boot-admin_client-0.0.1-SNAPSHOT.jar: android-json-0.0.20131108.vaadin1.jar" skipped="0" tests="1" timestamp="2024-01-18T23:20:01.6507407"><testcase classname="dependency-check" name="spring-boot-admin_client-0.0.1-SNAPSHOT.jar: android-json-0.0.20131108.vaadin1.jar"/></testsuite><testsuite failures="0" errors="0" time="0" id="4" name="D:\Developers\SourceCodes\GitHub\SpringProjects\SpringCloud\run_jar\spring-boot\spring-boot-admin\jar\spring-boot-admin_client-0.0.1-SNAPSHOT.jar\BOOT-INF\lib\asm-5.0.4.jar" package="spring-boot-admin_client-0.0.1-SNAPSHOT.jar: asm-5.0.4.jar" skipped="0" tests="1" timestamp="2024-01-18T23:20:01.6507407"><testcase classname="dependency-check" name="spring-boot-admin_client-0.0.1-SNAPSHOT.jar: asm-5.0.4.jar"/></testsuite><testsuite failures="0" errors="0" time="0" id="5" name="D:\Developers\SourceCodes\GitHub\SpringProjects\SpringCloud\run_jar\spring-boot\spring-boot-admin\jar\spring-boot-admin_client-0.0.1-SNAPSHOT.jar\BOOT-INF\lib\assertj-core-3.9.1.jar" package="spring-boot-admin_client-0.0.1-SNAPSHOT.jar: assertj-core-3.9.1.jar" skipped="0" tests="1" timestamp="2024-01-18T23:20:01.6507407"><testcase classname="dependency-check" name="spring-boot-admin_client-0.0.1-SNAPSHOT.jar: assertj-core-3.9.1.jar"/></testsuite><testsuite failures="0" errors="0" time="0" id="6" name="D:\Developers\SourceCodes\GitHub\SpringProjects\SpringCloud\run_jar\spring-boot\spring-boot-admin\jar\spring-boot-admin_client-0.0.1-SNAPSHOT.jar\BOOT-INF\lib\byte-buddy-1.7.11.jar\META-INF/maven/net.bytebuddy/byte-buddy-dep/pom.xml" package="spring-boot-admin_client-0.0.1-SNAPSHOT.jar: byte-buddy-1.7.11.jar (shaded: net.bytebuddy:byte-buddy-dep:1.7.11)" skipped="0" tests="1" timestamp="2024-01-18T23:20:01.6507407"><testcase classname="dependency-check" name="spring-boot-admin_client-0.0.1-SNAPSHOT.jar: byte-buddy-1.7.11.jar (shaded: net.bytebuddy:byte-buddy-dep:1.7.11)"/></testsuite><testsuite failures="0" errors="0" time="0" id="7" name="D:\Developers\SourceCodes\GitHub\SpringProjects\SpringCloud\run_jar\spring-boot\spring-boot-admin\jar\spring-boot-admin_client-0.0.1-SNAPSHOT.jar\BOOT-INF\lib\byte-buddy-1.7.11.jar" package="spring-boot-admin_client-0.0.1-SNAPSHOT.jar: byte-buddy-1.7.11.jar" skipped="0" tests="1" timestamp="2024-01-18T23:20:01.6507407"><testcase classname="dependency-check" name="spring-boot-admin_client-0.0.1-SNAPSHOT.jar: byte-buddy-1.7.11.jar"/></testsuite><testsuite failures="0" errors="0" time="0" id="8" name="D:\Developers\SourceCodes\GitHub\SpringProjects\SpringCloud\run_jar\spring-boot\spring-boot-admin\jar\spring-boot-admin_client-0.0.1-SNAPSHOT.jar\BOOT-INF\lib\byte-buddy-agent-1.7.11.jar" package="spring-boot-admin_client-0.0.1-SNAPSHOT.jar: byte-buddy-agent-1.7.11.jar" skipped="0" tests="1" timestamp="2024-01-18T23:20:01.6507407"><testcase classname="dependency-check" name="spring-boot-admin_client-0.0.1-SNAPSHOT.jar: byte-buddy-agent-1.7.11.jar"/></testsuite><testsuite failures="0" errors="0" time="0" id="9" name="D:\Developers\SourceCodes\GitHub\SpringProjects\SpringCloud\run_jar\spring-boot\spring-boot-admin\jar\spring-boot-admin_client-0.0.1-SNAPSHOT.jar\BOOT-INF\lib\classmate-1.3.4.jar" package="spring-boot-admin_client-0.0.1-SNAPSHOT.jar: classmate-1.3.4.jar" skipped="0" tests="1" timestamp="2024-01-18T23:20:01.6507407"><testcase classname="dependency-check" name="spring-boot-admin_client-0.0.1-SNAPSHOT.jar: classmate-1.3.4.jar"/></testsuite><testsuite failures="0" errors="0" time="0" id="10" name="D:\Developers\SourceCodes\GitHub\SpringProjects\SpringCloud\run_jar\spring-boot\spring-boot-admin\jar\spring-boot-admin_client-0.0.1-SNAPSHOT.jar\BOOT-INF\lib\hamcrest-core-1.3.jar" package="spring-boot-admin_client-0.0.1-SNAPSHOT.jar: hamcrest-core-1.3.jar" skipped="0" tests="1" timestamp="2024-01-18T23:20:01.6507407"><testcase classname="dependency-check" name="spring-boot-admin_client-0.0.1-SNAPSHOT.jar: hamcrest-core-1.3.jar"/></testsuite><testsuite failures="0" errors="0" time="0" id="11" name="D:\Developers\SourceCodes\GitHub\SpringProjects\SpringCloud\run_jar\spring-boot\spring-boot-admin\jar\spring-boot-admin_client-0.0.1-SNAPSHOT.jar\BOOT-INF\lib\hamcrest-library-1.3.jar" package="spring-boot-admin_client-0.0.1-SNAPSHOT.jar: hamcrest-library-1.3.jar" skipped="0" tests="1" timestamp="2024-01-18T23:20:01.6507407"><testcase classname="dependency-check" name="spring-boot-admin_client-0.0.1-SNAPSHOT.jar: hamcrest-library-1.3.jar"/></testsuite><testsuite failures="2" errors="0" time="0" id="12" name="D:\Developers\SourceCodes\GitHub\SpringProjects\SpringCloud\run_jar\spring-boot\spring-boot-admin\jar\spring-boot-admin_client-0.0.1-SNAPSHOT.jar\BOOT-INF\lib\hibernate-validator-6.0.10.Final.jar" package="spring-boot-admin_client-0.0.1-SNAPSHOT.jar: hibernate-validator-6.0.10.Final.jar" skipped="0" tests="2" timestamp="2024-01-18T23:20:01.6507407"><testcase classname="CVE-2019-10219" name="pkg:maven/org.hibernate.validator/hibernate-validator@6.0.10.Final"><failure message="cvssV3: MEDIUM, score: 6.1 (CVSS:3.1/AV:N/AC:L/PR:N/UI:R/S:C/C:L/I:L/A:N/E:2.8/RC:R/MAV:A)"/><system-out>A vulnerability was found in Hibernate-Validator. The SafeHtml validator annotation fails to properly sanitize payloads consisting of potentially malicious code in HTML comments and instructions. This vulnerability can result in an XSS attack.</system-out><system-err>location: D:\Developers\SourceCodes\GitHub\SpringProjects\SpringCloud\run_jar\spring-boot\spring-boot-admin\jar\spring-boot-admin_client-0.0.1-SNAPSHOT.jar\BOOT-INF\lib\hibernate-validator-6.0.10.Final.jar, project-references: [  ]</system-err></testcase><testcase classname="CVE-2020-10693" name="pkg:maven/org.hibernate.validator/hibernate-validator@6.0.10.Final"><failure message="cvssV3: MEDIUM, score: 5.3 (CVSS:3.1/AV:N/AC:L/PR:N/UI:N/S:U/C:N/I:L/A:N/E:3.9/RC:R/MAV:A)"/><system-out>A flaw was found in Hibernate Validator version 6.1.2.Final. A bug in the message interpolation processor enables invalid EL expressions to be evaluated as if they were valid. This flaw allows attackers to bypass input sanitation (escaping, stripping) controls that developers may have put in place when handling user-controlled data in error messages.</system-out><system-err>location: D:\Developers\SourceCodes\GitHub\SpringProjects\SpringCloud\run_jar\spring-boot\spring-boot-admin\jar\spring-boot-admin_client-0.0.1-SNAPSHOT.jar\BOOT-INF\lib\hibernate-validator-6.0.10.Final.jar, project-references: [  ]</system-err></testcase></testsuite><testsuite failures="1" errors="0" time="0" id="13" name="D:\Developers\SourceCodes\GitHub\SpringProjects\SpringCloud\run_jar\spring-boot\spring-boot-admin\jar\spring-boot-admin_client-0.0.1-SNAPSHOT.jar\BOOT-INF\lib\jackson-annotations-2.9.0.jar" package="spring-boot-admin_client-0.0.1-SNAPSHOT.jar: jackson-annotations-2.9.0.jar" skipped="0" tests="1" timestamp="2024-01-18T23:20:01.6507407"><testcase classname="CVE-2018-1000873" name="pkg:maven/com.fasterxml.jackson.core/jackson-annotations@2.9.0"><failure message="cvssV3: MEDIUM, score: 6.5 (CVSS:3.1/AV:N/AC:L/PR:N/UI:R/S:U/C:N/I:N/A:H/E:2.8/RC:R/MAV:A)"/><system-out>Fasterxml Jackson version Before 2.9.8 contains a CWE-20: Improper Input Validation vulnerability in Jackson-Modules-Java8 that can result in Causes a denial-of-service (DoS). This attack appear to be exploitable via The victim deserializes malicious input, specifically very large values in the nanoseconds field of a time value. This vulnerability appears to have been fixed in 2.9.8.</system-out><system-err>location: D:\Developers\SourceCodes\GitHub\SpringProjects\SpringCloud\run_jar\spring-boot\spring-boot-admin\jar\spring-boot-admin_client-0.0.1-SNAPSHOT.jar\BOOT-INF\lib\jackson-annotations-2.9.0.jar, project-references: [  ]</system-err></testcase></testsuite><testsuite failures="1" errors="0" time="0" id="14" name="D:\Developers\SourceCodes\GitHub\SpringProjects\SpringCloud\run_jar\spring-boot\spring-boot-admin\jar\spring-boot-admin_client-0.0.1-SNAPSHOT.jar\BOOT-INF\lib\jackson-core-2.9.6.jar" package="spring-boot-admin_client-0.0.1-SNAPSHOT.jar: jackson-core-2.9.6.jar" skipped="0" tests="1" timestamp="2024-01-18T23:20:01.6507407"><testcase classname="CVE-2018-1000873" name="pkg:maven/com.fasterxml.jackson.core/jackson-core@2.9.6"><failure message="cvssV3: MEDIUM, score: 6.5 (CVSS:3.1/AV:N/AC:L/PR:N/UI:R/S:U/C:N/I:N/A:H/E:2.8/RC:R/MAV:A)"/><system-out>Fasterxml Jackson version Before 2.9.8 contains a CWE-20: Improper Input Validation vulnerability in Jackson-Modules-Java8 that can result in Causes a denial-of-service (DoS). This attack appear to be exploitable via The victim deserializes malicious input, specifically very large values in the nanoseconds field of a time value. This vulnerability appears to have been fixed in 2.9.8.</system-out><system-err>location: D:\Developers\SourceCodes\GitHub\SpringProjects\SpringCloud\run_jar\spring-boot\spring-boot-admin\jar\spring-boot-admin_client-0.0.1-SNAPSHOT.jar\BOOT-INF\lib\jackson-core-2.9.6.jar, project-references: [  ]</system-err></testcase></testsuite><testsuite failures="62" errors="0" time="0" id="15" name="D:\Developers\SourceCodes\GitHub\SpringProjects\SpringCloud\run_jar\spring-boot\spring-boot-admin\jar\spring-boot-admin_client-0.0.1-SNAPSHOT.jar\BOOT-INF\lib\jackson-databind-2.9.6.jar" package="spring-boot-admin_client-0.0.1-SNAPSHOT.jar: jackson-databind-2.9.6.jar" skipped="0" tests="62" timestamp="2024-01-18T23:20:01.6507407"><testcase classname="CVE-2018-14721" name="pkg:maven/com.fasterxml.jackson.core/jackson-databind@2.9.6"><failure message="cvssV3: CRITICAL, score: 10.0 (CVSS:3.0/AV:N/AC:L/PR:N/UI:N/S:C/C:H/I:H/A:H/E:3.9/RC:R/MAV:A)"/><system-out>FasterXML jackson-databind 2.x before 2.9.7 might allow remote attackers to conduct server-side request forgery (SSRF) attacks by leveraging failure to block the axis2-jaxws class from polymorphic deserialization.</system-out><system-err>location: D:\Developers\SourceCodes\GitHub\SpringProjects\SpringCloud\run_jar\spring-boot\spring-boot-admin\jar\spring-boot-admin_client-0.0.1-SNAPSHOT.jar\BOOT-INF\lib\jackson-databind-2.9.6.jar, project-references: [  ]</system-err></testcase><testcase classname="CVE-2018-14718" name="pkg:maven/com.fasterxml.jackson.core/jackson-databind@2.9.6"><failure message="cvssV3: CRITICAL, score: 9.8 (CVSS:3.1/AV:N/AC:L/PR:N/UI:N/S:U/C:H/I:H/A:H/E:3.9/RC:R/MAV:A)"/><system-out>FasterXML jackson-databind 2.x before 2.9.7 might allow remote attackers to execute arbitrary code by leveraging failure to block the slf4j-ext class from polymorphic deserialization.</system-out><system-err>location: D:\Developers\SourceCodes\GitHub\SpringProjects\SpringCloud\run_jar\spring-boot\spring-boot-admin\jar\spring-boot-admin_client-0.0.1-SNAPSHOT.jar\BOOT-INF\lib\jackson-databind-2.9.6.jar, project-references: [  ]</system-err></testcase><testcase classname="CVE-2018-14719" name="pkg:maven/com.fasterxml.jackson.core/jackson-databind@2.9.6"><failure message="cvssV3: CRITICAL, score: 9.8 (CVSS:3.1/AV:N/AC:L/PR:N/UI:N/S:U/C:H/I:H/A:H/E:3.9/RC:R/MAV:A)"/><system-out>FasterXML jackson-databind 2.x before 2.9.7 might allow remote attackers to execute arbitrary code by leveraging failure to block the blaze-ds-opt and blaze-ds-core classes from polymorphic deserialization.</system-out><system-err>location: D:\Developers\SourceCodes\GitHub\SpringProjects\SpringCloud\run_jar\spring-boot\spring-boot-admin\jar\spring-boot-admin_client-0.0.1-SNAPSHOT.jar\BOOT-INF\lib\jackson-databind-2.9.6.jar, project-references: [  ]</system-err></testcase><testcase classname="CVE-2018-14720" name="pkg:maven/com.fasterxml.jackson.core/jackson-databind@2.9.6"><failure message="cvssV3: CRITICAL, score: 9.8 (CVSS:3.0/AV:N/AC:L/PR:N/UI:N/S:U/C:H/I:H/A:H/E:3.9/RC:R/MAV:A)"/><system-out>FasterXML jackson-databind 2.x before 2.9.7 might allow attackers to conduct external XML entity (XXE) attacks by leveraging failure to block unspecified JDK classes from polymorphic deserialization.</system-out><system-err>location: D:\Developers\SourceCodes\GitHub\SpringProjects\SpringCloud\run_jar\spring-boot\spring-boot-admin\jar\spring-boot-admin_client-0.0.1-SNAPSHOT.jar\BOOT-INF\lib\jackson-databind-2.9.6.jar, project-references: [  ]</system-err></testcase><testcase classname="CVE-2018-19360" name="pkg:maven/com.fasterxml.jackson.core/jackson-databind@2.9.6"><failure message="cvssV3: CRITICAL, score: 9.8 (CVSS:3.0/AV:N/AC:L/PR:N/UI:N/S:U/C:H/I:H/A:H/E:3.9/RC:R/MAV:A)"/><system-out>FasterXML jackson-databind 2.x before 2.9.8 might allow attackers to have unspecified impact by leveraging failure to block the axis2-transport-jms class from polymorphic deserialization.</system-out><system-err>location: D:\Developers\SourceCodes\GitHub\SpringProjects\SpringCloud\run_jar\spring-boot\spring-boot-admin\jar\spring-boot-admin_client-0.0.1-SNAPSHOT.jar\BOOT-INF\lib\jackson-databind-2.9.6.jar, project-references: [  ]</system-err></testcase><testcase classname="CVE-2018-19361" name="pkg:maven/com.fasterxml.jackson.core/jackson-databind@2.9.6"><failure message="cvssV3: CRITICAL, score: 9.8 (CVSS:3.0/AV:N/AC:L/PR:N/UI:N/S:U/C:H/I:H/A:H/E:3.9/RC:R/MAV:A)"/><system-out>FasterXML jackson-databind 2.x before 2.9.8 might allow attackers to have unspecified impact by leveraging failure to block the openjpa class from polymorphic deserialization.</system-out><system-err>location: D:\Developers\SourceCodes\GitHub\SpringProjects\SpringCloud\run_jar\spring-boot\spring-boot-admin\jar\spring-boot-admin_client-0.0.1-SNAPSHOT.jar\BOOT-INF\lib\jackson-databind-2.9.6.jar, project-references: [  ]</system-err></testcase><testcase classname="CVE-2018-19362" name="pkg:maven/com.fasterxml.jackson.core/jackson-databind@2.9.6"><failure message="cvssV3: CRITICAL, score: 9.8 (CVSS:3.0/AV:N/AC:L/PR:N/UI:N/S:U/C:H/I:H/A:H/E:3.9/RC:R/MAV:A)"/><system-out>FasterXML jackson-databind 2.x before 2.9.8 might allow attackers to have unspecified impact by leveraging failure to block the jboss-common-core class from polymorphic deserialization.</system-out><system-err>location: D:\Developers\SourceCodes\GitHub\SpringProjects\SpringCloud\run_jar\spring-boot\spring-boot-admin\jar\spring-boot-admin_client-0.0.1-SNAPSHOT.jar\BOOT-INF\lib\jackson-databind-2.9.6.jar, project-references: [  ]</system-err></testcase><testcase classname="CVE-2019-14379" name="pkg:maven/com.fasterxml.jackson.core/jackson-databind@2.9.6"><failure message="cvssV3: CRITICAL, score: 9.8 (CVSS:3.1/AV:N/AC:L/PR:N/UI:N/S:U/C:H/I:H/A:H/E:3.9/RC:R/MAV:A)"/><system-out>SubTypeValidator.java in FasterXML jackson-databind before 2.9.9.2 mishandles default typing when ehcache is used (because of net.sf.ehcache.transaction.manager.DefaultTransactionManagerLookup), leading to remote code execution.</system-out><system-err>location: D:\Developers\SourceCodes\GitHub\SpringProjects\SpringCloud\run_jar\spring-boot\spring-boot-admin\jar\spring-boot-admin_client-0.0.1-SNAPSHOT.jar\BOOT-INF\lib\jackson-databind-2.9.6.jar, project-references: [  ]</system-err></testcase><testcase classname="CVE-2019-14540" name="pkg:maven/com.fasterxml.jackson.core/jackson-databind@2.9.6"><failure message="cvssV3: CRITICAL, score: 9.8 (CVSS:3.1/AV:N/AC:L/PR:N/UI:N/S:U/C:H/I:H/A:H/E:3.9/RC:R/MAV:A)"/><system-out>A Polymorphic Typing issue was discovered in FasterXML jackson-databind before 2.9.10. It is related to com.zaxxer.hikari.HikariConfig.</system-out><system-err>location: D:\Developers\SourceCodes\GitHub\SpringProjects\SpringCloud\run_jar\spring-boot\spring-boot-admin\jar\spring-boot-admin_client-0.0.1-SNAPSHOT.jar\BOOT-INF\lib\jackson-databind-2.9.6.jar, project-references: [  ]</system-err></testcase><testcase classname="CVE-2019-14892" name="pkg:maven/com.fasterxml.jackson.core/jackson-databind@2.9.6"><failure message="cvssV3: CRITICAL, score: 9.8 (CVSS:3.1/AV:N/AC:L/PR:N/UI:N/S:U/C:H/I:H/A:H/E:3.9/RC:R/MAV:A)"/><system-out>A flaw was discovered in jackson-databind in versions before 2.9.10, 2.8.11.5 and 2.6.7.3, where it would permit polymorphic deserialization of a malicious object using commons-configuration 1 and 2 JNDI classes. An attacker could use this flaw to execute arbitrary code.</system-out><system-err>location: D:\Developers\SourceCodes\GitHub\SpringProjects\SpringCloud\run_jar\spring-boot\spring-boot-admin\jar\spring-boot-admin_client-0.0.1-SNAPSHOT.jar\BOOT-INF\lib\jackson-databind-2.9.6.jar, project-references: [  ]</system-err></testcase><testcase classname="CVE-2019-14893" name="pkg:maven/com.fasterxml.jackson.core/jackson-databind@2.9.6"><failure message="cvssV3: CRITICAL, score: 9.8 (CVSS:3.1/AV:N/AC:L/PR:N/UI:N/S:U/C:H/I:H/A:H/E:3.9/RC:R/MAV:A)"/><system-out>A flaw was discovered in FasterXML jackson-databind in all versions before 2.9.10 and 2.10.0, where it would permit polymorphic deserialization of malicious objects using the xalan JNDI gadget when used in conjunction with polymorphic type handling methods such as `enableDefaultTyping()` or when @JsonTypeInfo is using `Id.CLASS` or `Id.MINIMAL_CLASS` or in any other way which ObjectMapper.readValue might instantiate objects from unsafe sources. An attacker could use this flaw to execute arbitrary code.</system-out><system-err>location: D:\Developers\SourceCodes\GitHub\SpringProjects\SpringCloud\run_jar\spring-boot\spring-boot-admin\jar\spring-boot-admin_client-0.0.1-SNAPSHOT.jar\BOOT-INF\lib\jackson-databind-2.9.6.jar, project-references: [  ]</system-err></testcase><testcase classname="CVE-2019-16335" name="pkg:maven/com.fasterxml.jackson.core/jackson-databind@2.9.6"><failure message="cvssV3: CRITICAL, score: 9.8 (CVSS:3.1/AV:N/AC:L/PR:N/UI:N/S:U/C:H/I:H/A:H/E:3.9/RC:R/MAV:A)"/><system-out>A Polymorphic Typing issue was discovered in FasterXML jackson-databind before 2.9.10. It is related to com.zaxxer.hikari.HikariDataSource. This is a different vulnerability than CVE-2019-14540.</system-out><system-err>location: D:\Developers\SourceCodes\GitHub\SpringProjects\SpringCloud\run_jar\spring-boot\spring-boot-admin\jar\spring-boot-admin_client-0.0.1-SNAPSHOT.jar\BOOT-INF\lib\jackson-databind-2.9.6.jar, project-references: [  ]</system-err></testcase><testcase classname="CVE-2019-16942" name="pkg:maven/com.fasterxml.jackson.core/jackson-databind@2.9.6"><failure message="cvssV3: CRITICAL, score: 9.8 (CVSS:3.1/AV:N/AC:L/PR:N/UI:N/S:U/C:H/I:H/A:H/E:3.9/RC:R/MAV:A)"/><system-out>A Polymorphic Typing issue was discovered in FasterXML jackson-databind 2.0.0 through 2.9.10. When Default Typing is enabled (either globally or for a specific property) for an externally exposed JSON endpoint and the service has the commons-dbcp (1.4) jar in the classpath, and an attacker can find an RMI service endpoint to access, it is possible to make the service execute a malicious payload. This issue exists because of org.apache.commons.dbcp.datasources.SharedPoolDataSource and org.apache.commons.dbcp.datasources.PerUserPoolDataSource mishandling.</system-out><system-err>location: D:\Developers\SourceCodes\GitHub\SpringProjects\SpringCloud\run_jar\spring-boot\spring-boot-admin\jar\spring-boot-admin_client-0.0.1-SNAPSHOT.jar\BOOT-INF\lib\jackson-databind-2.9.6.jar, project-references: [  ]</system-err></testcase><testcase classname="CVE-2019-16943" name="pkg:maven/com.fasterxml.jackson.core/jackson-databind@2.9.6"><failure message="cvssV3: CRITICAL, score: 9.8 (CVSS:3.1/AV:N/AC:L/PR:N/UI:N/S:U/C:H/I:H/A:H/E:3.9/RC:R/MAV:A)"/><system-out>A Polymorphic Typing issue was discovered in FasterXML jackson-databind 2.0.0 through 2.9.10. When Default Typing is enabled (either globally or for a specific property) for an externally exposed JSON endpoint and the service has the p6spy (3.8.6) jar in the classpath, and an attacker can find an RMI service endpoint to access, it is possible to make the service execute a malicious payload. This issue exists because of com.p6spy.engine.spy.P6DataSource mishandling.</system-out><system-err>location: D:\Developers\SourceCodes\GitHub\SpringProjects\SpringCloud\run_jar\spring-boot\spring-boot-admin\jar\spring-boot-admin_client-0.0.1-SNAPSHOT.jar\BOOT-INF\lib\jackson-databind-2.9.6.jar, project-references: [  ]</system-err></testcase><testcase classname="CVE-2019-17267" name="pkg:maven/com.fasterxml.jackson.core/jackson-databind@2.9.6"><failure message="cvssV3: CRITICAL, score: 9.8 (CVSS:3.1/AV:N/AC:L/PR:N/UI:N/S:U/C:H/I:H/A:H/E:3.9/RC:R/MAV:A)"/><system-out>A Polymorphic Typing issue was discovered in FasterXML jackson-databind before 2.9.10. It is related to net.sf.ehcache.hibernate.EhcacheJtaTransactionManagerLookup.</system-out><system-err>location: D:\Developers\SourceCodes\GitHub\SpringProjects\SpringCloud\run_jar\spring-boot\spring-boot-admin\jar\spring-boot-admin_client-0.0.1-SNAPSHOT.jar\BOOT-INF\lib\jackson-databind-2.9.6.jar, project-references: [  ]</system-err></testcase><testcase classname="CVE-2019-17531" name="pkg:maven/com.fasterxml.jackson.core/jackson-databind@2.9.6"><failure message="cvssV3: CRITICAL, score: 9.8 (CVSS:3.1/AV:N/AC:L/PR:N/UI:N/S:U/C:H/I:H/A:H/E:3.9/RC:R/MAV:A)"/><system-out>A Polymorphic Typing issue was discovered in FasterXML jackson-databind 2.0.0 through 2.9.10. When Default Typing is enabled (either globally or for a specific property) for an externally exposed JSON endpoint and the service has the apache-log4j-extra (version 1.2.x) jar in the classpath, and an attacker can provide a JNDI service to access, it is possible to make the service execute a malicious payload.</system-out><system-err>location: D:\Developers\SourceCodes\GitHub\SpringProjects\SpringCloud\run_jar\spring-boot\spring-boot-admin\jar\spring-boot-admin_client-0.0.1-SNAPSHOT.jar\BOOT-INF\lib\jackson-databind-2.9.6.jar, project-references: [  ]</system-err></testcase><testcase classname="CVE-2019-20330" name="pkg:maven/com.fasterxml.jackson.core/jackson-databind@2.9.6"><failure message="cvssV3: CRITICAL, score: 9.8 (CVSS:3.1/AV:N/AC:L/PR:N/UI:N/S:U/C:H/I:H/A:H/E:3.9/RC:R/MAV:A)"/><system-out>FasterXML jackson-databind 2.x before 2.9.10.2 lacks certain net.sf.ehcache blocking.</system-out><system-err>location: D:\Developers\SourceCodes\GitHub\SpringProjects\SpringCloud\run_jar\spring-boot\spring-boot-admin\jar\spring-boot-admin_client-0.0.1-SNAPSHOT.jar\BOOT-INF\lib\jackson-databind-2.9.6.jar, project-references: [  ]</system-err></testcase><testcase classname="CVE-2020-8840" name="pkg:maven/com.fasterxml.jackson.core/jackson-databind@2.9.6"><failure message="cvssV3: CRITICAL, score: 9.8 (CVSS:3.1/AV:N/AC:L/PR:N/UI:N/S:U/C:H/I:H/A:H/E:3.9/RC:R/MAV:A)"/><system-out>FasterXML jackson-databind 2.0.0 through 2.9.10.2 lacks certain xbean-reflect/JNDI blocking, as demonstrated by org.apache.xbean.propertyeditor.JndiConverter.</system-out><system-err>location: D:\Developers\SourceCodes\GitHub\SpringProjects\SpringCloud\run_jar\spring-boot\spring-boot-admin\jar\spring-boot-admin_client-0.0.1-SNAPSHOT.jar\BOOT-INF\lib\jackson-databind-2.9.6.jar, project-references: [  ]</system-err></testcase><testcase classname="CVE-2020-9546" name="pkg:maven/com.fasterxml.jackson.core/jackson-databind@2.9.6"><failure message="cvssV3: CRITICAL, score: 9.8 (CVSS:3.1/AV:N/AC:L/PR:N/UI:N/S:U/C:H/I:H/A:H/E:3.9/RC:R/MAV:A)"/><system-out>FasterXML jackson-databind 2.x before 2.9.10.4 mishandles the interaction between serialization gadgets and typing, related to org.apache.hadoop.shaded.com.zaxxer.hikari.HikariConfig (aka shaded hikari-config).</system-out><system-err>location: D:\Developers\SourceCodes\GitHub\SpringProjects\SpringCloud\run_jar\spring-boot\spring-boot-admin\jar\spring-boot-admin_client-0.0.1-SNAPSHOT.jar\BOOT-INF\lib\jackson-databind-2.9.6.jar, project-references: [  ]</system-err></testcase><testcase classname="CVE-2020-9547" name="pkg:maven/com.fasterxml.jackson.core/jackson-databind@2.9.6"><failure message="cvssV3: CRITICAL, score: 9.8 (CVSS:3.1/AV:N/AC:L/PR:N/UI:N/S:U/C:H/I:H/A:H/E:3.9/RC:R/MAV:A)"/><system-out>FasterXML jackson-databind 2.x before 2.9.10.4 mishandles the interaction between serialization gadgets and typing, related to com.ibatis.sqlmap.engine.transaction.jta.JtaTransactionConfig (aka ibatis-sqlmap).</system-out><system-err>location: D:\Developers\SourceCodes\GitHub\SpringProjects\SpringCloud\run_jar\spring-boot\spring-boot-admin\jar\spring-boot-admin_client-0.0.1-SNAPSHOT.jar\BOOT-INF\lib\jackson-databind-2.9.6.jar, project-references: [  ]</system-err></testcase><testcase classname="CVE-2020-9548" name="pkg:maven/com.fasterxml.jackson.core/jackson-databind@2.9.6"><failure message="cvssV3: CRITICAL, score: 9.8 (CVSS:3.1/AV:N/AC:L/PR:N/UI:N/S:U/C:H/I:H/A:H/E:3.9/RC:R/MAV:A)"/><system-out>FasterXML jackson-databind 2.x before 2.9.10.4 mishandles the interaction between serialization gadgets and typing, related to br.com.anteros.dbcp.AnterosDBCPConfig (aka anteros-core).</system-out><system-err>location: D:\Developers\SourceCodes\GitHub\SpringProjects\SpringCloud\run_jar\spring-boot\spring-boot-admin\jar\spring-boot-admin_client-0.0.1-SNAPSHOT.jar\BOOT-INF\lib\jackson-databind-2.9.6.jar, project-references: [  ]</system-err></testcase><testcase classname="CVE-2020-10672" name="pkg:maven/com.fasterxml.jackson.core/jackson-databind@2.9.6"><failure message="cvssV3: HIGH, score: 8.8 (CVSS:3.1/AV:N/AC:L/PR:N/UI:R/S:U/C:H/I:H/A:H/E:2.8/RC:R/MAV:A)"/><system-out>FasterXML jackson-databind 2.x before 2.9.10.4 mishandles the interaction between serialization gadgets and typing, related to org.apache.aries.transaction.jms.internal.XaPooledConnectionFactory (aka aries.transaction.jms).</system-out><system-err>location: D:\Developers\SourceCodes\GitHub\SpringProjects\SpringCloud\run_jar\spring-boot\spring-boot-admin\jar\spring-boot-admin_client-0.0.1-SNAPSHOT.jar\BOOT-INF\lib\jackson-databind-2.9.6.jar, project-references: [  ]</system-err></testcase><testcase classname="CVE-2020-10673" name="pkg:maven/com.fasterxml.jackson.core/jackson-databind@2.9.6"><failure message="cvssV3: HIGH, score: 8.8 (CVSS:3.1/AV:N/AC:L/PR:N/UI:R/S:U/C:H/I:H/A:H/E:2.8/RC:R/MAV:A)"/><system-out>FasterXML jackson-databind 2.x before 2.9.10.4 mishandles the interaction between serialization gadgets and typing, related to com.caucho.config.types.ResourceRef (aka caucho-quercus).</system-out><system-err>location: D:\Developers\SourceCodes\GitHub\SpringProjects\SpringCloud\run_jar\spring-boot\spring-boot-admin\jar\spring-boot-admin_client-0.0.1-SNAPSHOT.jar\BOOT-INF\lib\jackson-databind-2.9.6.jar, project-references: [  ]</system-err></testcase><testcase classname="CVE-2020-10968" name="pkg:maven/com.fasterxml.jackson.core/jackson-databind@2.9.6"><failure message="cvssV3: HIGH, score: 8.8 (CVSS:3.1/AV:N/AC:L/PR:N/UI:R/S:U/C:H/I:H/A:H/E:2.8/RC:R/MAV:A)"/><system-out>FasterXML jackson-databind 2.x before 2.9.10.4 mishandles the interaction between serialization gadgets and typing, related to org.aoju.bus.proxy.provider.remoting.RmiProvider (aka bus-proxy).</system-out><system-err>location: D:\Developers\SourceCodes\GitHub\SpringProjects\SpringCloud\run_jar\spring-boot\spring-boot-admin\jar\spring-boot-admin_client-0.0.1-SNAPSHOT.jar\BOOT-INF\lib\jackson-databind-2.9.6.jar, project-references: [  ]</system-err></testcase><testcase classname="CVE-2020-10969" name="pkg:maven/com.fasterxml.jackson.core/jackson-databind@2.9.6"><failure message="cvssV3: HIGH, score: 8.8 (CVSS:3.1/AV:N/AC:L/PR:N/UI:R/S:U/C:H/I:H/A:H/E:2.8/RC:R/MAV:A)"/><system-out>FasterXML jackson-databind 2.x before 2.9.10.4 mishandles the interaction between serialization gadgets and typing, related to javax.swing.JEditorPane.</system-out><system-err>location: D:\Developers\SourceCodes\GitHub\SpringProjects\SpringCloud\run_jar\spring-boot\spring-boot-admin\jar\spring-boot-admin_client-0.0.1-SNAPSHOT.jar\BOOT-INF\lib\jackson-databind-2.9.6.jar, project-references: [  ]</system-err></testcase><testcase classname="CVE-2020-11111" name="pkg:maven/com.fasterxml.jackson.core/jackson-databind@2.9.6"><failure message="cvssV3: HIGH, score: 8.8 (CVSS:3.1/AV:N/AC:L/PR:N/UI:R/S:U/C:H/I:H/A:H/E:2.8/RC:R/MAV:A)"/><system-out>FasterXML jackson-databind 2.x before 2.9.10.4 mishandles the interaction between serialization gadgets and typing, related to org.apache.activemq.* (aka activemq-jms, activemq-core, activemq-pool, and activemq-pool-jms).</system-out><system-err>location: D:\Developers\SourceCodes\GitHub\SpringProjects\SpringCloud\run_jar\spring-boot\spring-boot-admin\jar\spring-boot-admin_client-0.0.1-SNAPSHOT.jar\BOOT-INF\lib\jackson-databind-2.9.6.jar, project-references: [  ]</system-err></testcase><testcase classname="CVE-2020-11112" name="pkg:maven/com.fasterxml.jackson.core/jackson-databind@2.9.6"><failure message="cvssV3: HIGH, score: 8.8 (CVSS:3.1/AV:N/AC:L/PR:N/UI:R/S:U/C:H/I:H/A:H/E:2.8/RC:R/MAV:A)"/><system-out>FasterXML jackson-databind 2.x before 2.9.10.4 mishandles the interaction between serialization gadgets and typing, related to org.apache.commons.proxy.provider.remoting.RmiProvider (aka apache/commons-proxy).</system-out><system-err>location: D:\Developers\SourceCodes\GitHub\SpringProjects\SpringCloud\run_jar\spring-boot\spring-boot-admin\jar\spring-boot-admin_client-0.0.1-SNAPSHOT.jar\BOOT-INF\lib\jackson-databind-2.9.6.jar, project-references: [  ]</system-err></testcase><testcase classname="CVE-2020-11113" name="pkg:maven/com.fasterxml.jackson.core/jackson-databind@2.9.6"><failure message="cvssV3: HIGH, score: 8.8 (CVSS:3.1/AV:N/AC:L/PR:N/UI:R/S:U/C:H/I:H/A:H/E:2.8/RC:R/MAV:A)"/><system-out>FasterXML jackson-databind 2.x before 2.9.10.4 mishandles the interaction between serialization gadgets and typing, related to org.apache.openjpa.ee.WASRegistryManagedRuntime (aka openjpa).</system-out><system-err>location: D:\Developers\SourceCodes\GitHub\SpringProjects\SpringCloud\run_jar\spring-boot\spring-boot-admin\jar\spring-boot-admin_client-0.0.1-SNAPSHOT.jar\BOOT-INF\lib\jackson-databind-2.9.6.jar, project-references: [  ]</system-err></testcase><testcase classname="CVE-2020-10650" name="pkg:maven/com.fasterxml.jackson.core/jackson-databind@2.9.6"><failure message="cvssV3: HIGH, score: 8.1 (CVSS:3.1/AV:N/AC:H/PR:N/UI:N/S:U/C:H/I:H/A:H/E:2.2/RC:R/MAV:A)"/><system-out>A deserialization flaw was discovered in jackson-databind through 2.9.10.4. It could allow an unauthenticated user to perform code execution via ignite-jta or quartz-core: org.apache.ignite.cache.jta.jndi.CacheJndiTmLookup, org.apache.ignite.cache.jta.jndi.CacheJndiTmFactory, and org.quartz.utils.JNDIConnectionProvider.</system-out><system-err>location: D:\Developers\SourceCodes\GitHub\SpringProjects\SpringCloud\run_jar\spring-boot\spring-boot-admin\jar\spring-boot-admin_client-0.0.1-SNAPSHOT.jar\BOOT-INF\lib\jackson-databind-2.9.6.jar, project-references: [  ]</system-err></testcase><testcase classname="CVE-2020-11619" name="pkg:maven/com.fasterxml.jackson.core/jackson-databind@2.9.6"><failure message="cvssV3: HIGH, score: 8.1 (CVSS:3.1/AV:N/AC:H/PR:N/UI:N/S:U/C:H/I:H/A:H/E:2.2/RC:R/MAV:A)"/><system-out>FasterXML jackson-databind 2.x before 2.9.10.4 mishandles the interaction between serialization gadgets and typing, related to org.springframework.aop.config.MethodLocatingFactoryBean (aka spring-aop).</system-out><system-err>location: D:\Developers\SourceCodes\GitHub\SpringProjects\SpringCloud\run_jar\spring-boot\spring-boot-admin\jar\spring-boot-admin_client-0.0.1-SNAPSHOT.jar\BOOT-INF\lib\jackson-databind-2.9.6.jar, project-references: [  ]</system-err></testcase><testcase classname="CVE-2020-11620" name="pkg:maven/com.fasterxml.jackson.core/jackson-databind@2.9.6"><failure message="cvssV3: HIGH, score: 8.1 (CVSS:3.1/AV:N/AC:H/PR:N/UI:N/S:U/C:H/I:H/A:H/E:2.2/RC:R/MAV:A)"/><system-out>FasterXML jackson-databind 2.x before 2.9.10.4 mishandles the interaction between serialization gadgets and typing, related to org.apache.commons.jelly.impl.Embedded (aka commons-jelly).</system-out><system-err>location: D:\Developers\SourceCodes\GitHub\SpringProjects\SpringCloud\run_jar\spring-boot\spring-boot-admin\jar\spring-boot-admin_client-0.0.1-SNAPSHOT.jar\BOOT-INF\lib\jackson-databind-2.9.6.jar, project-references: [  ]</system-err></testcase><testcase classname="CVE-2020-14060" name="pkg:maven/com.fasterxml.jackson.core/jackson-databind@2.9.6"><failure message="cvssV3: HIGH, score: 8.1 (CVSS:3.1/AV:N/AC:H/PR:N/UI:N/S:U/C:H/I:H/A:H/E:2.2/RC:R/MAV:A)"/><system-out>FasterXML jackson-databind 2.x before 2.9.10.5 mishandles the interaction between serialization gadgets and typing, related to oadd.org.apache.xalan.lib.sql.JNDIConnectionPool (aka apache/drill).</system-out><system-err>location: D:\Developers\SourceCodes\GitHub\SpringProjects\SpringCloud\run_jar\spring-boot\spring-boot-admin\jar\spring-boot-admin_client-0.0.1-SNAPSHOT.jar\BOOT-INF\lib\jackson-databind-2.9.6.jar, project-references: [  ]</system-err></testcase><testcase classname="CVE-2020-14061" name="pkg:maven/com.fasterxml.jackson.core/jackson-databind@2.9.6"><failure message="cvssV3: HIGH, score: 8.1 (CVSS:3.1/AV:N/AC:H/PR:N/UI:N/S:U/C:H/I:H/A:H/E:2.2/RC:R/MAV:A)"/><system-out>FasterXML jackson-databind 2.x before 2.9.10.5 mishandles the interaction between serialization gadgets and typing, related to oracle.jms.AQjmsQueueConnectionFactory, oracle.jms.AQjmsXATopicConnectionFactory, oracle.jms.AQjmsTopicConnectionFactory, oracle.jms.AQjmsXAQueueConnectionFactory, and oracle.jms.AQjmsXAConnectionFactory (aka weblogic/oracle-aqjms).</system-out><system-err>location: D:\Developers\SourceCodes\GitHub\SpringProjects\SpringCloud\run_jar\spring-boot\spring-boot-admin\jar\spring-boot-admin_client-0.0.1-SNAPSHOT.jar\BOOT-INF\lib\jackson-databind-2.9.6.jar, project-references: [  ]</system-err></testcase><testcase classname="CVE-2020-14062" name="pkg:maven/com.fasterxml.jackson.core/jackson-databind@2.9.6"><failure message="cvssV3: HIGH, score: 8.1 (CVSS:3.1/AV:N/AC:H/PR:N/UI:N/S:U/C:H/I:H/A:H/E:2.2/RC:R/MAV:A)"/><system-out>FasterXML jackson-databind 2.x before 2.9.10.5 mishandles the interaction between serialization gadgets and typing, related to com.sun.org.apache.xalan.internal.lib.sql.JNDIConnectionPool (aka xalan2).</system-out><system-err>location: D:\Developers\SourceCodes\GitHub\SpringProjects\SpringCloud\run_jar\spring-boot\spring-boot-admin\jar\spring-boot-admin_client-0.0.1-SNAPSHOT.jar\BOOT-INF\lib\jackson-databind-2.9.6.jar, project-references: [  ]</system-err></testcase><testcase classname="CVE-2020-14195" name="pkg:maven/com.fasterxml.jackson.core/jackson-databind@2.9.6"><failure message="cvssV3: HIGH, score: 8.1 (CVSS:3.1/AV:N/AC:H/PR:N/UI:N/S:U/C:H/I:H/A:H/E:2.2/RC:R/MAV:A)"/><system-out>FasterXML jackson-databind 2.x before 2.9.10.5 mishandles the interaction between serialization gadgets and typing, related to org.jsecurity.realm.jndi.JndiRealmFactory (aka org.jsecurity).</system-out><system-err>location: D:\Developers\SourceCodes\GitHub\SpringProjects\SpringCloud\run_jar\spring-boot\spring-boot-admin\jar\spring-boot-admin_client-0.0.1-SNAPSHOT.jar\BOOT-INF\lib\jackson-databind-2.9.6.jar, project-references: [  ]</system-err></testcase><testcase classname="CVE-2020-24616" name="pkg:maven/com.fasterxml.jackson.core/jackson-databind@2.9.6"><failure message="cvssV3: HIGH, score: 8.1 (CVSS:3.1/AV:N/AC:H/PR:N/UI:N/S:U/C:H/I:H/A:H/E:2.2/RC:R/MAV:A)"/><system-out>FasterXML jackson-databind 2.x before 2.9.10.6 mishandles the interaction between serialization gadgets and typing, related to br.com.anteros.dbcp.AnterosDBCPDataSource (aka Anteros-DBCP).</system-out><system-err>location: D:\Developers\SourceCodes\GitHub\SpringProjects\SpringCloud\run_jar\spring-boot\spring-boot-admin\jar\spring-boot-admin_client-0.0.1-SNAPSHOT.jar\BOOT-INF\lib\jackson-databind-2.9.6.jar, project-references: [  ]</system-err></testcase><testcase classname="CVE-2020-24750" name="pkg:maven/com.fasterxml.jackson.core/jackson-databind@2.9.6"><failure message="cvssV3: HIGH, score: 8.1 (CVSS:3.1/AV:N/AC:H/PR:N/UI:N/S:U/C:H/I:H/A:H/E:2.2/RC:R/MAV:A)"/><system-out>FasterXML jackson-databind 2.x before 2.9.10.6 mishandles the interaction between serialization gadgets and typing, related to com.pastdev.httpcomponents.configuration.JndiConfiguration.</system-out><system-err>location: D:\Developers\SourceCodes\GitHub\SpringProjects\SpringCloud\run_jar\spring-boot\spring-boot-admin\jar\spring-boot-admin_client-0.0.1-SNAPSHOT.jar\BOOT-INF\lib\jackson-databind-2.9.6.jar, project-references: [  ]</system-err></testcase><testcase classname="CVE-2020-35490" name="pkg:maven/com.fasterxml.jackson.core/jackson-databind@2.9.6"><failure message="cvssV3: HIGH, score: 8.1 (CVSS:3.1/AV:N/AC:H/PR:N/UI:N/S:U/C:H/I:H/A:H/E:2.2/RC:R/MAV:A)"/><system-out>FasterXML jackson-databind 2.x before 2.9.10.8 mishandles the interaction between serialization gadgets and typing, related to org.apache.commons.dbcp2.datasources.PerUserPoolDataSource.</system-out><system-err>location: D:\Developers\SourceCodes\GitHub\SpringProjects\SpringCloud\run_jar\spring-boot\spring-boot-admin\jar\spring-boot-admin_client-0.0.1-SNAPSHOT.jar\BOOT-INF\lib\jackson-databind-2.9.6.jar, project-references: [  ]</system-err></testcase><testcase classname="CVE-2020-35491" name="pkg:maven/com.fasterxml.jackson.core/jackson-databind@2.9.6"><failure message="cvssV3: HIGH, score: 8.1 (CVSS:3.1/AV:N/AC:H/PR:N/UI:N/S:U/C:H/I:H/A:H/E:2.2/RC:R/MAV:A)"/><system-out>FasterXML jackson-databind 2.x before 2.9.10.8 mishandles the interaction between serialization gadgets and typing, related to org.apache.commons.dbcp2.datasources.SharedPoolDataSource.</system-out><system-err>location: D:\Developers\SourceCodes\GitHub\SpringProjects\SpringCloud\run_jar\spring-boot\spring-boot-admin\jar\spring-boot-admin_client-0.0.1-SNAPSHOT.jar\BOOT-INF\lib\jackson-databind-2.9.6.jar, project-references: [  ]</system-err></testcase><testcase classname="CVE-2020-35728" name="pkg:maven/com.fasterxml.jackson.core/jackson-databind@2.9.6"><failure message="cvssV3: HIGH, score: 8.1 (CVSS:3.1/AV:N/AC:H/PR:N/UI:N/S:U/C:H/I:H/A:H/E:2.2/RC:R/MAV:A)"/><system-out>FasterXML jackson-databind 2.x before 2.9.10.8 mishandles the interaction between serialization gadgets and typing, related to com.oracle.wls.shaded.org.apache.xalan.lib.sql.JNDIConnectionPool (aka embedded Xalan in org.glassfish.web/javax.servlet.jsp.jstl).</system-out><system-err>location: D:\Developers\SourceCodes\GitHub\SpringProjects\SpringCloud\run_jar\spring-boot\spring-boot-admin\jar\spring-boot-admin_client-0.0.1-SNAPSHOT.jar\BOOT-INF\lib\jackson-databind-2.9.6.jar, project-references: [  ]</system-err></testcase><testcase classname="CVE-2020-36179" name="pkg:maven/com.fasterxml.jackson.core/jackson-databind@2.9.6"><failure message="cvssV3: HIGH, score: 8.1 (CVSS:3.1/AV:N/AC:H/PR:N/UI:N/S:U/C:H/I:H/A:H/E:2.2/RC:R/MAV:A)"/><system-out>FasterXML jackson-databind 2.x before 2.9.10.8 mishandles the interaction between serialization gadgets and typing, related to oadd.org.apache.commons.dbcp.cpdsadapter.DriverAdapterCPDS.</system-out><system-err>location: D:\Developers\SourceCodes\GitHub\SpringProjects\SpringCloud\run_jar\spring-boot\spring-boot-admin\jar\spring-boot-admin_client-0.0.1-SNAPSHOT.jar\BOOT-INF\lib\jackson-databind-2.9.6.jar, project-references: [  ]</system-err></testcase><testcase classname="CVE-2020-36180" name="pkg:maven/com.fasterxml.jackson.core/jackson-databind@2.9.6"><failure message="cvssV3: HIGH, score: 8.1 (CVSS:3.1/AV:N/AC:H/PR:N/UI:N/S:U/C:H/I:H/A:H/E:2.2/RC:R/MAV:A)"/><system-out>FasterXML jackson-databind 2.x before 2.9.10.8 mishandles the interaction between serialization gadgets and typing, related to org.apache.commons.dbcp2.cpdsadapter.DriverAdapterCPDS.</system-out><system-err>location: D:\Developers\SourceCodes\GitHub\SpringProjects\SpringCloud\run_jar\spring-boot\spring-boot-admin\jar\spring-boot-admin_client-0.0.1-SNAPSHOT.jar\BOOT-INF\lib\jackson-databind-2.9.6.jar, project-references: [  ]</system-err></testcase><testcase classname="CVE-2020-36181" name="pkg:maven/com.fasterxml.jackson.core/jackson-databind@2.9.6"><failure message="cvssV3: HIGH, score: 8.1 (CVSS:3.1/AV:N/AC:H/PR:N/UI:N/S:U/C:H/I:H/A:H/E:2.2/RC:R/MAV:A)"/><system-out>FasterXML jackson-databind 2.x before 2.9.10.8 mishandles the interaction between serialization gadgets and typing, related to org.apache.tomcat.dbcp.dbcp.cpdsadapter.DriverAdapterCPDS.</system-out><system-err>location: D:\Developers\SourceCodes\GitHub\SpringProjects\SpringCloud\run_jar\spring-boot\spring-boot-admin\jar\spring-boot-admin_client-0.0.1-SNAPSHOT.jar\BOOT-INF\lib\jackson-databind-2.9.6.jar, project-references: [  ]</system-err></testcase><testcase classname="CVE-2020-36182" name="pkg:maven/com.fasterxml.jackson.core/jackson-databind@2.9.6"><failure message="cvssV3: HIGH, score: 8.1 (CVSS:3.1/AV:N/AC:H/PR:N/UI:N/S:U/C:H/I:H/A:H/E:2.2/RC:R/MAV:A)"/><system-out>FasterXML jackson-databind 2.x before 2.9.10.8 mishandles the interaction between serialization gadgets and typing, related to org.apache.tomcat.dbcp.dbcp2.cpdsadapter.DriverAdapterCPDS.</system-out><system-err>location: D:\Developers\SourceCodes\GitHub\SpringProjects\SpringCloud\run_jar\spring-boot\spring-boot-admin\jar\spring-boot-admin_client-0.0.1-SNAPSHOT.jar\BOOT-INF\lib\jackson-databind-2.9.6.jar, project-references: [  ]</system-err></testcase><testcase classname="CVE-2020-36183" name="pkg:maven/com.fasterxml.jackson.core/jackson-databind@2.9.6"><failure message="cvssV3: HIGH, score: 8.1 (CVSS:3.1/AV:N/AC:H/PR:N/UI:N/S:U/C:H/I:H/A:H/E:2.2/RC:R/MAV:A)"/><system-out>FasterXML jackson-databind 2.x before 2.9.10.8 mishandles the interaction between serialization gadgets and typing, related to org.docx4j.org.apache.xalan.lib.sql.JNDIConnectionPool.</system-out><system-err>location: D:\Developers\SourceCodes\GitHub\SpringProjects\SpringCloud\run_jar\spring-boot\spring-boot-admin\jar\spring-boot-admin_client-0.0.1-SNAPSHOT.jar\BOOT-INF\lib\jackson-databind-2.9.6.jar, project-references: [  ]</system-err></testcase><testcase classname="CVE-2020-36184" name="pkg:maven/com.fasterxml.jackson.core/jackson-databind@2.9.6"><failure message="cvssV3: HIGH, score: 8.1 (CVSS:3.1/AV:N/AC:H/PR:N/UI:N/S:U/C:H/I:H/A:H/E:2.2/RC:R/MAV:A)"/><system-out>FasterXML jackson-databind 2.x before 2.9.10.8 mishandles the interaction between serialization gadgets and typing, related to org.apache.tomcat.dbcp.dbcp2.datasources.PerUserPoolDataSource.</system-out><system-err>location: D:\Developers\SourceCodes\GitHub\SpringProjects\SpringCloud\run_jar\spring-boot\spring-boot-admin\jar\spring-boot-admin_client-0.0.1-SNAPSHOT.jar\BOOT-INF\lib\jackson-databind-2.9.6.jar, project-references: [  ]</system-err></testcase><testcase classname="CVE-2020-36185" name="pkg:maven/com.fasterxml.jackson.core/jackson-databind@2.9.6"><failure message="cvssV3: HIGH, score: 8.1 (CVSS:3.1/AV:N/AC:H/PR:N/UI:N/S:U/C:H/I:H/A:H/E:2.2/RC:R/MAV:A)"/><system-out>FasterXML jackson-databind 2.x before 2.9.10.8 mishandles the interaction between serialization gadgets and typing, related to org.apache.tomcat.dbcp.dbcp2.datasources.SharedPoolDataSource.</system-out><system-err>location: D:\Developers\SourceCodes\GitHub\SpringProjects\SpringCloud\run_jar\spring-boot\spring-boot-admin\jar\spring-boot-admin_client-0.0.1-SNAPSHOT.jar\BOOT-INF\lib\jackson-databind-2.9.6.jar, project-references: [  ]</system-err></testcase><testcase classname="CVE-2020-36186" name="pkg:maven/com.fasterxml.jackson.core/jackson-databind@2.9.6"><failure message="cvssV3: HIGH, score: 8.1 (CVSS:3.1/AV:N/AC:H/PR:N/UI:N/S:U/C:H/I:H/A:H/E:2.2/RC:R/MAV:A)"/><system-out>FasterXML jackson-databind 2.x before 2.9.10.8 mishandles the interaction between serialization gadgets and typing, related to org.apache.tomcat.dbcp.dbcp.datasources.PerUserPoolDataSource.</system-out><system-err>location: D:\Developers\SourceCodes\GitHub\SpringProjects\SpringCloud\run_jar\spring-boot\spring-boot-admin\jar\spring-boot-admin_client-0.0.1-SNAPSHOT.jar\BOOT-INF\lib\jackson-databind-2.9.6.jar, project-references: [  ]</system-err></testcase><testcase classname="CVE-2020-36187" name="pkg:maven/com.fasterxml.jackson.core/jackson-databind@2.9.6"><failure message="cvssV3: HIGH, score: 8.1 (CVSS:3.1/AV:N/AC:H/PR:N/UI:N/S:U/C:H/I:H/A:H/E:2.2/RC:R/MAV:A)"/><system-out>FasterXML jackson-databind 2.x before 2.9.10.8 mishandles the interaction between serialization gadgets and typing, related to org.apache.tomcat.dbcp.dbcp.datasources.SharedPoolDataSource.</system-out><system-err>location: D:\Developers\SourceCodes\GitHub\SpringProjects\SpringCloud\run_jar\spring-boot\spring-boot-admin\jar\spring-boot-admin_client-0.0.1-SNAPSHOT.jar\BOOT-INF\lib\jackson-databind-2.9.6.jar, project-references: [  ]</system-err></testcase><testcase classname="CVE-2020-36188" name="pkg:maven/com.fasterxml.jackson.core/jackson-databind@2.9.6"><failure message="cvssV3: HIGH, score: 8.1 (CVSS:3.1/AV:N/AC:H/PR:N/UI:N/S:U/C:H/I:H/A:H/E:2.2/RC:R/MAV:A)"/><system-out>FasterXML jackson-databind 2.x before 2.9.10.8 mishandles the interaction between serialization gadgets and typing, related to com.newrelic.agent.deps.ch.qos.logback.core.db.JNDIConnectionSource.</system-out><system-err>location: D:\Developers\SourceCodes\GitHub\SpringProjects\SpringCloud\run_jar\spring-boot\spring-boot-admin\jar\spring-boot-admin_client-0.0.1-SNAPSHOT.jar\BOOT-INF\lib\jackson-databind-2.9.6.jar, project-references: [  ]</system-err></testcase><testcase classname="CVE-2020-36189" name="pkg:maven/com.fasterxml.jackson.core/jackson-databind@2.9.6"><failure message="cvssV3: HIGH, score: 8.1 (CVSS:3.1/AV:N/AC:H/PR:N/UI:N/S:U/C:H/I:H/A:H/E:2.2/RC:R/MAV:A)"/><system-out>FasterXML jackson-databind 2.x before 2.9.10.8 mishandles the interaction between serialization gadgets and typing, related to com.newrelic.agent.deps.ch.qos.logback.core.db.DriverManagerConnectionSource.</system-out><system-err>location: D:\Developers\SourceCodes\GitHub\SpringProjects\SpringCloud\run_jar\spring-boot\spring-boot-admin\jar\spring-boot-admin_client-0.0.1-SNAPSHOT.jar\BOOT-INF\lib\jackson-databind-2.9.6.jar, project-references: [  ]</system-err></testcase><testcase classname="CVE-2021-20190" name="pkg:maven/com.fasterxml.jackson.core/jackson-databind@2.9.6"><failure message="cvssV3: HIGH, score: 8.1 (CVSS:3.1/AV:N/AC:H/PR:N/UI:N/S:U/C:H/I:H/A:H/E:2.2/RC:R/MAV:A)"/><system-out>A flaw was found in jackson-databind before 2.9.10.7. FasterXML mishandles the interaction between serialization gadgets and typing. The highest threat from this vulnerability is to data confidentiality and integrity as well as system availability.</system-out><system-err>location: D:\Developers\SourceCodes\GitHub\SpringProjects\SpringCloud\run_jar\spring-boot\spring-boot-admin\jar\spring-boot-admin_client-0.0.1-SNAPSHOT.jar\BOOT-INF\lib\jackson-databind-2.9.6.jar, project-references: [  ]</system-err></testcase><testcase classname="CVE-2019-12086" name="pkg:maven/com.fasterxml.jackson.core/jackson-databind@2.9.6"><failure message="cvssV3: HIGH, score: 7.5 (CVSS:3.1/AV:N/AC:L/PR:N/UI:N/S:U/C:H/I:N/A:N/E:3.9/RC:R/MAV:A)"/><system-out>A Polymorphic Typing issue was discovered in FasterXML jackson-databind 2.x before 2.9.9. When Default Typing is enabled (either globally or for a specific property) for an externally exposed JSON endpoint, the service has the mysql-connector-java jar (8.0.14 or earlier) in the classpath, and an attacker can host a crafted MySQL server reachable by the victim, an attacker can send a crafted JSON message that allows them to read arbitrary local files on the server. This occurs because of missing com.mysql.cj.jdbc.admin.MiniAdmin validation.</system-out><system-err>location: D:\Developers\SourceCodes\GitHub\SpringProjects\SpringCloud\run_jar\spring-boot\spring-boot-admin\jar\spring-boot-admin_client-0.0.1-SNAPSHOT.jar\BOOT-INF\lib\jackson-databind-2.9.6.jar, project-references: [  ]</system-err></testcase><testcase classname="CVE-2019-14439" name="pkg:maven/com.fasterxml.jackson.core/jackson-databind@2.9.6"><failure message="cvssV3: HIGH, score: 7.5 (CVSS:3.1/AV:N/AC:L/PR:N/UI:N/S:U/C:H/I:N/A:N/E:3.9/RC:R/MAV:A)"/><system-out>A Polymorphic Typing issue was discovered in FasterXML jackson-databind 2.x before 2.9.9.2. This occurs when Default Typing is enabled (either globally or for a specific property) for an externally exposed JSON endpoint and the service has the logback jar in the classpath.</system-out><system-err>location: D:\Developers\SourceCodes\GitHub\SpringProjects\SpringCloud\run_jar\spring-boot\spring-boot-admin\jar\spring-boot-admin_client-0.0.1-SNAPSHOT.jar\BOOT-INF\lib\jackson-databind-2.9.6.jar, project-references: [  ]</system-err></testcase><testcase classname="CVE-2020-25649" name="pkg:maven/com.fasterxml.jackson.core/jackson-databind@2.9.6"><failure message="cvssV3: HIGH, score: 7.5 (CVSS:3.1/AV:N/AC:L/PR:N/UI:N/S:U/C:N/I:H/A:N/E:3.9/RC:R/MAV:A)"/><system-out>A flaw was found in FasterXML Jackson Databind, where it did not have entity expansion secured properly. This flaw allows vulnerability to XML external entity (XXE) attacks. The highest threat from this vulnerability is data integrity.</system-out><system-err>location: D:\Developers\SourceCodes\GitHub\SpringProjects\SpringCloud\run_jar\spring-boot\spring-boot-admin\jar\spring-boot-admin_client-0.0.1-SNAPSHOT.jar\BOOT-INF\lib\jackson-databind-2.9.6.jar, project-references: [  ]</system-err></testcase><testcase classname="CVE-2020-36518" name="pkg:maven/com.fasterxml.jackson.core/jackson-databind@2.9.6"><failure message="cvssV3: HIGH, score: 7.5 (CVSS:3.1/AV:N/AC:L/PR:N/UI:N/S:U/C:N/I:N/A:H/E:3.9/RC:R/MAV:A)"/><system-out>jackson-databind before 2.13.0 allows a Java StackOverflow exception and denial of service via a large depth of nested objects.</system-out><system-err>location: D:\Developers\SourceCodes\GitHub\SpringProjects\SpringCloud\run_jar\spring-boot\spring-boot-admin\jar\spring-boot-admin_client-0.0.1-SNAPSHOT.jar\BOOT-INF\lib\jackson-databind-2.9.6.jar, project-references: [  ]</system-err></testcase><testcase classname="CVE-2022-42003" name="pkg:maven/com.fasterxml.jackson.core/jackson-databind@2.9.6"><failure message="cvssV3: HIGH, score: 7.5 (CVSS:3.1/AV:N/AC:L/PR:N/UI:N/S:U/C:N/I:N/A:H/E:3.9/RC:R/MAV:A)"/><system-out>In FasterXML jackson-databind before versions 2.13.4.1 and 2.12.17.1, resource exhaustion can occur because of a lack of a check in primitive value deserializers to avoid deep wrapper array nesting, when the UNWRAP_SINGLE_VALUE_ARRAYS feature is enabled.</system-out><system-err>location: D:\Developers\SourceCodes\GitHub\SpringProjects\SpringCloud\run_jar\spring-boot\spring-boot-admin\jar\spring-boot-admin_client-0.0.1-SNAPSHOT.jar\BOOT-INF\lib\jackson-databind-2.9.6.jar, project-references: [  ]</system-err></testcase><testcase classname="CVE-2022-42004" name="pkg:maven/com.fasterxml.jackson.core/jackson-databind@2.9.6"><failure message="cvssV3: HIGH, score: 7.5 (CVSS:3.1/AV:N/AC:L/PR:N/UI:N/S:U/C:N/I:N/A:H/E:3.9/RC:R/MAV:A)"/><system-out>In FasterXML jackson-databind before 2.13.4, resource exhaustion can occur because of a lack of a check in BeanDeserializer._deserializeFromArray to prevent use of deeply nested arrays. An application is vulnerable only with certain customized choices for deserialization.</system-out><system-err>location: D:\Developers\SourceCodes\GitHub\SpringProjects\SpringCloud\run_jar\spring-boot\spring-boot-admin\jar\spring-boot-admin_client-0.0.1-SNAPSHOT.jar\BOOT-INF\lib\jackson-databind-2.9.6.jar, project-references: [  ]</system-err></testcase><testcase classname="CVE-2018-1000873" name="pkg:maven/com.fasterxml.jackson.core/jackson-databind@2.9.6"><failure message="cvssV3: MEDIUM, score: 6.5 (CVSS:3.1/AV:N/AC:L/PR:N/UI:R/S:U/C:N/I:N/A:H/E:2.8/RC:R/MAV:A)"/><system-out>Fasterxml Jackson version Before 2.9.8 contains a CWE-20: Improper Input Validation vulnerability in Jackson-Modules-Java8 that can result in Causes a denial-of-service (DoS). This attack appear to be exploitable via The victim deserializes malicious input, specifically very large values in the nanoseconds field of a time value. This vulnerability appears to have been fixed in 2.9.8.</system-out><system-err>location: D:\Developers\SourceCodes\GitHub\SpringProjects\SpringCloud\run_jar\spring-boot\spring-boot-admin\jar\spring-boot-admin_client-0.0.1-SNAPSHOT.jar\BOOT-INF\lib\jackson-databind-2.9.6.jar, project-references: [  ]</system-err></testcase><testcase classname="CVE-2019-12384" name="pkg:maven/com.fasterxml.jackson.core/jackson-databind@2.9.6"><failure message="cvssV3: MEDIUM, score: 5.9 (CVSS:3.1/AV:N/AC:H/PR:N/UI:N/S:U/C:H/I:N/A:N/E:2.2/RC:R/MAV:A)"/><system-out>FasterXML jackson-databind 2.x before 2.9.9.1 might allow attackers to have a variety of impacts by leveraging failure to block the logback-core class from polymorphic deserialization. Depending on the classpath content, remote code execution may be possible.</system-out><system-err>location: D:\Developers\SourceCodes\GitHub\SpringProjects\SpringCloud\run_jar\spring-boot\spring-boot-admin\jar\spring-boot-admin_client-0.0.1-SNAPSHOT.jar\BOOT-INF\lib\jackson-databind-2.9.6.jar, project-references: [  ]</system-err></testcase><testcase classname="CVE-2019-12814" name="pkg:maven/com.fasterxml.jackson.core/jackson-databind@2.9.6"><failure message="cvssV3: MEDIUM, score: 5.9 (CVSS:3.1/AV:N/AC:H/PR:N/UI:N/S:U/C:H/I:N/A:N/E:2.2/RC:R/MAV:A)"/><system-out>A Polymorphic Typing issue was discovered in FasterXML jackson-databind 2.x through 2.9.9. When Default Typing is enabled (either globally or for a specific property) for an externally exposed JSON endpoint and the service has JDOM 1.x or 2.x jar in the classpath, an attacker can send a specifically crafted JSON message that allows them to read arbitrary local files on the server.</system-out><system-err>location: D:\Developers\SourceCodes\GitHub\SpringProjects\SpringCloud\run_jar\spring-boot\spring-boot-admin\jar\spring-boot-admin_client-0.0.1-SNAPSHOT.jar\BOOT-INF\lib\jackson-databind-2.9.6.jar, project-references: [  ]</system-err></testcase><testcase classname="CVE-2023-35116" name="pkg:maven/com.fasterxml.jackson.core/jackson-databind@2.9.6"><failure message="cvssV3: MEDIUM, score: 4.7 (CVSS:3.1/AV:L/AC:H/PR:L/UI:N/S:U/C:N/I:N/A:H/E:1.0/RC:R/MAV:A)"/><system-out>jackson-databind through 2.15.2 allows attackers to cause a denial of service or other unspecified impact via a crafted object that uses cyclic dependencies. NOTE: the vendor&apos;s perspective is that this is not a valid vulnerability report, because the steps of constructing a cyclic data structure and trying to serialize it cannot be achieved by an external attacker.</system-out><system-err>location: D:\Developers\SourceCodes\GitHub\SpringProjects\SpringCloud\run_jar\spring-boot\spring-boot-admin\jar\spring-boot-admin_client-0.0.1-SNAPSHOT.jar\BOOT-INF\lib\jackson-databind-2.9.6.jar, project-references: [  ]</system-err></testcase></testsuite><testsuite failures="0" errors="0" time="0" id="16" name="D:\Developers\SourceCodes\GitHub\SpringProjects\SpringCloud\run_jar\spring-boot\spring-boot-admin\jar\spring-boot-admin_client-0.0.1-SNAPSHOT.jar\BOOT-INF\lib\javax.annotation-api-1.3.2.jar" package="spring-boot-admin_client-0.0.1-SNAPSHOT.jar: javax.annotation-api-1.3.2.jar" skipped="0" tests="1" timestamp="2024-01-18T23:20:01.6507407"><testcase classname="dependency-check" name="spring-boot-admin_client-0.0.1-SNAPSHOT.jar: javax.annotation-api-1.3.2.jar"/></testsuite><testsuite failures="0" errors="0" time="0" id="17" name="D:\Developers\SourceCodes\GitHub\SpringProjects\SpringCloud\run_jar\spring-boot\spring-boot-admin\jar\spring-boot-admin_client-0.0.1-SNAPSHOT.jar\BOOT-INF\lib\jboss-logging-3.3.2.Final.jar" package="spring-boot-admin_client-0.0.1-SNAPSHOT.jar: jboss-logging-3.3.2.Final.jar" skipped="0" tests="1" timestamp="2024-01-18T23:20:01.6507407"><testcase classname="dependency-check" name="spring-boot-admin_client-0.0.1-SNAPSHOT.jar: jboss-logging-3.3.2.Final.jar"/></testsuite><testsuite failures="1" errors="0" time="0" id="18" name="D:\Developers\SourceCodes\GitHub\SpringProjects\SpringCloud\run_jar\spring-boot\spring-boot-admin\jar\spring-boot-admin_client-0.0.1-SNAPSHOT.jar\BOOT-INF\lib\jolokia-core-1.5.0.jar" package="spring-boot-admin_client-0.0.1-SNAPSHOT.jar: jolokia-core-1.5.0.jar" skipped="0" tests="1" timestamp="2024-01-18T23:20:01.6507407"><testcase classname="CVE-2018-10899" name="pkg:maven/org.jolokia/jolokia-core@1.5.0"><failure message="cvssV3: HIGH, score: 8.8 (CVSS:3.0/AV:N/AC:L/PR:N/UI:R/S:U/C:H/I:H/A:H/E:2.8/RC:R/MAV:A)"/><system-out>A flaw was found in Jolokia versions from 1.2 to before 1.6.1. Affected versions are vulnerable to a system-wide CSRF. This holds true for properly configured instances with strict checking for origin and referrer headers. This could result in a Remote Code Execution attack.</system-out><system-err>location: D:\Developers\SourceCodes\GitHub\SpringProjects\SpringCloud\run_jar\spring-boot\spring-boot-admin\jar\spring-boot-admin_client-0.0.1-SNAPSHOT.jar\BOOT-INF\lib\jolokia-core-1.5.0.jar, project-references: [  ]</system-err></testcase></testsuite><testsuite failures="1" errors="0" time="0" id="19" name="D:\Developers\SourceCodes\GitHub\SpringProjects\SpringCloud\run_jar\spring-boot\spring-boot-admin\jar\spring-boot-admin_client-0.0.1-SNAPSHOT.jar\BOOT-INF\lib\json-path-2.4.0.jar" package="spring-boot-admin_client-0.0.1-SNAPSHOT.jar: json-path-2.4.0.jar" skipped="0" tests="1" timestamp="2024-01-18T23:20:01.6507407"><testcase classname="CVE-2023-51074" name="pkg:maven/com.jayway.jsonpath/json-path@2.4.0"><failure message="cvssV3: MEDIUM, score: 5.300000190734863 (CVSS:3.1/AV:N/AC:L/PR:N/UI:N/S:U/C:N/I:N/A:L)"/><system-out>json-path v2.8.0 was discovered to contain a stack overflow via the Criteria.parse() method.</system-out><system-err>location: D:\Developers\SourceCodes\GitHub\SpringProjects\SpringCloud\run_jar\spring-boot\spring-boot-admin\jar\spring-boot-admin_client-0.0.1-SNAPSHOT.jar\BOOT-INF\lib\json-path-2.4.0.jar, project-references: [  ]</system-err></testcase></testsuite><testsuite failures="0" errors="0" time="0" id="20" name="D:\Developers\SourceCodes\GitHub\SpringProjects\SpringCloud\run_jar\spring-boot\spring-boot-admin\jar\spring-boot-admin_client-0.0.1-SNAPSHOT.jar\BOOT-INF\lib\json-simple-1.1.1.jar" package="spring-boot-admin_client-0.0.1-SNAPSHOT.jar: json-simple-1.1.1.jar" skipped="0" tests="1" timestamp="2024-01-18T23:20:01.6507407"><testcase classname="dependency-check" name="spring-boot-admin_client-0.0.1-SNAPSHOT.jar: json-simple-1.1.1.jar"/></testsuite><testsuite failures="3" errors="0" time="0" id="21" name="D:\Developers\SourceCodes\GitHub\SpringProjects\SpringCloud\run_jar\spring-boot\spring-boot-admin\jar\spring-boot-admin_client-0.0.1-SNAPSHOT.jar\BOOT-INF\lib\json-smart-2.3.jar" package="spring-boot-admin_client-0.0.1-SNAPSHOT.jar: json-smart-2.3.jar" skipped="0" tests="3" timestamp="2024-01-18T23:20:01.6507407"><testcase classname="CVE-2021-31684" name="pkg:maven/net.minidev/json-smart@2.3"><failure message="cvssV3: HIGH, score: 7.5 (CVSS:3.1/AV:N/AC:L/PR:N/UI:N/S:U/C:N/I:N/A:H)"/><system-out>A vulnerability was discovered in the indexOf function of JSONParserByteArray in JSON Smart versions 1.3 and 2.4 which causes a denial of service (DOS) via a crafted web request.</system-out><system-err>location: D:\Developers\SourceCodes\GitHub\SpringProjects\SpringCloud\run_jar\spring-boot\spring-boot-admin\jar\spring-boot-admin_client-0.0.1-SNAPSHOT.jar\BOOT-INF\lib\json-smart-2.3.jar, project-references: [  ]</system-err></testcase><testcase classname="CVE-2023-1370" name="pkg:maven/net.minidev/json-smart@2.3"><failure message="cvssV3: HIGH, score: 7.5 (CVSS:3.1/AV:N/AC:L/PR:N/UI:N/S:U/C:N/I:N/A:H)"/><system-out>[Json-smart](https://netplex.github.io/json-smart/) is a performance focused, JSON processor lib.

When reaching a ��� or ��� character in the JSON input, the code parses an array or an object respectively.

It was discovered that the code does not have any limit to the nesting of such arrays or objects. Since the parsing of nested arrays and objects is done recursively, nesting too many of them can cause a stack exhaustion (stack overflow) and crash the software.

</system-out><system-err>location: D:\Developers\SourceCodes\GitHub\SpringProjects\SpringCloud\run_jar\spring-boot\spring-boot-admin\jar\spring-boot-admin_client-0.0.1-SNAPSHOT.jar\BOOT-INF\lib\json-smart-2.3.jar, project-references: [  ]</system-err></testcase><testcase classname="CVE-2021-27568" name="pkg:maven/net.minidev/json-smart@2.3"><failure message="cvssV3: MEDIUM, score: 5.9 (CVSS:3.1/AV:N/AC:H/PR:N/UI:N/S:U/C:N/I:N/A:H/E:2.2/RC:R/MAV:A)"/><system-out>An issue was discovered in netplex json-smart-v1 through 2015-10-23 and json-smart-v2 through 2.4. An exception is thrown from a function, but it is not caught, as demonstrated by NumberFormatException. When it is not caught, it may cause programs using the library to crash or expose sensitive information.</system-out><system-err>location: D:\Developers\SourceCodes\GitHub\SpringProjects\SpringCloud\run_jar\spring-boot\spring-boot-admin\jar\spring-boot-admin_client-0.0.1-SNAPSHOT.jar\BOOT-INF\lib\json-smart-2.3.jar, project-references: [  ]</system-err></testcase></testsuite><testsuite failures="0" errors="0" time="0" id="22" name="D:\Developers\SourceCodes\GitHub\SpringProjects\SpringCloud\run_jar\spring-boot\spring-boot-admin\jar\spring-boot-admin_client-0.0.1-SNAPSHOT.jar\BOOT-INF\lib\jsonassert-1.5.0.jar" package="spring-boot-admin_client-0.0.1-SNAPSHOT.jar: jsonassert-1.5.0.jar" skipped="0" tests="1" timestamp="2024-01-18T23:20:01.6507407"><testcase classname="dependency-check" name="spring-boot-admin_client-0.0.1-SNAPSHOT.jar: jsonassert-1.5.0.jar"/></testsuite><testsuite failures="0" errors="0" time="0" id="23" name="D:\Developers\SourceCodes\GitHub\SpringProjects\SpringCloud\run_jar\spring-boot\spring-boot-admin\jar\spring-boot-admin_client-0.0.1-SNAPSHOT.jar\BOOT-INF\lib\jul-to-slf4j-1.7.25.jar" package="spring-boot-admin_client-0.0.1-SNAPSHOT.jar: jul-to-slf4j-1.7.25.jar" skipped="0" tests="1" timestamp="2024-01-18T23:20:01.6507407"><testcase classname="dependency-check" name="spring-boot-admin_client-0.0.1-SNAPSHOT.jar: jul-to-slf4j-1.7.25.jar"/></testsuite><testsuite failures="1" errors="0" time="0" id="24" name="D:\Developers\SourceCodes\GitHub\SpringProjects\SpringCloud\run_jar\spring-boot\spring-boot-admin\jar\spring-boot-admin_client-0.0.1-SNAPSHOT.jar\BOOT-INF\lib\junit-4.12.jar" package="spring-boot-admin_client-0.0.1-SNAPSHOT.jar: junit-4.12.jar" skipped="0" tests="1" timestamp="2024-01-18T23:20:01.6507407"><testcase classname="CVE-2020-15250" name="pkg:maven/junit/junit@4.12"><failure message="cvssV3: MEDIUM, score: 5.5 (CVSS:3.1/AV:L/AC:L/PR:N/UI:R/S:U/C:H/I:N/A:N/E:1.8/RC:R/MAV:A)"/><system-out>In JUnit4 from version 4.7 and before 4.13.1, the test rule TemporaryFolder contains a local information disclosure vulnerability. On Unix like systems, the system&apos;s temporary directory is shared between all users on that system. Because of this, when files and directories are written into this directory they are, by default, readable by other users on that same system. This vulnerability does not allow other users to overwrite the contents of these directories or files. This is purely an information disclosure vulnerability. This vulnerability impacts you if the JUnit tests write sensitive information, like API keys or passwords, into the temporary folder, and the JUnit tests execute in an environment where the OS has other untrusted users. Because certain JDK file system APIs were only added in JDK 1.7, this this fix is dependent upon the version of the JDK you are using. For Java 1.7 and higher users: this vulnerability is fixed in 4.13.1. For Java 1.6 and lower users: no patch is available, you must use the workaround below. If you are unable to patch, or are stuck running on Java 1.6, specifying the `java.io.tmpdir` system environment variable to a directory that is exclusively owned by the executing user will fix this vulnerability. For more information, including an example of vulnerable code, see the referenced GitHub Security Advisory.</system-out><system-err>location: D:\Developers\SourceCodes\GitHub\SpringProjects\SpringCloud\run_jar\spring-boot\spring-boot-admin\jar\spring-boot-admin_client-0.0.1-SNAPSHOT.jar\BOOT-INF\lib\junit-4.12.jar, project-references: [  ]</system-err></testcase></testsuite><testsuite failures="1" errors="0" time="0" id="25" name="D:\Developers\SourceCodes\GitHub\SpringProjects\SpringCloud\run_jar\spring-boot\spring-boot-admin\jar\spring-boot-admin_client-0.0.1-SNAPSHOT.jar\BOOT-INF\lib\log4j-api-2.10.0.jar" package="spring-boot-admin_client-0.0.1-SNAPSHOT.jar: log4j-api-2.10.0.jar" skipped="0" tests="1" timestamp="2024-01-18T23:20:01.6507407"><testcase classname="CVE-2020-9488" name="pkg:maven/org.apache.logging.log4j/log4j-api@2.10.0"><failure message="cvssV3: LOW, score: 3.7 (CVSS:3.1/AV:N/AC:H/PR:N/UI:N/S:U/C:L/I:N/A:N/E:2.2/RC:R/MAV:A)"/><system-out>Improper validation of certificate with host mismatch in Apache Log4j SMTP appender. This could allow an SMTPS connection to be intercepted by a man-in-the-middle attack which could leak any log messages sent through that appender. Fixed in Apache Log4j 2.12.3 and 2.13.1</system-out><system-err>location: D:\Developers\SourceCodes\GitHub\SpringProjects\SpringCloud\run_jar\spring-boot\spring-boot-admin\jar\spring-boot-admin_client-0.0.1-SNAPSHOT.jar\BOOT-INF\lib\log4j-api-2.10.0.jar, project-references: [  ]</system-err></testcase></testsuite><testsuite failures="0" errors="0" time="0" id="26" name="D:\Developers\SourceCodes\GitHub\SpringProjects\SpringCloud\run_jar\spring-boot\spring-boot-admin\jar\spring-boot-admin_client-0.0.1-SNAPSHOT.jar\BOOT-INF\lib\log4j-to-slf4j-2.10.0.jar" package="spring-boot-admin_client-0.0.1-SNAPSHOT.jar: log4j-to-slf4j-2.10.0.jar" skipped="0" tests="1" timestamp="2024-01-18T23:20:01.6507407"><testcase classname="dependency-check" name="spring-boot-admin_client-0.0.1-SNAPSHOT.jar: log4j-to-slf4j-2.10.0.jar"/></testsuite><testsuite failures="2" errors="0" time="0" id="27" name="D:\Developers\SourceCodes\GitHub\SpringProjects\SpringCloud\run_jar\spring-boot\spring-boot-admin\jar\spring-boot-admin_client-0.0.1-SNAPSHOT.jar\BOOT-INF\lib\logback-core-1.2.3.jar" package="spring-boot-admin_client-0.0.1-SNAPSHOT.jar: logback-core-1.2.3.jar" skipped="0" tests="2" timestamp="2024-01-18T23:20:01.6507407"><testcase classname="CVE-2023-6378" name="pkg:maven/ch.qos.logback/logback-core@1.2.3"><failure message="cvssV3: HIGH, score: 7.5 (CVSS:3.1/AV:N/AC:L/PR:N/UI:N/S:U/C:N/I:N/A:H/E:3.9/RC:R/MAV:A)"/><system-out>A serialization vulnerability in logback receiver component part of 
logback version 1.4.11 allows an attacker to mount a Denial-Of-Service 
attack by sending poisoned data.

</system-out><system-err>location: D:\Developers\SourceCodes\GitHub\SpringProjects\SpringCloud\run_jar\spring-boot\spring-boot-admin\jar\spring-boot-admin_client-0.0.1-SNAPSHOT.jar\BOOT-INF\lib\logback-core-1.2.3.jar, project-references: [  ]</system-err></testcase><testcase classname="CVE-2021-42550" name="pkg:maven/ch.qos.logback/logback-core@1.2.3"><failure message="cvssV3: MEDIUM, score: 6.6 (CVSS:3.1/AV:N/AC:H/PR:H/UI:N/S:U/C:H/I:H/A:H/E:0.7/RC:R/MAV:A)"/><system-out>In logback version 1.2.7 and prior versions, an attacker with the required privileges to edit configurations files could craft a malicious configuration allowing to execute arbitrary code loaded from LDAP servers.</system-out><system-err>location: D:\Developers\SourceCodes\GitHub\SpringProjects\SpringCloud\run_jar\spring-boot\spring-boot-admin\jar\spring-boot-admin_client-0.0.1-SNAPSHOT.jar\BOOT-INF\lib\logback-core-1.2.3.jar, project-references: [  ]</system-err></testcase></testsuite><testsuite failures="0" errors="0" time="0" id="28" name="D:\Developers\SourceCodes\GitHub\SpringProjects\SpringCloud\run_jar\spring-boot\spring-boot-admin\jar\spring-boot-admin_client-0.0.1-SNAPSHOT.jar\BOOT-INF\lib\micrometer-core-1.0.5.jar\META-INF/maven/org.pcollections/pcollections/pom.xml" package="spring-boot-admin_client-0.0.1-SNAPSHOT.jar: micrometer-core-1.0.5.jar (shaded: org.pcollections:pcollections:3.0.1)" skipped="0" tests="1" timestamp="2024-01-18T23:20:01.6507407"><testcase classname="dependency-check" name="spring-boot-admin_client-0.0.1-SNAPSHOT.jar: micrometer-core-1.0.5.jar (shaded: org.pcollections:pcollections:3.0.1)"/></testsuite><testsuite failures="0" errors="0" time="0" id="29" name="D:\Developers\SourceCodes\GitHub\SpringProjects\SpringCloud\run_jar\spring-boot\spring-boot-admin\jar\spring-boot-admin_client-0.0.1-SNAPSHOT.jar\BOOT-INF\lib\micrometer-core-1.0.5.jar" package="spring-boot-admin_client-0.0.1-SNAPSHOT.jar: micrometer-core-1.0.5.jar" skipped="0" tests="1" timestamp="2024-01-18T23:20:01.6507407"><testcase classname="dependency-check" name="spring-boot-admin_client-0.0.1-SNAPSHOT.jar: micrometer-core-1.0.5.jar"/></testsuite><testsuite failures="0" errors="0" time="0" id="30" name="D:\Developers\SourceCodes\GitHub\SpringProjects\SpringCloud\run_jar\spring-boot\spring-boot-admin\jar\spring-boot-admin_client-0.0.1-SNAPSHOT.jar\BOOT-INF\lib\mockito-core-2.15.0.jar" package="spring-boot-admin_client-0.0.1-SNAPSHOT.jar: mockito-core-2.15.0.jar" skipped="0" tests="1" timestamp="2024-01-18T23:20:01.6507407"><testcase classname="dependency-check" name="spring-boot-admin_client-0.0.1-SNAPSHOT.jar: mockito-core-2.15.0.jar"/></testsuite><testsuite failures="0" errors="0" time="0" id="31" name="D:\Developers\SourceCodes\GitHub\SpringProjects\SpringCloud\run_jar\spring-boot\spring-boot-admin\jar\spring-boot-admin_client-0.0.1-SNAPSHOT.jar\BOOT-INF\lib\objenesis-2.6.jar" package="spring-boot-admin_client-0.0.1-SNAPSHOT.jar: objenesis-2.6.jar" skipped="0" tests="1" timestamp="2024-01-18T23:20:01.6507407"><testcase classname="dependency-check" name="spring-boot-admin_client-0.0.1-SNAPSHOT.jar: objenesis-2.6.jar"/></testsuite><testsuite failures="0" errors="0" time="0" id="32" name="D:\Developers\SourceCodes\GitHub\SpringProjects\SpringCloud\run_jar\spring-boot\spring-boot-admin\jar\spring-boot-admin_client-0.0.1-SNAPSHOT.jar\BOOT-INF\lib\slf4j-api-1.7.25.jar" package="spring-boot-admin_client-0.0.1-SNAPSHOT.jar: slf4j-api-1.7.25.jar" skipped="0" tests="1" timestamp="2024-01-18T23:20:01.6507407"><testcase classname="dependency-check" name="spring-boot-admin_client-0.0.1-SNAPSHOT.jar: slf4j-api-1.7.25.jar"/></testsuite><testsuite failures="8" errors="0" time="0" id="33" name="D:\Developers\SourceCodes\GitHub\SpringProjects\SpringCloud\run_jar\spring-boot\spring-boot-admin\jar\spring-boot-admin_client-0.0.1-SNAPSHOT.jar\BOOT-INF\lib\snakeyaml-1.19.jar" package="spring-boot-admin_client-0.0.1-SNAPSHOT.jar: snakeyaml-1.19.jar" skipped="0" tests="8" timestamp="2024-01-18T23:20:01.6507407"><testcase classname="CVE-2022-1471" name="pkg:maven/org.yaml/snakeyaml@1.19"><failure message="cvssV3: CRITICAL, score: 9.8 (CVSS:3.1/AV:N/AC:L/PR:N/UI:N/S:U/C:H/I:H/A:H/E:3.9/RC:R/MAV:A)"/><system-out>SnakeYaml&apos;s Constructor() class does not restrict types which can be instantiated during deserialization.��Deserializing yaml content provided by an attacker can lead to remote code execution. We recommend using SnakeYaml&apos;s SafeConsturctor when parsing untrusted content to restrict deserialization. We recommend upgrading to version 2.0 and beyond.
</system-out><system-err>location: D:\Developers\SourceCodes\GitHub\SpringProjects\SpringCloud\run_jar\spring-boot\spring-boot-admin\jar\spring-boot-admin_client-0.0.1-SNAPSHOT.jar\BOOT-INF\lib\snakeyaml-1.19.jar, project-references: [  ]</system-err></testcase><testcase classname="CVE-2017-18640" name="pkg:maven/org.yaml/snakeyaml@1.19"><failure message="cvssV3: HIGH, score: 7.5 (CVSS:3.1/AV:N/AC:L/PR:N/UI:N/S:U/C:N/I:N/A:H/E:3.9/RC:R/MAV:A)"/><system-out>The Alias feature in SnakeYAML before 1.26 allows entity expansion during a load operation, a related issue to CVE-2003-1564.</system-out><system-err>location: D:\Developers\SourceCodes\GitHub\SpringProjects\SpringCloud\run_jar\spring-boot\spring-boot-admin\jar\spring-boot-admin_client-0.0.1-SNAPSHOT.jar\BOOT-INF\lib\snakeyaml-1.19.jar, project-references: [  ]</system-err></testcase><testcase classname="CVE-2022-25857" name="pkg:maven/org.yaml/snakeyaml@1.19"><failure message="cvssV3: HIGH, score: 7.5 (CVSS:3.1/AV:N/AC:L/PR:N/UI:N/S:U/C:N/I:N/A:H/E:3.9/RC:R/MAV:A)"/><system-out>The package org.yaml:snakeyaml from 0 and before 1.31 are vulnerable to Denial of Service (DoS) due missing to nested depth limitation for collections.</system-out><system-err>location: D:\Developers\SourceCodes\GitHub\SpringProjects\SpringCloud\run_jar\spring-boot\spring-boot-admin\jar\spring-boot-admin_client-0.0.1-SNAPSHOT.jar\BOOT-INF\lib\snakeyaml-1.19.jar, project-references: [  ]</system-err></testcase><testcase classname="CVE-2022-38749" name="pkg:maven/org.yaml/snakeyaml@1.19"><failure message="cvssV3: MEDIUM, score: 6.5 (CVSS:3.1/AV:N/AC:L/PR:L/UI:N/S:U/C:N/I:N/A:H/E:2.8/RC:R/MAV:A)"/><system-out>Using snakeYAML to parse untrusted YAML files may be vulnerable to Denial of Service attacks (DOS). If the parser is running on user supplied input, an attacker may supply content that causes the parser to crash by stackoverflow.</system-out><system-err>location: D:\Developers\SourceCodes\GitHub\SpringProjects\SpringCloud\run_jar\spring-boot\spring-boot-admin\jar\spring-boot-admin_client-0.0.1-SNAPSHOT.jar\BOOT-INF\lib\snakeyaml-1.19.jar, project-references: [  ]</system-err></testcase><testcase classname="CVE-2022-38751" name="pkg:maven/org.yaml/snakeyaml@1.19"><failure message="cvssV3: MEDIUM, score: 6.5 (CVSS:3.1/AV:N/AC:L/PR:L/UI:N/S:U/C:N/I:N/A:H/E:2.8/RC:R/MAV:A)"/><system-out>Using snakeYAML to parse untrusted YAML files may be vulnerable to Denial of Service attacks (DOS). If the parser is running on user supplied input, an attacker may supply content that causes the parser to crash by stackoverflow.</system-out><system-err>location: D:\Developers\SourceCodes\GitHub\SpringProjects\SpringCloud\run_jar\spring-boot\spring-boot-admin\jar\spring-boot-admin_client-0.0.1-SNAPSHOT.jar\BOOT-INF\lib\snakeyaml-1.19.jar, project-references: [  ]</system-err></testcase><testcase classname="CVE-2022-38752" name="pkg:maven/org.yaml/snakeyaml@1.19"><failure message="cvssV3: MEDIUM, score: 6.5 (CVSS:3.1/AV:N/AC:L/PR:L/UI:N/S:U/C:N/I:N/A:H/E:2.8/RC:R/MAV:A)"/><system-out>Using snakeYAML to parse untrusted YAML files may be vulnerable to Denial of Service attacks (DOS). If the parser is running on user supplied input, an attacker may supply content that causes the parser to crash by stack-overflow.</system-out><system-err>location: D:\Developers\SourceCodes\GitHub\SpringProjects\SpringCloud\run_jar\spring-boot\spring-boot-admin\jar\spring-boot-admin_client-0.0.1-SNAPSHOT.jar\BOOT-INF\lib\snakeyaml-1.19.jar, project-references: [  ]</system-err></testcase><testcase classname="CVE-2022-41854" name="pkg:maven/org.yaml/snakeyaml@1.19"><failure message="cvssV3: MEDIUM, score: 6.5 (CVSS:3.1/AV:N/AC:L/PR:N/UI:R/S:U/C:N/I:N/A:H/E:2.8/RC:R/MAV:A)"/><system-out>Those using Snakeyaml to parse untrusted YAML files may be vulnerable to Denial of Service attacks (DOS). If the parser is running on user supplied input, an attacker may supply content that causes the parser to crash by stack overflow. This effect may support a denial of service attack.</system-out><system-err>location: D:\Developers\SourceCodes\GitHub\SpringProjects\SpringCloud\run_jar\spring-boot\spring-boot-admin\jar\spring-boot-admin_client-0.0.1-SNAPSHOT.jar\BOOT-INF\lib\snakeyaml-1.19.jar, project-references: [  ]</system-err></testcase><testcase classname="CVE-2022-38750" name="pkg:maven/org.yaml/snakeyaml@1.19"><failure message="cvssV3: MEDIUM, score: 5.5 (CVSS:3.1/AV:L/AC:L/PR:N/UI:R/S:U/C:N/I:N/A:H/E:1.8/RC:R/MAV:A)"/><system-out>Using snakeYAML to parse untrusted YAML files may be vulnerable to Denial of Service attacks (DOS). If the parser is running on user supplied input, an attacker may supply content that causes the parser to crash by stackoverflow.</system-out><system-err>location: D:\Developers\SourceCodes\GitHub\SpringProjects\SpringCloud\run_jar\spring-boot\spring-boot-admin\jar\spring-boot-admin_client-0.0.1-SNAPSHOT.jar\BOOT-INF\lib\snakeyaml-1.19.jar, project-references: [  ]</system-err></testcase></testsuite><testsuite failures="3" errors="0" time="0" id="34" name="D:\Developers\SourceCodes\GitHub\SpringProjects\SpringCloud\run_jar\spring-boot\spring-boot-admin\jar\spring-boot-admin_client-0.0.1-SNAPSHOT.jar\BOOT-INF\lib\spring-boot-2.0.3.RELEASE.jar" package="spring-boot-admin_client-0.0.1-SNAPSHOT.jar: spring-boot-2.0.3.RELEASE.jar" skipped="0" tests="3" timestamp="2024-01-18T23:20:01.6507407"><testcase classname="CVE-2023-20873" name="pkg:maven/org.springframework.boot/spring-boot@2.0.3.RELEASE"><failure message="cvssV3: CRITICAL, score: 9.8 (CVSS:3.1/AV:N/AC:L/PR:N/UI:N/S:U/C:H/I:H/A:H/E:3.9/RC:R/MAV:A)"/><system-out>In Spring Boot versions 3.0.0 - 3.0.5, 2.7.0 - 2.7.10, and older unsupported versions, an application that is deployed to Cloud Foundry could be susceptible to a security bypass. Users of affected versions should apply the following mitigation: 3.0.x users should upgrade to 3.0.6+. 2.7.x users should upgrade to 2.7.11+. Users of older, unsupported versions should upgrade to 3.0.6+ or 2.7.11+.</system-out><system-err>location: D:\Developers\SourceCodes\GitHub\SpringProjects\SpringCloud\run_jar\spring-boot\spring-boot-admin\jar\spring-boot-admin_client-0.0.1-SNAPSHOT.jar\BOOT-INF\lib\spring-boot-2.0.3.RELEASE.jar, project-references: [  ]</system-err></testcase><testcase classname="CVE-2022-27772" name="pkg:maven/org.springframework.boot/spring-boot@2.0.3.RELEASE"><failure message="cvssV3: HIGH, score: 7.8 (CVSS:3.1/AV:L/AC:L/PR:L/UI:N/S:U/C:H/I:H/A:H/E:1.8/RC:R/MAV:A)"/><system-out>spring-boot versions prior to version v2.2.11.RELEASE was vulnerable to temporary directory hijacking. This vulnerability impacted the org.springframework.boot.web.server.Ab
[...]
request as multiple requests leading to the possibility of request 
smuggling when behind a reverse proxy.

Users are recommended to upgrade to version 11.0.0-M11��onwards, 10.1.16 onwards, 9.0.83 onwards or 8.5.96 onwards, which fix the issue.

</system-out><system-err>location: D:\Developers\SourceCodes\GitHub\SpringProjects\SpringCloud\run_jar\spring-boot\spring-boot-admin\jar\spring-boot-admin_client-0.0.1-SNAPSHOT.jar\BOOT-INF\lib\tomcat-embed-websocket-8.5.31.jar, project-references: [  ]</system-err></testcase><testcase classname="CVE-2019-12418" name="pkg:maven/org.apache.tomcat.embed/tomcat-embed-websocket@8.5.31"><failure message="cvssV3: HIGH, score: 7.0 (CVSS:3.1/AV:L/AC:H/PR:L/UI:N/S:U/C:H/I:H/A:H/E:1.0/RC:R/MAV:A)"/><system-out>When Apache Tomcat 9.0.0.M1 to 9.0.28, 8.5.0 to 8.5.47, 7.0.0 and 7.0.97 is configured with the JMX Remote Lifecycle Listener, a local attacker without access to the Tomcat process or configuration files is able to manipulate the RMI registry to perform a man-in-the-middle attack to capture user names and passwords used to access the JMX interface. The attacker can then use these credentials to access the JMX interface and gain complete control over the Tomcat instance.</system-out><system-err>location: D:\Developers\SourceCodes\GitHub\SpringProjects\SpringCloud\run_jar\spring-boot\spring-boot-admin\jar\spring-boot-admin_client-0.0.1-SNAPSHOT.jar\BOOT-INF\lib\tomcat-embed-websocket-8.5.31.jar, project-references: [  ]</system-err></testcase><testcase classname="CVE-2020-9484" name="pkg:maven/org.apache.tomcat.embed/tomcat-embed-websocket@8.5.31"><failure message="cvssV3: HIGH, score: 7.0 (CVSS:3.1/AV:L/AC:H/PR:L/UI:N/S:U/C:H/I:H/A:H/E:1.0/RC:R/MAV:A)"/><system-out>When using Apache Tomcat versions 10.0.0-M1 to 10.0.0-M4, 9.0.0.M1 to 9.0.34, 8.5.0 to 8.5.54 and 7.0.0 to 7.0.103 if a) an attacker is able to control the contents and name of a file on the server; and b) the server is configured to use the PersistenceManager with a FileStore; and c) the PersistenceManager is configured with sessionAttributeValueClassNameFilter=&quot;null&quot; (the default unless a SecurityManager is used) or a sufficiently lax filter to allow the attacker provided object to be deserialized; and d) the attacker knows the relative file path from the storage location used by FileStore to the file the attacker has control over; then, using a specifically crafted request, the attacker will be able to trigger remote code execution via deserialization of the file under their control. Note that all of conditions a) to d) must be true for the attack to succeed.</system-out><system-err>location: D:\Developers\SourceCodes\GitHub\SpringProjects\SpringCloud\run_jar\spring-boot\spring-boot-admin\jar\spring-boot-admin_client-0.0.1-SNAPSHOT.jar\BOOT-INF\lib\tomcat-embed-websocket-8.5.31.jar, project-references: [  ]</system-err></testcase><testcase classname="CVE-2021-25329" name="pkg:maven/org.apache.tomcat.embed/tomcat-embed-websocket@8.5.31"><failure message="cvssV3: HIGH, score: 7.0 (CVSS:3.1/AV:L/AC:H/PR:L/UI:N/S:U/C:H/I:H/A:H/E:1.0/RC:R/MAV:A)"/><system-out>The fix for CVE-2020-9484 was incomplete. When using Apache Tomcat 10.0.0-M1 to 10.0.0, 9.0.0.M1 to 9.0.41, 8.5.0 to 8.5.61 or 7.0.0. to 7.0.107 with a configuration edge case that was highly unlikely to be used, the Tomcat instance was still vulnerable to CVE-2020-9494. Note that both the previously published prerequisites for CVE-2020-9484 and the previously published mitigations for CVE-2020-9484 also apply to this issue.</system-out><system-err>location: D:\Developers\SourceCodes\GitHub\SpringProjects\SpringCloud\run_jar\spring-boot\spring-boot-admin\jar\spring-boot-admin_client-0.0.1-SNAPSHOT.jar\BOOT-INF\lib\tomcat-embed-websocket-8.5.31.jar, project-references: [  ]</system-err></testcase><testcase classname="CVE-2021-30640" name="pkg:maven/org.apache.tomcat.embed/tomcat-embed-websocket@8.5.31"><failure message="cvssV3: MEDIUM, score: 6.5 (CVSS:3.1/AV:N/AC:H/PR:N/UI:N/S:U/C:L/I:H/A:N/E:2.2/RC:R/MAV:A)"/><system-out>A vulnerability in the JNDI Realm of Apache Tomcat allows an attacker to authenticate using variations of a valid user name and/or to bypass some of the protection provided by the LockOut Realm. This issue affects Apache Tomcat 10.0.0-M1 to 10.0.5; 9.0.0.M1 to 9.0.45; 8.5.0 to 8.5.65.</system-out><system-err>location: D:\Developers\SourceCodes\GitHub\SpringProjects\SpringCloud\run_jar\spring-boot\spring-boot-admin\jar\spring-boot-admin_client-0.0.1-SNAPSHOT.jar\BOOT-INF\lib\tomcat-embed-websocket-8.5.31.jar, project-references: [  ]</system-err></testcase><testcase classname="CVE-2019-0221" name="pkg:maven/org.apache.tomcat.embed/tomcat-embed-websocket@8.5.31"><failure message="cvssV3: MEDIUM, score: 6.1 (CVSS:3.0/AV:N/AC:L/PR:N/UI:R/S:C/C:L/I:L/A:N/E:2.8/RC:R/MAV:A)"/><system-out>The SSI printenv command in Apache Tomcat 9.0.0.M1 to 9.0.0.17, 8.5.0 to 8.5.39 and 7.0.0 to 7.0.93 echoes user provided data without escaping and is, therefore, vulnerable to XSS. SSI is disabled by default. The printenv command is intended for debugging and is unlikely to be present in a production website.</system-out><system-err>location: D:\Developers\SourceCodes\GitHub\SpringProjects\SpringCloud\run_jar\spring-boot\spring-boot-admin\jar\spring-boot-admin_client-0.0.1-SNAPSHOT.jar\BOOT-INF\lib\tomcat-embed-websocket-8.5.31.jar, project-references: [  ]</system-err></testcase><testcase classname="CVE-2023-41080" name="pkg:maven/org.apache.tomcat.embed/tomcat-embed-websocket@8.5.31"><failure message="cvssV3: MEDIUM, score: 6.1 (CVSS:3.1/AV:N/AC:L/PR:N/UI:R/S:C/C:L/I:L/A:N/E:2.8/RC:R/MAV:A)"/><system-out>URL Redirection to Untrusted Site (&apos;Open Redirect&apos;) vulnerability in FORM authentication feature Apache Tomcat.This issue affects Apache Tomcat: from 11.0.0-M1 through 11.0.0-M10, from 10.1.0-M1 through 10.0.12, from 9.0.0-M1 through 9.0.79 and from 8.5.0 through 8.5.92.

The vulnerability is limited to the ROOT (default) web application.</system-out><system-err>location: D:\Developers\SourceCodes\GitHub\SpringProjects\SpringCloud\run_jar\spring-boot\spring-boot-admin\jar\spring-boot-admin_client-0.0.1-SNAPSHOT.jar\BOOT-INF\lib\tomcat-embed-websocket-8.5.31.jar, project-references: [  ]</system-err></testcase><testcase classname="CVE-2018-8037" name="pkg:maven/org.apache.tomcat.embed/tomcat-embed-websocket@8.5.31"><failure message="cvssV3: MEDIUM, score: 5.9 (CVSS:3.0/AV:N/AC:H/PR:N/UI:N/S:U/C:H/I:N/A:N/E:2.2/RC:R/MAV:A)"/><system-out>If an async request was completed by the application at the same time as the container triggered the async timeout, a race condition existed that could result in a user seeing a response intended for a different user. An additional issue was present in the NIO and NIO2 connectors that did not correctly track the closure of the connection when an async request was completed by the application and timed out by the container at the same time. This could also result in a user seeing a response intended for another user. Versions Affected: Apache Tomcat 9.0.0.M9 to 9.0.9 and 8.5.5 to 8.5.31.</system-out><system-err>location: D:\Developers\SourceCodes\GitHub\SpringProjects\SpringCloud\run_jar\spring-boot\spring-boot-admin\jar\spring-boot-admin_client-0.0.1-SNAPSHOT.jar\BOOT-INF\lib\tomcat-embed-websocket-8.5.31.jar, project-references: [  ]</system-err></testcase><testcase classname="CVE-2019-2684" name="pkg:maven/org.apache.tomcat.embed/tomcat-embed-websocket@8.5.31"><failure message="cvssV3: MEDIUM, score: 5.9 (CVSS:3.1/AV:N/AC:H/PR:N/UI:N/S:U/C:N/I:H/A:N/E:2.2/RC:R/MAV:A)"/><system-out>Vulnerability in the Java SE, Java SE Embedded component of Oracle Java SE (subcomponent: RMI). Supported versions that are affected are Java SE: 7u211, 8u202, 11.0.2 and 12; Java SE Embedded: 8u201. Difficult to exploit vulnerability allows unauthenticated attacker with network access via multiple protocols to compromise Java SE, Java SE Embedded. Successful attacks of this vulnerability can result in unauthorized creation, deletion or modification access to critical data or all Java SE, Java SE Embedded accessible data. Note: This vulnerability applies to Java deployments, typically in clients running sandboxed Java Web Start applications or sandboxed Java applets (in Java SE 8), that load and run untrusted code (e.g., code that comes from the internet) and rely on the Java sandbox for security. This vulnerability can also be exploited by using APIs in the specified Component, e.g., through a web service which supplies data to the APIs. CVSS 3.0 Base Score 5.9 (Integrity impacts). CVSS Vector: (CVSS:3.0/AV:N/AC:H/PR:N/UI:N/S:U/C:N/I:H/A:N).</system-out><system-err>location: D:\Developers\SourceCodes\GitHub\SpringProjects\SpringCloud\run_jar\spring-boot\spring-boot-admin\jar\spring-boot-admin_client-0.0.1-SNAPSHOT.jar\BOOT-INF\lib\tomcat-embed-websocket-8.5.31.jar, project-references: [  ]</system-err></testcase><testcase classname="CVE-2021-24122" name="pkg:maven/org.apache.tomcat.embed/tomcat-embed-websocket@8.5.31"><failure message="cvssV3: MEDIUM, score: 5.9 (CVSS:3.1/AV:N/AC:H/PR:N/UI:N/S:U/C:H/I:N/A:N/E:2.2/RC:R/MAV:A)"/><system-out>When serving resources from a network location using the NTFS file system, Apache Tomcat versions 10.0.0-M1 to 10.0.0-M9, 9.0.0.M1 to 9.0.39, 8.5.0 to 8.5.59 and 7.0.0 to 7.0.106 were susceptible to JSP source code disclosure in some configurations. The root cause was the unexpected behaviour of the JRE API File.getCanonicalPath() which in turn was caused by the inconsistent behaviour of the Windows API (FindFirstFileW) in some circumstances.</system-out><system-err>location: D:\Developers\SourceCodes\GitHub\SpringProjects\SpringCloud\run_jar\spring-boot\spring-boot-admin\jar\spring-boot-admin_client-0.0.1-SNAPSHOT.jar\BOOT-INF\lib\tomcat-embed-websocket-8.5.31.jar, project-references: [  ]</system-err></testcase><testcase classname="CVE-2021-33037" name="pkg:maven/org.apache.tomcat.embed/tomcat-embed-websocket@8.5.31"><failure message="cvssV3: MEDIUM, score: 5.3 (CVSS:3.1/AV:N/AC:L/PR:N/UI:N/S:U/C:N/I:L/A:N/E:3.9/RC:R/MAV:A)"/><system-out>Apache Tomcat 10.0.0-M1 to 10.0.6, 9.0.0.M1 to 9.0.46 and 8.5.0 to 8.5.66 did not correctly parse the HTTP transfer-encoding request header in some circumstances leading to the possibility to request smuggling when used with a reverse proxy. Specifically: - Tomcat incorrectly ignored the transfer encoding header if the client declared it would only accept an HTTP/1.0 response; - Tomcat honoured the identify encoding; and - Tomcat did not ensure that, if present, the chunked encoding was the final encoding.</system-out><system-err>location: D:\Developers\SourceCodes\GitHub\SpringProjects\SpringCloud\run_jar\spring-boot\spring-boot-admin\jar\spring-boot-admin_client-0.0.1-SNAPSHOT.jar\BOOT-INF\lib\tomcat-embed-websocket-8.5.31.jar, project-references: [  ]</system-err></testcase><testcase classname="CVE-2023-42795" name="pkg:maven/org.apache.tomcat.embed/tomcat-embed-websocket@8.5.31"><failure message="cvssV3: MEDIUM, score: 5.3 (CVSS:3.1/AV:N/AC:L/PR:N/UI:N/S:U/C:L/I:N/A:N/E:3.9/RC:R/MAV:A)"/><system-out>Incomplete Cleanup vulnerability in Apache Tomcat.When recycling various internal objects in Apache Tomcat from 11.0.0-M1 through 11.0.0-M11, from 10.1.0-M1 through 10.1.13, from 9.0.0-M1 through 9.0.80 and from 8.5.0 through 8.5.93, an error could 
cause Tomcat to skip some parts of the recycling process leading to 
information leaking from the current request/response to the next.

Users are recommended to upgrade to version 11.0.0-M12 onwards, 10.1.14 onwards, 9.0.81 onwards or 8.5.94 onwards, which fixes the issue.

</system-out><system-err>location: D:\Developers\SourceCodes\GitHub\SpringProjects\SpringCloud\run_jar\spring-boot\spring-boot-admin\jar\spring-boot-admin_client-0.0.1-SNAPSHOT.jar\BOOT-INF\lib\tomcat-embed-websocket-8.5.31.jar, project-references: [  ]</system-err></testcase><testcase classname="CVE-2023-45648" name="pkg:maven/org.apache.tomcat.embed/tomcat-embed-websocket@8.5.31"><failure message="cvssV3: MEDIUM, score: 5.3 (CVSS:3.1/AV:N/AC:L/PR:N/UI:N/S:U/C:N/I:L/A:N/E:3.9/RC:R/MAV:A)"/><system-out>Improper Input Validation vulnerability in Apache Tomcat.Tomcat��from 11.0.0-M1 through 11.0.0-M11, from 10.1.0-M1 through 10.1.13, from 9.0.0-M1 through 9.0.81 and from 8.5.0 through 8.5.93 did not correctly parse HTTP trailer headers. A specially 
crafted, invalid trailer header could cause Tomcat to treat a single 
request as multiple requests leading to the possibility of request 
smuggling when behind a reverse proxy.

Users are recommended to upgrade to version 11.0.0-M12 onwards, 10.1.14 onwards, 9.0.81 onwards or 8.5.94 onwards, which fix the issue.

</system-out><system-err>location: D:\Developers\SourceCodes\GitHub\SpringProjects\SpringCloud\run_jar\spring-boot\spring-boot-admin\jar\spring-boot-admin_client-0.0.1-SNAPSHOT.jar\BOOT-INF\lib\tomcat-embed-websocket-8.5.31.jar, project-references: [  ]</system-err></testcase><testcase classname="CVE-2020-1935" name="pkg:maven/org.apache.tomcat.embed/tomcat-embed-websocket@8.5.31"><failure message="cvssV3: MEDIUM, score: 4.8 (CVSS:3.1/AV:N/AC:H/PR:N/UI:N/S:U/C:L/I:L/A:N/E:2.2/RC:R/MAV:A)"/><system-out>In Apache Tomcat 9.0.0.M1 to 9.0.30, 8.5.0 to 8.5.50 and 7.0.0 to 7.0.99 the HTTP header parsing code used an approach to end-of-line parsing that allowed some invalid HTTP headers to be parsed as valid. This led to a possibility of HTTP Request Smuggling if Tomcat was located behind a reverse proxy that incorrectly handled the invalid Transfer-Encoding header in a particular manner. Such a reverse proxy is considered unlikely.</system-out><system-err>location: D:\Developers\SourceCodes\GitHub\SpringProjects\SpringCloud\run_jar\spring-boot\spring-boot-admin\jar\spring-boot-admin_client-0.0.1-SNAPSHOT.jar\BOOT-INF\lib\tomcat-embed-websocket-8.5.31.jar, project-references: [  ]</system-err></testcase><testcase classname="CVE-2018-11784" name="pkg:maven/org.apache.tomcat.embed/tomcat-embed-websocket@8.5.31"><failure message="cvssV3: MEDIUM, score: 4.3 (CVSS:3.0/AV:N/AC:L/PR:N/UI:R/S:U/C:N/I:L/A:N/E:2.8/RC:R/MAV:A)"/><system-out>When the default servlet in Apache Tomcat versions 9.0.0.M1 to 9.0.11, 8.5.0 to 8.5.33 and 7.0.23 to 7.0.90 returned a redirect to a directory (e.g. redirecting to &apos;/foo/&apos; when the user requested &apos;/foo&apos;) a specially crafted URL could be used to cause the redirect to be generated to any URI of the attackers choice.</system-out><system-err>location: D:\Developers\SourceCodes\GitHub\SpringProjects\SpringCloud\run_jar\spring-boot\spring-boot-admin\jar\spring-boot-admin_client-0.0.1-SNAPSHOT.jar\BOOT-INF\lib\tomcat-embed-websocket-8.5.31.jar, project-references: [  ]</system-err></testcase><testcase classname="CVE-2020-13943" name="pkg:maven/org.apache.tomcat.embed/tomcat-embed-websocket@8.5.31"><failure message="cvssV3: MEDIUM, score: 4.3 (CVSS:3.1/AV:N/AC:L/PR:L/UI:N/S:U/C:L/I:N/A:N/E:2.8/RC:R/MAV:A)"/><system-out>If an HTTP/2 client connecting to Apache Tomcat 10.0.0-M1 to 10.0.0-M7, 9.0.0.M1 to 9.0.37 or 8.5.0 to 8.5.57 exceeded the agreed maximum number of concurrent streams for a connection (in violation of the HTTP/2 protocol), it was possible that a subsequent request made on that connection could contain HTTP headers - including HTTP/2 pseudo headers - from a previous request rather than the intended headers. This could lead to users seeing responses for unexpected resources.</system-out><system-err>location: D:\Developers\SourceCodes\GitHub\SpringProjects\SpringCloud\run_jar\spring-boot\spring-boot-admin\jar\spring-boot-admin_client-0.0.1-SNAPSHOT.jar\BOOT-INF\lib\tomcat-embed-websocket-8.5.31.jar, project-references: [  ]</system-err></testcase><testcase classname="CVE-2023-28708" name="pkg:maven/org.apache.tomcat.embed/tomcat-embed-websocket@8.5.31"><failure message="cvssV3: MEDIUM, score: 4.3 (CVSS:3.1/AV:N/AC:L/PR:N/UI:R/S:U/C:L/I:N/A:N/E:2.8/RC:R/MAV:A)"/><system-out>
When using the RemoteIpFilter with requests received from a    reverse proxy via HTTP that include the X-Forwarded-Proto    header set to https, session cookies created by Apache Tomcat 11.0.0-M1 to 11.0.0.-M2, 10.1.0-M1 to 10.1.5, 9.0.0-M1 to 9.0.71 and 8.5.0 to 8.5.85 did not��include the secure attribute. This could result in the user agent��transmitting the session cookie over an insecure channel.







</system-out><system-err>location: D:\Developers\SourceCodes\GitHub\SpringProjects\SpringCloud\run_jar\spring-boot\spring-boot-admin\jar\spring-boot-admin_client-0.0.1-SNAPSHOT.jar\BOOT-INF\lib\tomcat-embed-websocket-8.5.31.jar, project-references: [  ]</system-err></testcase><testcase classname="CVE-2021-43980" name="pkg:maven/org.apache.tomcat.embed/tomcat-embed-websocket@8.5.31"><failure message="cvssV3: LOW, score: 3.7 (CVSS:3.1/AV:N/AC:H/PR:N/UI:N/S:U/C:L/I:N/A:N/E:2.2/RC:R/MAV:A)"/><system-out>The simplified implementation of blocking reads and writes introduced in Tomcat 10 and back-ported to Tomcat 9.0.47 onwards exposed a long standing (but extremely hard to trigger) concurrency bug in Apache Tomcat 10.1.0 to 10.1.0-M12, 10.0.0-M1 to 10.0.18, 9.0.0-M1 to 9.0.60 and 8.5.0 to 8.5.77 that could cause client connections to share an Http11Processor instance resulting in responses, or part responses, to be received by the wrong client.</system-out><system-err>location: D:\Developers\SourceCodes\GitHub\SpringProjects\SpringCloud\run_jar\spring-boot\spring-boot-admin\jar\spring-boot-admin_client-0.0.1-SNAPSHOT.jar\BOOT-INF\lib\tomcat-embed-websocket-8.5.31.jar, project-references: [  ]</system-err></testcase></testsuite><testsuite failures="0" errors="0" time="0" id="45" name="D:\Developers\SourceCodes\GitHub\SpringProjects\SpringCloud\run_jar\spring-boot\spring-boot-admin\jar\spring-boot-admin_client-0.0.1-SNAPSHOT.jar\BOOT-INF\lib\validation-api-2.0.1.Final.jar" package="spring-boot-admin_client-0.0.1-SNAPSHOT.jar: validation-api-2.0.1.Final.jar" skipped="0" tests="1" timestamp="2024-01-18T23:20:01.6507407"><testcase classname="dependency-check" name="spring-boot-admin_client-0.0.1-SNAPSHOT.jar: validation-api-2.0.1.Final.jar"/></testsuite><testsuite failures="0" errors="0" time="0" id="46" name="D:\Developers\SourceCodes\GitHub\SpringProjects\SpringCloud\run_jar\spring-boot\spring-boot-admin\jar\spring-boot-admin_client-0.0.1-SNAPSHOT.jar\BOOT-INF\lib\xmlunit-core-2.5.1.jar" package="spring-boot-admin_client-0.0.1-SNAPSHOT.jar: xmlunit-core-2.5.1.jar" skipped="0" tests="1" timestamp="2024-01-18T23:20:01.6507407"><testcase classname="dependency-check" name="spring-boot-admin_client-0.0.1-SNAPSHOT.jar: xmlunit-core-2.5.1.jar"/></testsuite><testsuite failures="0" errors="0" time="0" id="47" name="D:\Developers\SourceCodes\GitHub\SpringProjects\SpringCloud\run_jar\spring-boot\spring-boot-admin\jar\spring-boot-admin_client-0.0.1-SNAPSHOT.jar" package="spring-boot-admin_client-0.0.1-SNAPSHOT.jar" skipped="0" tests="1" timestamp="2024-01-18T23:20:01.6507407"><testcase classname="dependency-check" name="spring-boot-admin_client-0.0.1-SNAPSHOT.jar"/></testsuite></testsuites>