<?xml version="1.0" encoding="UTF-8"?><testsuites failures="8" name="dependency-check" tests="27"><testsuite failures="0" errors="0" time="0" id="0" name="D:\Developers\SourceCodes\GitHub\SpringProjects\SpringCloud\run_jar\spring-boot\hello\jar\hello-3.2.1-JDK17.jar\BOOT-INF\lib\HdrHistogram-2.1.12.jar" package="hello-3.2.1-JDK17.jar: HdrHistogram-2.1.12.jar" skipped="0" tests="1" timestamp="2024-01-15T23:23:52.8478029"><testcase classname="dependency-check" name="hello-3.2.1-JDK17.jar: HdrHistogram-2.1.12.jar"/></testsuite><testsuite failures="0" errors="0" time="0" id="1" name="D:\Developers\SourceCodes\GitHub\SpringProjects\SpringCloud\run_jar\spring-boot\hello\jar\hello-3.2.1-JDK17.jar\BOOT-INF\lib\LatencyUtils-2.0.3.jar" package="hello-3.2.1-JDK17.jar: LatencyUtils-2.0.3.jar" skipped="0" tests="1" timestamp="2024-01-15T23:23:52.8478029"><testcase classname="dependency-check" name="hello-3.2.1-JDK17.jar: LatencyUtils-2.0.3.jar"/></testsuite><testsuite failures="0" errors="0" time="0" id="2" name="D:\Developers\SourceCodes\GitHub\SpringProjects\SpringCloud\run_jar\spring-boot\hello\jar\hello-3.2.1-JDK17.jar\BOOT-INF\lib\commons-io-2.11.0.jar" package="hello-3.2.1-JDK17.jar: commons-io-2.11.0.jar" skipped="0" tests="1" timestamp="2024-01-15T23:23:52.8478029"><testcase classname="dependency-check" name="hello-3.2.1-JDK17.jar: commons-io-2.11.0.jar"/></testsuite><testsuite failures="0" errors="0" time="0" id="3" name="D:\Developers\SourceCodes\GitHub\SpringProjects\SpringCloud\run_jar\spring-boot\hello\jar\hello-3.2.1-JDK17.jar\BOOT-INF\lib\commons-lang3-3.13.0.jar" package="hello-3.2.1-JDK17.jar: commons-lang3-3.13.0.jar" skipped="0" tests="1" timestamp="2024-01-15T23:23:52.8478029"><testcase classname="dependency-check" name="hello-3.2.1-JDK17.jar: commons-lang3-3.13.0.jar"/></testsuite><testsuite failures="0" errors="0" time="0" id="4" name="D:\Developers\SourceCodes\GitHub\SpringProjects\SpringCloud\run_jar\spring-boot\hello\jar\hello-3.2.1-JDK17.jar\BOOT-INF\lib\jackson-core-2.15.3.jar" package="hello-3.2.1-JDK17.jar: jackson-core-2.15.3.jar" skipped="0" tests="1" timestamp="2024-01-15T23:23:52.8478029"><testcase classname="dependency-check" name="hello-3.2.1-JDK17.jar: jackson-core-2.15.3.jar"/></testsuite><testsuite failures="1" errors="0" time="0" id="5" name="D:\Developers\SourceCodes\GitHub\SpringProjects\SpringCloud\run_jar\spring-boot\hello\jar\hello-3.2.1-JDK17.jar\BOOT-INF\lib\jackson-databind-2.15.3.jar" package="hello-3.2.1-JDK17.jar: jackson-databind-2.15.3.jar" skipped="0" tests="1" timestamp="2024-01-15T23:23:52.8478029"><testcase classname="CVE-2023-35116" name="pkg:maven/com.fasterxml.jackson.core/jackson-databind@2.15.3"><failure message="cvssV3: MEDIUM, score: 4.7 (CVSS:3.1/AV:L/AC:H/PR:L/UI:N/S:U/C:N/I:N/A:H/E:1.0/RC:R/MAV:A)"/><system-out>jackson-databind through 2.15.2 allows attackers to cause a denial of service or other unspecified impact via a crafted object that uses cyclic dependencies. NOTE: the vendor&apos;s perspective is that this is not a valid vulnerability report, because the steps of constructing a cyclic data structure and trying to serialize it cannot be achieved by an external attacker.</system-out><system-err>location: D:\Developers\SourceCodes\GitHub\SpringProjects\SpringCloud\run_jar\spring-boot\hello\jar\hello-3.2.1-JDK17.jar\BOOT-INF\lib\jackson-databind-2.15.3.jar, project-references: [  ]</system-err></testcase></testsuite><testsuite failures="0" errors="0" time="0" id="6" name="D:\Developers\SourceCodes\GitHub\SpringProjects\SpringCloud\run_jar\spring-boot\hello\jar\hello-3.2.1-JDK17.jar\BOOT-INF\lib\jakarta.annotation-api-2.1.1.jar" package="hello-3.2.1-JDK17.jar: jakarta.annotation-api-2.1.1.jar" skipped="0" tests="1" timestamp="2024-01-15T23:23:52.8478029"><testcase classname="dependency-check" name="hello-3.2.1-JDK17.jar: jakarta.annotation-api-2.1.1.jar"/></testsuite><testsuite failures="0" errors="0" time="0" id="7" name="D:\Developers\SourceCodes\GitHub\SpringProjects\SpringCloud\run_jar\spring-boot\hello\jar\hello-3.2.1-JDK17.jar\BOOT-INF\lib\javax.inject-1.jar" package="hello-3.2.1-JDK17.jar: javax.inject-1.jar" skipped="0" tests="1" timestamp="2024-01-15T23:23:52.8478029"><testcase classname="dependency-check" name="hello-3.2.1-JDK17.jar: javax.inject-1.jar"/></testsuite><testsuite failures="0" errors="0" time="0" id="8" name="D:\Developers\SourceCodes\GitHub\SpringProjects\SpringCloud\run_jar\spring-boot\hello\jar\hello-3.2.1-JDK17.jar\BOOT-INF\lib\jul-to-slf4j-2.0.9.jar" package="hello-3.2.1-JDK17.jar: jul-to-slf4j-2.0.9.jar" skipped="0" tests="1" timestamp="2024-01-15T23:23:52.8478029"><testcase classname="dependency-check" name="hello-3.2.1-JDK17.jar: jul-to-slf4j-2.0.9.jar"/></testsuite><testsuite failures="0" errors="0" time="0" id="9" name="D:\Developers\SourceCodes\GitHub\SpringProjects\SpringCloud\run_jar\spring-boot\hello\jar\hello-3.2.1-JDK17.jar\BOOT-INF\lib\log4j-api-2.21.1.jar" package="hello-3.2.1-JDK17.jar: log4j-api-2.21.1.jar" skipped="0" tests="1" timestamp="2024-01-15T23:23:52.8478029"><testcase classname="dependency-check" name="hello-3.2.1-JDK17.jar: log4j-api-2.21.1.jar"/></testsuite><testsuite failures="0" errors="0" time="0" id="10" name="D:\Developers\SourceCodes\GitHub\SpringProjects\SpringCloud\run_jar\spring-boot\hello\jar\hello-3.2.1-JDK17.jar\BOOT-INF\lib\log4j-to-slf4j-2.21.1.jar" package="hello-3.2.1-JDK17.jar: log4j-to-slf4j-2.21.1.jar" skipped="0" tests="1" timestamp="2024-01-15T23:23:52.8478029"><testcase classname="dependency-check" name="hello-3.2.1-JDK17.jar: log4j-to-slf4j-2.21.1.jar"/></testsuite><testsuite failures="0" errors="0" time="0" id="11" name="D:\Developers\SourceCodes\GitHub\SpringProjects\SpringCloud\run_jar\spring-boot\hello\jar\hello-3.2.1-JDK17.jar\BOOT-INF\lib\logback-core-1.4.14.jar" package="hello-3.2.1-JDK17.jar: logback-core-1.4.14.jar" skipped="0" tests="1" timestamp="2024-01-15T23:23:52.8478029"><testcase classname="dependency-check" name="hello-3.2.1-JDK17.jar: logback-core-1.4.14.jar"/></testsuite><testsuite failures="0" errors="0" time="0" id="12" name="D:\Developers\SourceCodes\GitHub\SpringProjects\SpringCloud\run_jar\spring-boot\hello\jar\hello-3.2.1-JDK17.jar\BOOT-INF\lib\maven-filtering-3.3.1.jar" package="hello-3.2.1-JDK17.jar: maven-filtering-3.3.1.jar" skipped="0" tests="1" timestamp="2024-01-15T23:23:52.8478029"><testcase classname="dependency-check" name="hello-3.2.1-JDK17.jar: maven-filtering-3.3.1.jar"/></testsuite><testsuite failures="0" errors="0" time="0" id="13" name="D:\Developers\SourceCodes\GitHub\SpringProjects\SpringCloud\run_jar\spring-boot\hello\jar\hello-3.2.1-JDK17.jar\BOOT-INF\lib\maven-resources-plugin-3.3.1.jar" package="hello-3.2.1-JDK17.jar: maven-resources-plugin-3.3.1.jar" skipped="0" tests="1" timestamp="2024-01-15T23:23:52.8478029"><testcase classname="dependency-check" name="hello-3.2.1-JDK17.jar: maven-resources-plugin-3.3.1.jar"/></testsuite><testsuite failures="0" errors="0" time="0" id="14" name="D:\Developers\SourceCodes\GitHub\SpringProjects\SpringCloud\run_jar\spring-boot\hello\jar\hello-3.2.1-JDK17.jar\BOOT-INF\lib\micrometer-commons-1.12.1.jar" package="hello-3.2.1-JDK17.jar: micrometer-commons-1.12.1.jar" skipped="0" tests="1" timestamp="2024-01-15T23:23:52.8478029"><testcase classname="dependency-check" name="hello-3.2.1-JDK17.jar: micrometer-commons-1.12.1.jar"/></testsuite><testsuite failures="0" errors="0" time="0" id="15" name="D:\Developers\SourceCodes\GitHub\SpringProjects\SpringCloud\run_jar\spring-boot\hello\jar\hello-3.2.1-JDK17.jar\BOOT-INF\lib\micrometer-core-1.12.1.jar" package="hello-3.2.1-JDK17.jar: micrometer-core-1.12.1.jar" skipped="0" tests="1" timestamp="2024-01-15T23:23:52.8478029"><testcase classname="dependency-check" name="hello-3.2.1-JDK17.jar: micrometer-core-1.12.1.jar"/></testsuite><testsuite failures="0" errors="0" time="0" id="16" name="D:\Developers\SourceCodes\GitHub\SpringProjects\SpringCloud\run_jar\spring-boot\hello\jar\hello-3.2.1-JDK17.jar\BOOT-INF\lib\micrometer-jakarta9-1.12.1.jar" package="hello-3.2.1-JDK17.jar: micrometer-jakarta9-1.12.1.jar" skipped="0" tests="1" timestamp="2024-01-15T23:23:52.8478029"><testcase classname="dependency-check" name="hello-3.2.1-JDK17.jar: micrometer-jakarta9-1.12.1.jar"/></testsuite><testsuite failures="0" errors="0" time="0" id="17" name="D:\Developers\SourceCodes\GitHub\SpringProjects\SpringCloud\run_jar\spring-boot\hello\jar\hello-3.2.1-JDK17.jar\BOOT-INF\lib\micrometer-observation-1.12.1.jar" package="hello-3.2.1-JDK17.jar: micrometer-observation-1.12.1.jar" skipped="0" tests="1" timestamp="2024-01-15T23:23:52.8478029"><testcase classname="dependency-check" name="hello-3.2.1-JDK17.jar: micrometer-observation-1.12.1.jar"/></testsuite><testsuite failures="0" errors="0" time="0" id="18" name="D:\Developers\SourceCodes\GitHub\SpringProjects\SpringCloud\run_jar\spring-boot\hello\jar\hello-3.2.1-JDK17.jar\BOOT-INF\lib\plexus-build-api-0.0.7.jar" package="hello-3.2.1-JDK17.jar: plexus-build-api-0.0.7.jar" skipped="0" tests="1" timestamp="2024-01-15T23:23:52.8478029"><testcase classname="dependency-check" name="hello-3.2.1-JDK17.jar: plexus-build-api-0.0.7.jar"/></testsuite><testsuite failures="2" errors="0" time="0" id="19" name="D:\Developers\SourceCodes\GitHub\SpringProjects\SpringCloud\run_jar\spring-boot\hello\jar\hello-3.2.1-JDK17.jar\BOOT-INF\lib\plexus-interpolation-1.26.jar" package="hello-3.2.1-JDK17.jar: plexus-interpolation-1.26.jar" skipped="0" tests="2" timestamp="2024-01-15T23:23:52.8478029"><testcase classname="CVE-2022-4244" name="pkg:maven/org.codehaus.plexus/plexus-interpolation@1.26"><failure message="cvssV3: HIGH, score: 7.5 (CVSS:3.1/AV:N/AC:L/PR:N/UI:N/S:U/C:H/I:N/A:N/E:3.9/RC:R/MAV:A)"/><system-out>A flaw was found in codeplex-codehaus. A directory traversal attack (also known as path traversal) aims to access files and directories stored outside the intended folder. By manipulating files with &quot;dot-dot-slash (../)&quot; sequences and their variations or by using absolute file paths, it may be possible to access arbitrary files and directories stored on the file system, including application source code, configuration, and other critical system files.</system-out><system-err>location: D:\Developers\SourceCodes\GitHub\SpringProjects\SpringCloud\run_jar\spring-boot\hello\jar\hello-3.2.1-JDK17.jar\BOOT-INF\lib\plexus-interpolation-1.26.jar, project-references: [  ]</system-err></testcase><testcase classname="CVE-2022-4245" name="pkg:maven/org.codehaus.plexus/plexus-interpolation@1.26"><failure message="cvssV3: MEDIUM, score: 4.3 (CVSS:3.1/AV:N/AC:L/PR:L/UI:N/S:U/C:L/I:N/A:N/E:2.8/RC:R/MAV:A)"/><system-out>A flaw was found in codehaus-plexus. The org.codehaus.plexus.util.xml.XmlWriterUtil#writeComment fails to sanitize comments for a --&gt; sequence. This issue means that text contained in the command string could be interpreted as XML and allow for XML injection.</system-out><system-err>location: D:\Developers\SourceCodes\GitHub\SpringProjects\SpringCloud\run_jar\spring-boot\hello\jar\hello-3.2.1-JDK17.jar\BOOT-INF\lib\plexus-interpolation-1.26.jar, project-references: [  ]</system-err></testcase></testsuite><testsuite failures="0" errors="0" time="0" id="20" name="D:\Developers\SourceCodes\GitHub\SpringProjects\SpringCloud\run_jar\spring-boot\hello\jar\hello-3.2.1-JDK17.jar\BOOT-INF\lib\plexus-utils-3.5.1.jar" package="hello-3.2.1-JDK17.jar: plexus-utils-3.5.1.jar" skipped="0" tests="1" timestamp="2024-01-15T23:23:52.8478029"><testcase classname="dependency-check" name="hello-3.2.1-JDK17.jar: plexus-utils-3.5.1.jar"/></testsuite><testsuite failures="0" errors="0" time="0" id="21" name="D:\Developers\SourceCodes\GitHub\SpringProjects\SpringCloud\run_jar\spring-boot\hello\jar\hello-3.2.1-JDK17.jar\BOOT-INF\lib\slf4j-api-2.0.9.jar" package="hello-3.2.1-JDK17.jar: slf4j-api-2.0.9.jar" skipped="0" tests="1" timestamp="2024-01-15T23:23:52.8478029"><testcase classname="dependency-check" name="hello-3.2.1-JDK17.jar: slf4j-api-2.0.9.jar"/></testsuite><testsuite failures="0" errors="0" time="0" id="22" name="D:\Developers\SourceCodes\GitHub\SpringProjects\SpringCloud\run_jar\spring-boot\hello\jar\hello-3.2.1-JDK17.jar\BOOT-INF\lib\snakeyaml-2.2.jar" package="hello-3.2.1-JDK17.jar: snakeyaml-2.2.jar" skipped="0" tests="1" timestamp="2024-01-15T23:23:52.8478029"><testcase classname="dependency-check" name="hello-3.2.1-JDK17.jar: snakeyaml-2.2.jar"/></testsuite><testsuite failures="0" errors="0" time="0" id="23" name="D:\Developers\SourceCodes\GitHub\SpringProjects\SpringCloud\run_jar\spring-boot\hello\jar\hello-3.2.1-JDK17.jar\BOOT-INF\lib\spring-boot-3.2.1.jar" package="hello-3.2.1-JDK17.jar: spring-boot-3.2.1.jar" skipped="0" tests="1" timestamp="2024-01-15T23:23:52.8478029"><testcase classname="dependency-check" name="hello-3.2.1-JDK17.jar: spring-boot-3.2.1.jar"/></testsuite><testsuite failures="0" errors="0" time="0" id="24" name="D:\Developers\SourceCodes\GitHub\SpringProjects\SpringCloud\run_jar\spring-boot\hello\jar\hello-3.2.1-JDK17.jar\BOOT-INF\lib\spring-boot-jarmode-layertools-3.2.1.jar" package="hello-3.2.1-JDK17.jar: spring-boot-jarmode-layertools-3.2.1.jar" skipped="0" tests="1" timestamp="2024-01-15T23:23:52.8478029"><testcase classname="dependency-check" name="hello-3.2.1-JDK17.jar: spring-boot-jarmode-layertools-3.2.1.jar"/></testsuite><testsuite failures="0" errors="0" time="0" id="25" name="D:\Developers\SourceCodes\GitHub\SpringProjects\SpringCloud\run_jar\spring-boot\hello\jar\hello-3.2.1-JDK17.jar\BOOT-INF\lib\spring-core-6.1.2.jar" package="hello-3.2.1-JDK17.jar: spring-core-6.1.2.jar" skipped="0" tests="1" timestamp="2024-01-15T23:23:52.8478029"><testcase classname="dependency-check" name="hello-3.2.1-JDK17.jar: spring-core-6.1.2.jar"/></testsuite><testsuite failures="0" errors="0" time="0" id="26" name="D:\Developers\SourceCodes\GitHub\SpringProjects\SpringCloud\run_jar\spring-boot\hello\jar\hello-3.2.1-JDK17.jar\BOOT-INF\lib\spring-web-6.1.2.jar" package="hello-3.2.1-JDK17.jar: spring-web-6.1.2.jar" skipped="0" tests="1" timestamp="2024-01-15T23:23:52.8478029"><testcase classname="dependency-check" name="hello-3.2.1-JDK17.jar: spring-web-6.1.2.jar"/></testsuite><testsuite failures="0" errors="0" time="0" id="27" name="D:\Developers\SourceCodes\GitHub\SpringProjects\SpringCloud\run_jar\spring-boot\hello\jar\hello-3.2.1-JDK17.jar\BOOT-INF\lib\tomcat-embed-core-10.1.17.jar" package="hello-3.2.1-JDK17.jar: tomcat-embed-core-10.1.17.jar" skipped="0" tests="1" timestamp="2024-01-15T23:23:52.8478029"><testcase classname="dependency-check" name="hello-3.2.1-JDK17.jar: tomcat-embed-core-10.1.17.jar"/></testsuite><testsuite failures="0" errors="0" time="0" id="28" name="D:\Developers\SourceCodes\GitHub\SpringProjects\SpringCloud\run_jar\spring-boot\hello\jar\hello-3.2.1-JDK17.jar\BOOT-INF\lib\tomcat-embed-el-10.1.17.jar" package="hello-3.2.1-JDK17.jar: tomcat-embed-el-10.1.17.jar" skipped="0" tests="1" timestamp="2024-01-15T23:23:52.8478029"><testcase classname="dependency-check" name="hello-3.2.1-JDK17.jar: tomcat-embed-el-10.1.17.jar"/></testsuite><testsuite failures="5" errors="0" time="0" id="29" name="D:\Developers\SourceCodes\GitHub\SpringProjects\SpringCloud\run_jar\spring-boot\hello\jar\hello-3.2.1-JDK17.jar" package="hello-3.2.1-JDK17.jar" skipped="0" tests="5" timestamp="2024-01-15T23:23:52.8478029"><testcase classname="CVE-2013-6429" name="pkg:maven/com.spring/hello@3.2.1-JDK17"><failure message="cvssV2: MEDIUM, score: 6.8 (/AV:N/AC:M/Au:N/C:P/I:P/A:P)"/><system-out>The SourceHttpMessageConverter in Spring MVC in Spring Framework before 3.2.5 and 4.0.0.M1 through 4.0.0.RC1 does not disable external entity resolution, which allows remote attackers to read arbitrary files, cause a denial of service, and conduct CSRF attacks via crafted XML, aka an XML External Entity (XXE) issue, and a different vulnerability than CVE-2013-4152 and CVE-2013-7315.</system-out><system-err>location: D:\Developers\SourceCodes\GitHub\SpringProjects\SpringCloud\run_jar\spring-boot\hello\jar\hello-3.2.1-JDK17.jar, project-references: [  ]</system-err></testcase><testcase classname="CVE-2013-6430" name="pkg:maven/com.spring/hello@3.2.1-JDK17"><failure message="cvssV3: MEDIUM, score: 5.4 (CVSS:3.1/AV:N/AC:L/PR:L/UI:R/S:C/C:L/I:L/A:N/E:2.3/RC:R/MAV:A)"/><system-out>The JavaScriptUtils.javaScriptEscape method in web/util/JavaScriptUtils.java in Spring MVC in Spring Framework before 3.2.2 does not properly escape certain characters, which allows remote attackers to conduct cross-site scripting (XSS) attacks via a (1) line separator or (2) paragraph separator Unicode character or (3) left or (4) right angle bracket.</system-out><system-err>location: D:\Developers\SourceCodes\GitHub\SpringProjects\SpringCloud\run_jar\spring-boot\hello\jar\hello-3.2.1-JDK17.jar, project-references: [  ]</system-err></testcase><testcase classname="CVE-2014-3578" name="pkg:maven/com.spring/hello@3.2.1-JDK17"><failure message="cvssV2: MEDIUM, score: 5.0 (/AV:N/AC:L/Au:N/C:P/I:N/A:N)"/><system-out>Directory traversal vulnerability in Pivotal Spring Framework 3.x before 3.2.9 and 4.0 before 4.0.5 allows remote attackers to read arbitrary files via a crafted URL.</system-out><system-err>location: D:\Developers\SourceCodes\GitHub\SpringProjects\SpringCloud\run_jar\spring-boot\hello\jar\hello-3.2.1-JDK17.jar, project-references: [  ]</system-err></testcase><testcase classname="CVE-2014-3625" name="pkg:maven/com.spring/hello@3.2.1-JDK17"><failure message="cvssV2: MEDIUM, score: 5.0 (/AV:N/AC:L/Au:N/C:P/I:N/A:N)"/><system-out>Directory traversal vulnerability in Pivotal Spring Framework 3.0.4 through 3.2.x before 3.2.12, 4.0.x before 4.0.8, and 4.1.x before 4.1.2 allows remote attackers to read arbitrary files via unspecified vectors, related to static resource handling.</system-out><system-err>location: D:\Developers\SourceCodes\GitHub\SpringProjects\SpringCloud\run_jar\spring-boot\hello\jar\hello-3.2.1-JDK17.jar, project-references: [  ]</system-err></testcase><testcase classname="CVE-2014-1904" name="pkg:maven/com.spring/hello@3.2.1-JDK17"><failure message="cvssV2: MEDIUM, score: 4.3 (/AV:N/AC:M/Au:N/C:N/I:P/A:N)"/><system-out>Cross-site scripting (XSS) vulnerability in web/servlet/tags/form/FormTag.java in Spring MVC in Spring Framework 3.0.0 before 3.2.8 and 4.0.0 before 4.0.2 allows remote attackers to inject arbitrary web script or HTML via the requested URI in a default action.</system-out><system-err>location: D:\Developers\SourceCodes\GitHub\SpringProjects\SpringCloud\run_jar\spring-boot\hello\jar\hello-3.2.1-JDK17.jar, project-references: [  ]</system-err></testcase></testsuite></testsuites>