<?xml version="1.0" encoding="UTF-8"?><testsuites failures="11" name="dependency-check" tests="64"><testsuite failures="0" errors="0" time="0" id="0" name="D:\Developers\SourceCodes\GitHub\SpringProjects\SpringCloud\run_jar\spring-boot\spring-boot-admin\spring-boot-admin_server\spring-boot-admin_server-0.0.1-SNAPSHOT.jar\BOOT-INF\lib\HdrHistogram-2.1.12.jar" package="spring-boot-admin_server-0.0.1-SNAPSHOT.jar: HdrHistogram-2.1.12.jar" skipped="0" tests="1" timestamp="2024-01-25T21:54:55.9232884"><testcase classname="dependency-check" name="spring-boot-admin_server-0.0.1-SNAPSHOT.jar: HdrHistogram-2.1.12.jar"/></testsuite><testsuite failures="0" errors="0" time="0" id="1" name="D:\Developers\SourceCodes\GitHub\SpringProjects\SpringCloud\run_jar\spring-boot\spring-boot-admin\spring-boot-admin_server\spring-boot-admin_server-0.0.1-SNAPSHOT.jar\BOOT-INF\lib\LatencyUtils-2.0.3.jar" package="spring-boot-admin_server-0.0.1-SNAPSHOT.jar: LatencyUtils-2.0.3.jar" skipped="0" tests="1" timestamp="2024-01-25T21:54:55.9232884"><testcase classname="dependency-check" name="spring-boot-admin_server-0.0.1-SNAPSHOT.jar: LatencyUtils-2.0.3.jar"/></testsuite><testsuite failures="0" errors="0" time="0" id="2" name="D:\Developers\SourceCodes\GitHub\SpringProjects\SpringCloud\run_jar\spring-boot\spring-boot-admin\spring-boot-admin_server\spring-boot-admin_server-0.0.1-SNAPSHOT.jar\BOOT-INF\lib\accessors-smart-2.5.0.jar" package="spring-boot-admin_server-0.0.1-SNAPSHOT.jar: accessors-smart-2.5.0.jar" skipped="0" tests="1" timestamp="2024-01-25T21:54:55.9232884"><testcase classname="dependency-check" name="spring-boot-admin_server-0.0.1-SNAPSHOT.jar: accessors-smart-2.5.0.jar"/></testsuite><testsuite failures="0" errors="0" time="0" id="3" name="D:\Developers\SourceCodes\GitHub\SpringProjects\SpringCloud\run_jar\spring-boot\spring-boot-admin\spring-boot-admin_server\spring-boot-admin_server-0.0.1-SNAPSHOT.jar\BOOT-INF\lib\android-json-0.0.20131108.vaadin1.jar" package="spring-boot-admin_server-0.0.1-SNAPSHOT.jar: android-json-0.0.20131108.vaadin1.jar" skipped="0" tests="1" timestamp="2024-01-25T21:54:55.9232884"><testcase classname="dependency-check" name="spring-boot-admin_server-0.0.1-SNAPSHOT.jar: android-json-0.0.20131108.vaadin1.jar"/></testsuite><testsuite failures="0" errors="0" time="0" id="4" name="D:\Developers\SourceCodes\GitHub\SpringProjects\SpringCloud\run_jar\spring-boot\spring-boot-admin\spring-boot-admin_server\spring-boot-admin_server-0.0.1-SNAPSHOT.jar\BOOT-INF\lib\apiguardian-api-1.1.2.jar" package="spring-boot-admin_server-0.0.1-SNAPSHOT.jar: apiguardian-api-1.1.2.jar" skipped="0" tests="1" timestamp="2024-01-25T21:54:55.9232884"><testcase classname="dependency-check" name="spring-boot-admin_server-0.0.1-SNAPSHOT.jar: apiguardian-api-1.1.2.jar"/></testsuite><testsuite failures="0" errors="0" time="0" id="5" name="D:\Developers\SourceCodes\GitHub\SpringProjects\SpringCloud\run_jar\spring-boot\spring-boot-admin\spring-boot-admin_server\spring-boot-admin_server-0.0.1-SNAPSHOT.jar\BOOT-INF\lib\asm-9.3.jar" package="spring-boot-admin_server-0.0.1-SNAPSHOT.jar: asm-9.3.jar" skipped="0" tests="1" timestamp="2024-01-25T21:54:55.9232884"><testcase classname="dependency-check" name="spring-boot-admin_server-0.0.1-SNAPSHOT.jar: asm-9.3.jar"/></testsuite><testsuite failures="0" errors="0" time="0" id="6" name="D:\Developers\SourceCodes\GitHub\SpringProjects\SpringCloud\run_jar\spring-boot\spring-boot-admin\spring-boot-admin_server\spring-boot-admin_server-0.0.1-SNAPSHOT.jar\BOOT-INF\lib\assertj-core-3.24.2.jar" package="spring-boot-admin_server-0.0.1-SNAPSHOT.jar: assertj-core-3.24.2.jar" skipped="0" tests="1" timestamp="2024-01-25T21:54:55.9232884"><testcase classname="dependency-check" name="spring-boot-admin_server-0.0.1-SNAPSHOT.jar: assertj-core-3.24.2.jar"/></testsuite><testsuite failures="0" errors="0" time="0" id="7" name="D:\Developers\SourceCodes\GitHub\SpringProjects\SpringCloud\run_jar\spring-boot\spring-boot-admin\spring-boot-admin_server\spring-boot-admin_server-0.0.1-SNAPSHOT.jar\BOOT-INF\lib\attoparser-2.0.7.RELEASE.jar" package="spring-boot-admin_server-0.0.1-SNAPSHOT.jar: attoparser-2.0.7.RELEASE.jar" skipped="0" tests="1" timestamp="2024-01-25T21:54:55.9232884"><testcase classname="dependency-check" name="spring-boot-admin_server-0.0.1-SNAPSHOT.jar: attoparser-2.0.7.RELEASE.jar"/></testsuite><testsuite failures="0" errors="0" time="0" id="8" name="D:\Developers\SourceCodes\GitHub\SpringProjects\SpringCloud\run_jar\spring-boot\spring-boot-admin\spring-boot-admin_server\spring-boot-admin_server-0.0.1-SNAPSHOT.jar\BOOT-INF\lib\awaitility-4.2.0.jar" package="spring-boot-admin_server-0.0.1-SNAPSHOT.jar: awaitility-4.2.0.jar" skipped="0" tests="1" timestamp="2024-01-25T21:54:55.9232884"><testcase classname="dependency-check" name="spring-boot-admin_server-0.0.1-SNAPSHOT.jar: awaitility-4.2.0.jar"/></testsuite><testsuite failures="0" errors="0" time="0" id="9" name="D:\Developers\SourceCodes\GitHub\SpringProjects\SpringCloud\run_jar\spring-boot\spring-boot-admin\spring-boot-admin_server\spring-boot-admin_server-0.0.1-SNAPSHOT.jar\BOOT-INF\lib\byte-buddy-1.14.11.jar" package="spring-boot-admin_server-0.0.1-SNAPSHOT.jar: byte-buddy-1.14.11.jar" skipped="0" tests="1" timestamp="2024-01-25T21:54:55.9232884"><testcase classname="dependency-check" name="spring-boot-admin_server-0.0.1-SNAPSHOT.jar: byte-buddy-1.14.11.jar"/></testsuite><testsuite failures="0" errors="0" time="0" id="10" name="D:\Developers\SourceCodes\GitHub\SpringProjects\SpringCloud\run_jar\spring-boot\spring-boot-admin\spring-boot-admin_server\spring-boot-admin_server-0.0.1-SNAPSHOT.jar\BOOT-INF\lib\byte-buddy-agent-1.14.11.jar\win32-x86-64\attach_hotspot_windows.dll" package="spring-boot-admin_server-0.0.1-SNAPSHOT.jar: byte-buddy-agent-1.14.11.jar: attach_hotspot_windows.dll" skipped="0" tests="1" timestamp="2024-01-25T21:54:55.9232884"><testcase classname="dependency-check" name="spring-boot-admin_server-0.0.1-SNAPSHOT.jar: byte-buddy-agent-1.14.11.jar: attach_hotspot_windows.dll"/></testsuite><testsuite failures="0" errors="0" time="0" id="11" name="D:\Developers\SourceCodes\GitHub\SpringProjects\SpringCloud\run_jar\spring-boot\spring-boot-admin\spring-boot-admin_server\spring-boot-admin_server-0.0.1-SNAPSHOT.jar\BOOT-INF\lib\byte-buddy-agent-1.14.11.jar\win32-x86\attach_hotspot_windows.dll" package="spring-boot-admin_server-0.0.1-SNAPSHOT.jar: byte-buddy-agent-1.14.11.jar: attach_hotspot_windows.dll" skipped="0" tests="1" timestamp="2024-01-25T21:54:55.9232884"><testcase classname="dependency-check" name="spring-boot-admin_server-0.0.1-SNAPSHOT.jar: byte-buddy-agent-1.14.11.jar: attach_hotspot_windows.dll"/></testsuite><testsuite failures="0" errors="0" time="0" id="12" name="D:\Developers\SourceCodes\GitHub\SpringProjects\SpringCloud\run_jar\spring-boot\spring-boot-admin\spring-boot-admin_server\spring-boot-admin_server-0.0.1-SNAPSHOT.jar\BOOT-INF\lib\byte-buddy-agent-1.14.11.jar" package="spring-boot-admin_server-0.0.1-SNAPSHOT.jar: byte-buddy-agent-1.14.11.jar" skipped="0" tests="1" timestamp="2024-01-25T21:54:55.9232884"><testcase classname="dependency-check" name="spring-boot-admin_server-0.0.1-SNAPSHOT.jar: byte-buddy-agent-1.14.11.jar"/></testsuite><testsuite failures="0" errors="0" time="0" id="13" name="D:\Developers\SourceCodes\GitHub\SpringProjects\SpringCloud\run_jar\spring-boot\spring-boot-admin\spring-boot-admin_server\spring-boot-admin_server-0.0.1-SNAPSHOT.jar\BOOT-INF\lib\commons-io-2.11.0.jar" package="spring-boot-admin_server-0.0.1-SNAPSHOT.jar: commons-io-2.11.0.jar" skipped="0" tests="1" timestamp="2024-01-25T21:54:55.9232884"><testcase classname="dependency-check" name="spring-boot-admin_server-0.0.1-SNAPSHOT.jar: commons-io-2.11.0.jar"/></testsuite><testsuite failures="0" errors="0" time="0" id="14" name="D:\Developers\SourceCodes\GitHub\SpringProjects\SpringCloud\run_jar\spring-boot\spring-boot-admin\spring-boot-admin_server\spring-boot-admin_server-0.0.1-SNAPSHOT.jar\BOOT-INF\lib\commons-lang3-3.13.0.jar" package="spring-boot-admin_server-0.0.1-SNAPSHOT.jar: commons-lang3-3.13.0.jar" skipped="0" tests="1" timestamp="2024-01-25T21:54:55.9232884"><testcase classname="dependency-check" name="spring-boot-admin_server-0.0.1-SNAPSHOT.jar: commons-lang3-3.13.0.jar"/></testsuite><testsuite failures="0" errors="0" time="0" id="15" name="D:\Developers\SourceCodes\GitHub\SpringProjects\SpringCloud\run_jar\spring-boot\spring-boot-admin\spring-boot-admin_server\spring-boot-admin_server-0.0.1-SNAPSHOT.jar\BOOT-INF\lib\hamcrest-2.2.jar" package="spring-boot-admin_server-0.0.1-SNAPSHOT.jar: hamcrest-2.2.jar" skipped="0" tests="1" timestamp="2024-01-25T21:54:55.9232884"><testcase classname="dependency-check" name="spring-boot-admin_server-0.0.1-SNAPSHOT.jar: hamcrest-2.2.jar"/></testsuite><testsuite failures="0" errors="0" time="0" id="16" name="D:\Developers\SourceCodes\GitHub\SpringProjects\SpringCloud\run_jar\spring-boot\spring-boot-admin\spring-boot-admin_server\spring-boot-admin_server-0.0.1-SNAPSHOT.jar\BOOT-INF\lib\jackson-core-2.15.3.jar" package="spring-boot-admin_server-0.0.1-SNAPSHOT.jar: jackson-core-2.15.3.jar" skipped="0" tests="1" timestamp="2024-01-25T21:54:55.9232884"><testcase classname="dependency-check" name="spring-boot-admin_server-0.0.1-SNAPSHOT.jar: jackson-core-2.15.3.jar"/></testsuite><testsuite failures="1" errors="0" time="0" id="17" name="D:\Developers\SourceCodes\GitHub\SpringProjects\SpringCloud\run_jar\spring-boot\spring-boot-admin\spring-boot-admin_server\spring-boot-admin_server-0.0.1-SNAPSHOT.jar\BOOT-INF\lib\jackson-databind-2.15.3.jar" package="spring-boot-admin_server-0.0.1-SNAPSHOT.jar: jackson-databind-2.15.3.jar" skipped="0" tests="1" timestamp="2024-01-25T21:54:55.9232884"><testcase classname="CVE-2023-35116" name="pkg:maven/com.fasterxml.jackson.core/jackson-databind@2.15.3"><failure message="cvssV3: MEDIUM, score: 4.7 (CVSS:3.1/AV:L/AC:H/PR:L/UI:N/S:U/C:N/I:N/A:H/E:1.0/RC:R/MAV:A)"/><system-out>jackson-databind through 2.15.2 allows attackers to cause a denial of service or other unspecified impact via a crafted object that uses cyclic dependencies. NOTE: the vendor&apos;s perspective is that this is not a valid vulnerability report, because the steps of constructing a cyclic data structure and trying to serialize it cannot be achieved by an external attacker.</system-out><system-err>location: D:\Developers\SourceCodes\GitHub\SpringProjects\SpringCloud\run_jar\spring-boot\spring-boot-admin\spring-boot-admin_server\spring-boot-admin_server-0.0.1-SNAPSHOT.jar\BOOT-INF\lib\jackson-databind-2.15.3.jar, project-references: [  ]</system-err></testcase></testsuite><testsuite failures="0" errors="0" time="0" id="18" name="D:\Developers\SourceCodes\GitHub\SpringProjects\SpringCloud\run_jar\spring-boot\spring-boot-admin\spring-boot-admin_server\spring-boot-admin_server-0.0.1-SNAPSHOT.jar\BOOT-INF\lib\jakarta.activation-api-2.1.2.jar" package="spring-boot-admin_server-0.0.1-SNAPSHOT.jar: jakarta.activation-api-2.1.2.jar" skipped="0" tests="1" timestamp="2024-01-25T21:54:55.9232884"><testcase classname="dependency-check" name="spring-boot-admin_server-0.0.1-SNAPSHOT.jar: jakarta.activation-api-2.1.2.jar"/></testsuite><testsuite failures="0" errors="0" time="0" id="19" name="D:\Developers\SourceCodes\GitHub\SpringProjects\SpringCloud\run_jar\spring-boot\spring-boot-admin\spring-boot-admin_server\spring-boot-admin_server-0.0.1-SNAPSHOT.jar\BOOT-INF\lib\jakarta.annotation-api-2.1.1.jar" package="spring-boot-admin_server-0.0.1-SNAPSHOT.jar: jakarta.annotation-api-2.1.1.jar" skipped="0" tests="1" timestamp="2024-01-25T21:54:55.9232884"><testcase classname="dependency-check" name="spring-boot-admin_server-0.0.1-SNAPSHOT.jar: jakarta.annotation-api-2.1.1.jar"/></testsuite><testsuite failures="0" errors="0" time="0" id="20" name="D:\Developers\SourceCodes\GitHub\SpringProjects\SpringCloud\run_jar\spring-boot\spring-boot-admin\spring-boot-admin_server\spring-boot-admin_server-0.0.1-SNAPSHOT.jar\BOOT-INF\lib\jakarta.xml.bind-api-4.0.1.jar" package="spring-boot-admin_server-0.0.1-SNAPSHOT.jar: jakarta.xml.bind-api-4.0.1.jar" skipped="0" tests="1" timestamp="2024-01-25T21:54:55.9232884"><testcase classname="dependency-check" name="spring-boot-admin_server-0.0.1-SNAPSHOT.jar: jakarta.xml.bind-api-4.0.1.jar"/></testsuite><testsuite failures="0" errors="0" time="0" id="21" name="D:\Developers\SourceCodes\GitHub\SpringProjects\SpringCloud\run_jar\spring-boot\spring-boot-admin\spring-boot-admin_server\spring-boot-admin_server-0.0.1-SNAPSHOT.jar\BOOT-INF\lib\javax.inject-1.jar" package="spring-boot-admin_server-0.0.1-SNAPSHOT.jar: javax.inject-1.jar" skipped="0" tests="1" timestamp="2024-01-25T21:54:55.9232884"><testcase classname="dependency-check" name="spring-boot-admin_server-0.0.1-SNAPSHOT.jar: javax.inject-1.jar"/></testsuite><testsuite failures="1" errors="0" time="0" id="22" name="D:\Developers\SourceCodes\GitHub\SpringProjects\SpringCloud\run_jar\spring-boot\spring-boot-admin\spring-boot-admin_server\spring-boot-admin_server-0.0.1-SNAPSHOT.jar\BOOT-INF\lib\json-path-2.8.0.jar" package="spring-boot-admin_server-0.0.1-SNAPSHOT.jar: json-path-2.8.0.jar" skipped="0" tests="1" timestamp="2024-01-25T21:54:55.9232884"><testcase classname="CVE-2023-51074" name="pkg:maven/com.jayway.jsonpath/json-path@2.8.0"><failure message="cvssV3: MEDIUM, score: 5.3 (CVSS:3.1/AV:N/AC:L/PR:N/UI:N/S:U/C:N/I:N/A:L/E:3.9/RC:R/MAV:A)"/><system-out>json-path v2.8.0 was discovered to contain a stack overflow via the Criteria.parse() method.</system-out><system-err>location: D:\Developers\SourceCodes\GitHub\SpringProjects\SpringCloud\run_jar\spring-boot\spring-boot-admin\spring-boot-admin_server\spring-boot-admin_server-0.0.1-SNAPSHOT.jar\BOOT-INF\lib\json-path-2.8.0.jar, project-references: [  ]</system-err></testcase></testsuite><testsuite failures="0" errors="0" time="0" id="23" name="D:\Developers\SourceCodes\GitHub\SpringProjects\SpringCloud\run_jar\spring-boot\spring-boot-admin\spring-boot-admin_server\spring-boot-admin_server-0.0.1-SNAPSHOT.jar\BOOT-INF\lib\json-smart-2.5.0.jar" package="spring-boot-admin_server-0.0.1-SNAPSHOT.jar: json-smart-2.5.0.jar" skipped="0" tests="1" timestamp="2024-01-25T21:54:55.9232884"><testcase classname="dependency-check" name="spring-boot-admin_server-0.0.1-SNAPSHOT.jar: json-smart-2.5.0.jar"/></testsuite><testsuite failures="0" errors="0" time="0" id="24" name="D:\Developers\SourceCodes\GitHub\SpringProjects\SpringCloud\run_jar\spring-boot\spring-boot-admin\spring-boot-admin_server\spring-boot-admin_server-0.0.1-SNAPSHOT.jar\BOOT-INF\lib\jsonassert-1.5.1.jar" package="spring-boot-admin_server-0.0.1-SNAPSHOT.jar: jsonassert-1.5.1.jar" skipped="0" tests="1" timestamp="2024-01-25T21:54:55.9232884"><testcase classname="dependency-check" name="spring-boot-admin_server-0.0.1-SNAPSHOT.jar: jsonassert-1.5.1.jar"/></testsuite><testsuite failures="0" errors="0" time="0" id="25" name="D:\Developers\SourceCodes\GitHub\SpringProjects\SpringCloud\run_jar\spring-boot\spring-boot-admin\spring-boot-admin_server\spring-boot-admin_server-0.0.1-SNAPSHOT.jar\BOOT-INF\lib\jul-to-slf4j-2.0.11.jar" package="spring-boot-admin_server-0.0.1-SNAPSHOT.jar: jul-to-slf4j-2.0.11.jar" skipped="0" tests="1" timestamp="2024-01-25T21:54:55.9232884"><testcase classname="dependency-check" name="spring-boot-admin_server-0.0.1-SNAPSHOT.jar: jul-to-slf4j-2.0.11.jar"/></testsuite><testsuite failures="0" errors="0" time="0" id="26" name="D:\Developers\SourceCodes\GitHub\SpringProjects\SpringCloud\run_jar\spring-boot\spring-boot-admin\spring-boot-admin_server\spring-boot-admin_server-0.0.1-SNAPSHOT.jar\BOOT-INF\lib\junit-jupiter-5.10.1.jar" package="spring-boot-admin_server-0.0.1-SNAPSHOT.jar: junit-jupiter-5.10.1.jar" skipped="0" tests="1" timestamp="2024-01-25T21:54:55.9232884"><testcase classname="dependency-check" name="spring-boot-admin_server-0.0.1-SNAPSHOT.jar: junit-jupiter-5.10.1.jar"/></testsuite><testsuite failures="0" errors="0" time="0" id="27" name="D:\Developers\SourceCodes\GitHub\SpringProjects\SpringCloud\run_jar\spring-boot\spring-boot-admin\spring-boot-admin_server\spring-boot-admin_server-0.0.1-SNAPSHOT.jar\BOOT-INF\lib\junit-jupiter-api-5.10.1.jar" package="spring-boot-admin_server-0.0.1-SNAPSHOT.jar: junit-jupiter-api-5.10.1.jar" skipped="0" tests="1" timestamp="2024-01-25T21:54:55.9232884"><testcase classname="dependency-check" name="spring-boot-admin_server-0.0.1-SNAPSHOT.jar: junit-jupiter-api-5.10.1.jar"/></testsuite><testsuite failures="0" errors="0" time="0" id="28" name="D:\Developers\SourceCodes\GitHub\SpringProjects\SpringCloud\run_jar\spring-boot\spring-boot-admin\spring-boot-admin_server\spring-boot-admin_server-0.0.1-SNAPSHOT.jar\BOOT-INF\lib\junit-jupiter-engine-5.10.1.jar" package="spring-boot-admin_server-0.0.1-SNAPSHOT.jar: junit-jupiter-engine-5.10.1.jar" skipped="0" tests="1" timestamp="2024-01-25T21:54:55.9232884"><testcase classname="dependency-check" name="spring-boot-admin_server-0.0.1-SNAPSHOT.jar: junit-jupiter-engine-5.10.1.jar"/></testsuite><testsuite failures="0" errors="0" time="0" id="29" name="D:\Developers\SourceCodes\GitHub\SpringProjects\SpringCloud\run_jar\spring-boot\spring-boot-admin\spring-boot-admin_server\spring-boot-admin_server-0.0.1-SNAPSHOT.jar\BOOT-INF\lib\junit-jupiter-params-5.10.1.jar" package="spring-boot-admin_server-0.0.1-SNAPSHOT.jar: junit-jupiter-params-5.10.1.jar" skipped="0" tests="1" timestamp="2024-01-25T21:54:55.9232884"><testcase classname="dependency-check" name="spring-boot-admin_server-0.0.1-SNAPSHOT.jar: junit-jupiter-params-5.10.1.jar"/></testsuite><testsuite failures="0" errors="0" time="0" id="30" name="D:\Developers\SourceCodes\GitHub\SpringProjects\SpringCloud\run_jar\spring-boot\spring-boot-admin\spring-boot-admin_server\spring-boot-admin_server-0.0.1-SNAPSHOT.jar\BOOT-INF\lib\junit-platform-engine-1.10.1.jar" package="spring-boot-admin_server-0.0.1-SNAPSHOT.jar: junit-platform-engine-1.10.1.jar" skipped="0" tests="1" timestamp="2024-01-25T21:54:55.9232884"><testcase classname="dependency-check" name="spring-boot-admin_server-0.0.1-SNAPSHOT.jar: junit-platform-engine-1.10.1.jar"/></testsuite><testsuite failures="0" errors="0" time="0" id="31" name="D:\Developers\SourceCodes\GitHub\SpringProjects\SpringCloud\run_jar\spring-boot\spring-boot-admin\spring-boot-admin_server\spring-boot-admin_server-0.0.1-SNAPSHOT.jar\BOOT-INF\lib\log4j-api-2.21.1.jar" package="spring-boot-admin_server-0.0.1-SNAPSHOT.jar: log4j-api-2.21.1.jar" skipped="0" tests="1" timestamp="2024-01-25T21:54:55.9232884"><testcase classname="dependency-check" name="spring-boot-admin_server-0.0.1-SNAPSHOT.jar: log4j-api-2.21.1.jar"/></testsuite><testsuite failures="0" errors="0" time="0" id="32" name="D:\Developers\SourceCodes\GitHub\SpringProjects\SpringCloud\run_jar\spring-boot\spring-boot-admin\spring-boot-admin_server\spring-boot-admin_server-0.0.1-SNAPSHOT.jar\BOOT-INF\lib\log4j-to-slf4j-2.21.1.jar" package="spring-boot-admin_server-0.0.1-SNAPSHOT.jar: log4j-to-slf4j-2.21.1.jar" skipped="0" tests="1" timestamp="2024-01-25T21:54:55.9232884"><testcase classname="dependency-check" name="spring-boot-admin_server-0.0.1-SNAPSHOT.jar: log4j-to-slf4j-2.21.1.jar"/></testsuite><testsuite failures="0" errors="0" time="0" id="33" name="D:\Developers\SourceCodes\GitHub\SpringProjects\SpringCloud\run_jar\spring-boot\spring-boot-admin\spring-boot-admin_server\spring-boot-admin_server-0.0.1-SNAPSHOT.jar\BOOT-INF\lib\logback-core-1.4.14.jar" package="spring-boot-admin_server-0.0.1-SNAPSHOT.jar: logback-core-1.4.14.jar" skipped="0" tests="1" timestamp="2024-01-25T21:54:55.9232884"><testcase classname="dependency-check" name="spring-boot-admin_server-0.0.1-SNAPSHOT.jar: logback-core-1.4.14.jar"/></testsuite><testsuite failures="0" errors="0" time="0" id="34" name="D:\Developers\SourceCodes\GitHub\SpringProjects\SpringCloud\run_jar\spring-boot\spring-boot-admin\spring-boot-admin_server\spring-boot-admin_server-0.0.1-SNAPSHOT.jar\BOOT-INF\lib\maven-filtering-3.3.1.jar" package="spring-boot-admin_server-0.0.1-SNAPSHOT.jar: maven-filtering-3.3.1.jar" skipped="0" tests="1" timestamp="2024-01-25T21:54:55.9232884"><testcase classname="dependency-check" name="spring-boot-admin_server-0.0.1-SNAPSHOT.jar: maven-filtering-3.3.1.jar"/></testsuite><testsuite failures="0" errors="0" time="0" id="35" name="D:\Developers\SourceCodes\GitHub\SpringProjects\SpringCloud\run_jar\spring-boot\spring-boot-admin\spring-boot-admin_server\spring-boot-admin_server-0.0.1-SNAPSHOT.jar\BOOT-INF\lib\maven-resources-plugin-3.3.1.jar" package="spring-boot-admin_server-0.0.1-SNAPSHOT.jar: maven-resources-plugin-3.3.1.jar" skipped="0" tests="1" timestamp="2024-01-25T21:54:55.9232884"><testcase classname="dependency-check" name="spring-boot-admin_server-0.0.1-SNAPSHOT.jar: maven-resources-plugin-3.3.1.jar"/></testsuite><testsuite failures="0" errors="0" time="0" id="36" name="D:\Developers\SourceCodes\GitHub\SpringProjects\SpringCloud\run_jar\spring-boot\spring-boot-admin\spring-boot-admin_server\spring-boot-admin_server-0.0.1-SNAPSHOT.jar\BOOT-INF\lib\micrometer-commons-1.12.2.jar" package="spring-boot-admin_server-0.0.1-SNAPSHOT.jar: micrometer-commons-1.12.2.jar" skipped="0" tests="1" timestamp="2024-01-25T21:54:55.9232884"><testcase classname="dependency-check" name="spring-boot-admin_server-0.0.1-SNAPSHOT.jar: micrometer-commons-1.12.2.jar"/></testsuite><testsuite failures="0" errors="0" time="0" id="37" name="D:\Developers\SourceCodes\GitHub\SpringProjects\SpringCloud\run_jar\spring-boot\spring-boot-admin\spring-boot-admin_server\spring-boot-admin_server-0.0.1-SNAPSHOT.jar\BOOT-INF\lib\micrometer-core-1.12.2.jar" package="spring-boot-admin_server-0.0.1-SNAPSHOT.jar: micrometer-core-1.12.2.jar" skipped="0" tests="1" timestamp="2024-01-25T21:54:55.9232884"><testcase classname="dependency-check" name="spring-boot-admin_server-0.0.1-SNAPSHOT.jar: micrometer-core-1.12.2.jar"/></testsuite><testsuite failures="0" errors="0" time="0" id="38" name="D:\Developers\SourceCodes\GitHub\SpringProjects\SpringCloud\run_jar\spring-boot\spring-boot-admin\spring-boot-admin_server\spring-boot-admin_server-0.0.1-SNAPSHOT.jar\BOOT-INF\lib\micrometer-jakarta9-1.12.2.jar" package="spring-boot-admin_server-0.0.1-SNAPSHOT.jar: micrometer-jakarta9-1.12.2.jar" skipped="0" tests="1" timestamp="2024-01-25T21:54:55.9232884"><testcase classname="dependency-check" name="spring-boot-admin_server-0.0.1-SNAPSHOT.jar: micrometer-jakarta9-1.12.2.jar"/></testsuite><testsuite failures="0" errors="0" time="0" id="39" name="D:\Developers\SourceCodes\GitHub\SpringProjects\SpringCloud\run_jar\spring-boot\spring-boot-admin\spring-boot-admin_server\spring-boot-admin_server-0.0.1-SNAPSHOT.jar\BOOT-INF\lib\micrometer-observation-1.12.2.jar" package="spring-boot-admin_server-0.0.1-SNAPSHOT.jar: micrometer-observation-1.12.2.jar" skipped="0" tests="1" timestamp="2024-01-25T21:54:55.9232884"><testcase classname="dependency-check" name="spring-boot-admin_server-0.0.1-SNAPSHOT.jar: micrometer-observation-1.12.2.jar"/></testsuite><testsuite failures="0" errors="0" time="0" id="40" name="D:\Developers\SourceCodes\GitHub\SpringProjects\SpringCloud\run_jar\spring-boot\spring-boot-admin\spring-boot-admin_server\spring-boot-admin_server-0.0.1-SNAPSHOT.jar\BOOT-INF\lib\mockito-core-5.7.0.jar" package="spring-boot-admin_server-0.0.1-SNAPSHOT.jar: mockito-core-5.7.0.jar" skipped="0" tests="1" timestamp="2024-01-25T21:54:55.9232884"><testcase classname="dependency-check" name="spring-boot-admin_server-0.0.1-SNAPSHOT.jar: mockito-core-5.7.0.jar"/></testsuite><testsuite failures="0" errors="0" time="0" id="41" name="D:\Developers\SourceCodes\GitHub\SpringProjects\SpringCloud\run_jar\spring-boot\spring-boot-admin\spring-boot-admin_server\spring-boot-admin_server-0.0.1-SNAPSHOT.jar\BOOT-INF\lib\mockito-junit-jupiter-5.7.0.jar" package="spring-boot-admin_server-0.0.1-SNAPSHOT.jar: mockito-junit-jupiter-5.7.0.jar" skipped="0" tests="1" timestamp="2024-01-25T21:54:55.9232884"><testcase classname="dependency-check" name="spring-boot-admin_server-0.0.1-SNAPSHOT.jar: mockito-junit-jupiter-5.7.0.jar"/></testsuite><testsuite failures="0" errors="0" time="0" id="42" name="D:\Developers\SourceCodes\GitHub\SpringProjects\SpringCloud\run_jar\spring-boot\spring-boot-admin\spring-boot-admin_server\spring-boot-admin_server-0.0.1-SNAPSHOT.jar\BOOT-INF\lib\netty-common-4.1.105.Final.jar\META-INF/maven/org.jctools/jctools-core/pom.xml" package="spring-boot-admin_server-0.0.1-SNAPSHOT.jar: netty-common-4.1.105.Final.jar (shaded: org.jctools:jctools-core:3.1.0)" skipped="0" tests="1" timestamp="2024-01-25T21:54:55.9232884"><testcase classname="dependency-check" name="spring-boot-admin_server-0.0.1-SNAPSHOT.jar: netty-common-4.1.105.Final.jar (shaded: org.jctools:jctools-core:3.1.0)"/></testsuite><testsuite failures="0" errors="0" time="0" id="43" name="D:\Developers\SourceCodes\GitHub\SpringProjects\SpringCloud\run_jar\spring-boot\spring-boot-admin\spring-boot-admin_server\spring-boot-admin_server-0.0.1-SNAPSHOT.jar\BOOT-INF\lib\netty-transport-4.1.105.Final.jar" package="spring-boot-admin_server-0.0.1-SNAPSHOT.jar: netty-transport-4.1.105.Final.jar" skipped="0" tests="1" timestamp="2024-01-25T21:54:55.9232884"><testcase classname="dependency-check" name="spring-boot-admin_server-0.0.1-SNAPSHOT.jar: netty-transport-4.1.105.Final.jar"/></testsuite><testsuite failures="0" errors="0" time="0" id="44" name="D:\Developers\SourceCodes\GitHub\SpringProjects\SpringCloud\run_jar\spring-boot\spring-boot-admin\spring-boot-admin_server\spring-boot-admin_server-0.0.1-SNAPSHOT.jar\BOOT-INF\lib\objenesis-3.3.jar" package="spring-boot-admin_server-0.0.1-SNAPSHOT.jar: objenesis-3.3.jar" skipped="0" tests="1" timestamp="2024-01-25T21:54:55.9232884"><testcase classname="dependency-check" name="spring-boot-admin_server-0.0.1-SNAPSHOT.jar: objenesis-3.3.jar"/></testsuite><testsuite failures="0" errors="0" time="0" id="45" name="D:\Developers\SourceCodes\GitHub\SpringProjects\SpringCloud\run_jar\spring-boot\spring-boot-admin\spring-boot-admin_server\spring-boot-admin_server-0.0.1-SNAPSHOT.jar\BOOT-INF\lib\opentest4j-1.3.0.jar" package="spring-boot-admin_server-0.0.1-SNAPSHOT.jar: opentest4j-1.3.0.jar" skipped="0" tests="1" timestamp="2024-01-25T21:54:55.9232884"><testcase classname="dependency-check" name="spring-boot-admin_server-0.0.1-SNAPSHOT.jar: opentest4j-1.3.0.jar"/></testsuite><testsuite failures="0" errors="0" time="0" id="46" name="D:\Developers\SourceCodes\GitHub\SpringProjects\SpringCloud\run_jar\spring-boot\spring-boot-admin\spring-boot-admin_server\spring-boot-admin_server-0.0.1-SNAPSHOT.jar\BOOT-INF\lib\plexus-build-api-0.0.7.jar" package="spring-boot-admin_server-0.0.1-SNAPSHOT.jar: plexus-build-api-0.0.7.jar" skipped="0" tests="1" timestamp="2024-01-25T21:54:55.9232884"><testcase classname="dependency-check" name="spring-boot-admin_server-0.0.1-SNAPSHOT.jar: plexus-build-api-0.0.7.jar"/></testsuite><testsuite failures="2" errors="0" time="0" id="47" name="D:\Developers\SourceCodes\GitHub\SpringProjects\SpringCloud\run_jar\spring-boot\spring-boot-admin\spring-boot-admin_server\spring-boot-admin_server-0.0.1-SNAPSHOT.jar\BOOT-INF\lib\plexus-interpolation-1.26.jar" package="spring-boot-admin_server-0.0.1-SNAPSHOT.jar: plexus-interpolation-1.26.jar" skipped="0" tests="2" timestamp="2024-01-25T21:54:55.9232884"><testcase classname="CVE-2022-4244" name="pkg:maven/org.codehaus.plexus/plexus-interpolation@1.26"><failure message="cvssV3: HIGH, score: 7.5 (CVSS:3.1/AV:N/AC:L/PR:N/UI:N/S:U/C:H/I:N/A:N/E:3.9/RC:R/MAV:A)"/><system-out>A flaw was found in codeplex-codehaus. A directory traversal attack (also known as path traversal) aims to access files and directories stored outside the intended folder. By manipulating files with &quot;dot-dot-slash (../)&quot; sequences and their variations or by using absolute file paths, it may be possible to access arbitrary files and directories stored on the file system, including application source code, configuration, and other critical system files.</system-out><system-err>location: D:\Developers\SourceCodes\GitHub\SpringProjects\SpringCloud\run_jar\spring-boot\spring-boot-admin\spring-boot-admin_server\spring-boot-admin_server-0.0.1-SNAPSHOT.jar\BOOT-INF\lib\plexus-interpolation-1.26.jar, project-references: [  ]</system-err></testcase><testcase classname="CVE-2022-4245" name="pkg:maven/org.codehaus.plexus/plexus-interpolation@1.26"><failure message="cvssV3: MEDIUM, score: 4.3 (CVSS:3.1/AV:N/AC:L/PR:L/UI:N/S:U/C:L/I:N/A:N/E:2.8/RC:R/MAV:A)"/><system-out>A flaw was found in codehaus-plexus. The org.codehaus.plexus.util.xml.XmlWriterUtil#writeComment fails to sanitize comments for a --&gt; sequence. This issue means that text contained in the command string could be interpreted as XML and allow for XML injection.</system-out><system-err>location: D:\Developers\SourceCodes\GitHub\SpringProjects\SpringCloud\run_jar\spring-boot\spring-boot-admin\spring-boot-admin_server\spring-boot-admin_server-0.0.1-SNAPSHOT.jar\BOOT-INF\lib\plexus-interpolation-1.26.jar, project-references: [  ]</system-err></testcase></testsuite><testsuite failures="0" errors="0" time="0" id="48" name="D:\Developers\SourceCodes\GitHub\SpringProjects\SpringCloud\run_jar\spring-boot\spring-boot-admin\spring-boot-admin_server\spring-boot-admin_server-0.0.1-SNAPSHOT.jar\BOOT-INF\lib\plexus-utils-3.5.1.jar" package="spring-boot-admin_server-0.0.1-SNAPSHOT.jar: plexus-utils-3.5.1.jar" skipped="0" tests="1" timestamp="2024-01-25T21:54:55.9232884"><testcase classname="dependency-check" name="spring-boot-admin_server-0.0.1-SNAPSHOT.jar: plexus-utils-3.5.1.jar"/></testsuite><testsuite failures="0" errors="0" time="0" id="49" name="D:\Developers\SourceCodes\GitHub\SpringProjects\SpringCloud\run_jar\spring-boot\spring-boot-admin\spring-boot-admin_server\spring-boot-admin_server-0.0.1-SNAPSHOT.jar\BOOT-INF\lib\reactive-streams-1.0.4.jar" package="spring-boot-admin_server-0.0.1-SNAPSHOT.jar: reactive-streams-1.0.4.jar" skipped="0" tests="1" timestamp="2024-01-25T21:54:55.9232884"><testcase classname="dependency-check" name="spring-boot-admin_server-0.0.1-SNAPSHOT.jar: reactive-streams-1.0.4.jar"/></testsuite><testsuite failures="0" errors="0" time="0" id="50" name="D:\Developers\SourceCodes\GitHub\SpringProjects\SpringCloud\run_jar\spring-boot\spring-boot-admin\spring-boot-admin_server\spring-boot-admin_server-0.0.1-SNAPSHOT.jar\BOOT-INF\lib\reactor-core-3.6.2.jar" package="spring-boot-admin_server-0.0.1-SNAPSHOT.jar: reactor-core-3.6.2.jar" skipped="0" tests="1" timestamp="2024-01-25T21:54:55.9232884"><testcase classname="dependency-check" name="spring-boot-admin_server-0.0.1-SNAPSHOT.jar: reactor-core-3.6.2.jar"/></testsuite><testsuite failures="0" errors="0" time="0" id="51" name="D:\Developers\SourceCodes\GitHub\SpringProjects\SpringCloud\run_jar\spring-boot\spring-boot-admin\spring-boot-admin_server\spring-boot-admin_server-0.0.1-SNAPSHOT.jar\BOOT-INF\lib\reactor-extra-3.5.1.jar" package="spring-boot-admin_server-0.0.1-SNAPSHOT.jar: reactor-extra-3.5.1.jar" skipped="0" tests="1" timestamp="2024-01-25T21:54:55.9232884"><testcase classname="dependency-check" name="spring-boot-admin_server-0.0.1-SNAPSHOT.jar: reactor-extra-3.5.1.jar"/></testsuite><testsuite failures="0" errors="0" time="0" id="52" name="D:\Developers\SourceCodes\GitHub\SpringProjects\SpringCloud\run_jar\spring-boot\spring-boot-admin\spring-boot-admin_server\spring-boot-admin_server-0.0.1-SNAPSHOT.jar\BOOT-INF\lib\reactor-netty-core-1.1.15.jar" package="spring-boot-admin_server-0.0.1-SNAPSHOT.jar: reactor-netty-core-1.1.15.jar" skipped="0" tests="1" timestamp="2024-01-25T21:54:55.9232884"><testcase classname="dependency-check" name="spring-boot-admin_server-0.0.1-SNAPSHOT.jar: reactor-netty-core-1.1.15.jar"/></testsuite><testsuite failures="0" errors="0" time="0" id="53" name="D:\Developers\SourceCodes\GitHub\SpringProjects\SpringCloud\run_jar\spring-boot\spring-boot-admin\spring-boot-admin_server\spring-boot-admin_server-0.0.1-SNAPSHOT.jar\BOOT-INF\lib\slf4j-api-2.0.11.jar" package="spring-boot-admin_server-0.0.1-SNAPSHOT.jar: slf4j-api-2.0.11.jar" skipped="0" tests="1" timestamp="2024-01-25T21:54:55.9232884"><testcase classname="dependency-check" name="spring-boot-admin_server-0.0.1-SNAPSHOT.jar: slf4j-api-2.0.11.jar"/></testsuite><testsuite failures="0" errors="0" time="0" id="54" name="D:\Developers\SourceCodes\GitHub\SpringProjects\SpringCloud\run_jar\spring-boot\spring-boot-admin\spring-boot-admin_server\spring-boot-admin_server-0.0.1-SNAPSHOT.jar\BOOT-INF\lib\snakeyaml-2.2.jar" package="spring-boot-admin_server-0.0.1-SNAPSHOT.jar: snakeyaml-2.2.jar" skipped="0" tests="1" timestamp="2024-01-25T21:54:55.9232884"><testcase classname="dependency-check" name="spring-boot-admin_server-0.0.1-SNAPSHOT.jar: snakeyaml-2.2.jar"/></testsuite><testsuite failures="0" errors="0" time="0" id="55" name="D:\Developers\SourceCodes\GitHub\SpringProjects\SpringCloud\run_jar\spring-boot\spring-boot-admin\spring-boot-admin_server\spring-boot-admin_server-0.0.1-SNAPSHOT.jar\BOOT-INF\lib\spring-boot-3.2.2.jar" package="spring-boot-admin_server-0.0.1-SNAPSHOT.jar: spring-boot-3.2.2.jar" skipped="0" tests="1" timestamp="2024-01-25T21:54:55.9232884"><testcase classname="dependency-check" name="spring-boot-admin_server-0.0.1-SNAPSHOT.jar: spring-boot-3.2.2.jar"/></testsuite><testsuite failures="2" errors="0" time="0" id="56" name="D:\Developers\SourceCodes\GitHub\SpringProjects\SpringCloud\run_jar\spring-boot\spring-boot-admin\spring-boot-admin_server\spring-boot-admin_server-0.0.1-SNAPSHOT.jar\BOOT-INF\lib\spring-boot-admin-server-2.0.1.jar" package="spring-boot-admin_server-0.0.1-SNAPSHOT.jar: spring-boot-admin-server-2.0.1.jar" skipped="0" tests="2" timestamp="2024-01-25T21:54:55.9232884"><testcase classname="CVE-2022-46166" name="pkg:maven/de.codecentric/spring-boot-admin-server@2.0.1"><failure message="cvssV3: CRITICAL, score: 9.8 (CVSS:3.1/AV:N/AC:L/PR:N/UI:N/S:U/C:H/I:H/A:H/E:3.9/RC:R/MAV:A)"/><system-out>Spring boot admins is an open source administrative user interface for management of spring boot applications. All users who run Spring Boot Admin Server, having enabled Notifiers (e.g. Teams-Notifier) and write access to environment variables via UI are affected. Users are advised to upgrade to the most recent releases of Spring Boot Admin 2.6.10 and 2.7.8 to resolve this issue. Users unable to upgrade may disable any notifier or disable write access (POST request) on `/env` actuator endpoint.

</system-out><system-err>location: D:\Developers\SourceCodes\GitHub\SpringProjects\SpringCloud\run_jar\spring-boot\spring-boot-admin\spring-boot-admin_server\spring-boot-admin_server-0.0.1-SNAPSHOT.jar\BOOT-INF\lib\spring-boot-admin-server-2.0.1.jar, project-references: [  ]</system-err></testcase><testcase classname="CVE-2023-38286" name="pkg:maven/de.codecentric/spring-boot-admin-server@2.0.1"><failure message="cvssV3: HIGH, score: 7.5 (CVSS:3.1/AV:N/AC:H/PR:L/UI:N/S:U/C:H/I:H/A:H/E:1.6/RC:R/MAV:A)"/><system-out>Thymeleaf through 3.1.1.RELEASE, as used in spring-boot-admin (aka Spring Boot Admin) through 3.1.1 and other products, allows sandbox bypass via crafted HTML. This may be relevant for SSTI (Server Side Template Injection) and code execution in spring-boot-admin if MailNotifier is enabled and there is write access to environment variables via the UI.</system-out><system-err>location: D:\Developers\SourceCodes\GitHub\SpringProjects\SpringCloud\run_jar\spring-boot\spring-boot-admin\spring-boot-admin_server\spring-boot-admin_server-0.0.1-SNAPSHOT.jar\BOOT-INF\lib\spring-boot-admin-server-2.0.1.jar, project-references: [  ]</system-err></testcase></testsuite><testsuite failures="0" errors="0" time="0" id="57" name="D:\Developers\SourceCodes\GitHub\SpringProjects\SpringCloud\run_jar\spring-boot\spring-boot-admin\spring-boot-admin_server\spring-boot-admin_server-0.0.1-SNAPSHOT.jar\BOOT-INF\lib\spring-boot-admin-server-ui-2.0.1.jar\META-INF\spring-boot-admin-server-ui\assets\js\event-source-polyfill.js" package="spring-boot-admin_server-0.0.1-SNAPSHOT.jar: spring-boot-admin-server-ui-2.0.1.jar: event-source-polyfill.js" skipped="0" tests="1" timestamp="2024-01-25T21:54:55.9232884"><testcase classname="dependency-check" name="spring-boot-admin_server-0.0.1-SNAPSHOT.jar: spring-boot-admin-server-ui-2.0.1.jar: event-source-polyfill.js"/></testsuite><testsuite failures="0" errors="0" time="0" id="58" name="D:\Developers\SourceCodes\GitHub\SpringProjects\SpringCloud\run_jar\spring-boot\spring-boot-admin\spring-boot-admin_server\spring-boot-admin_server-0.0.1-SNAPSHOT.jar\BOOT-INF\lib\spring-boot-admin-server-ui-2.0.1.jar\META-INF\spring-boot-admin-server-ui\assets\js\sba-core.js" package="spring-boot-admin_server-0.0.1-SNAPSHOT.jar: spring-boot-admin-server-ui-2.0.1.jar: sba-core.js" skipped="0" tests="1" timestamp="2024-01-25T21:54:55.9232884"><testcase classname="dependency-check" name="spring-boot-admin_server-0.0.1-SNAPSHOT.jar: spring-boot-admin-server-ui-2.0.1.jar: sba-core.js"/></testsuite><testsuite failures="5" errors="0" time="0" id="59" name="D:\Developers\SourceCodes\GitHub\SpringProjects\SpringCloud\run_jar\spring-boot\spring-boot-admin\spring-boot-admin_server\spring-boot-admin_server-0.0.1-SNAPSHOT.jar\BOOT-INF\lib\spring-boot-admin-server-ui-2.0.1.jar\META-INF\spring-boot-admin-server-ui\assets\js\vendors.js" package="spring-boot-admin_server-0.0.1-SNAPSHOT.jar: spring-boot-admin-server-ui-2.0.1.jar: vendors.js" skipped="0" tests="5" timestamp="2024-01-25T21:54:55.9232884"><testcase classname="CVE-2022-24785" name="pkg:javascript/moment.js@2.22.2"><failure message="cvssV3: HIGH, score: 7.5 (CVSS:3.1/AV:N/AC:L/PR:N/UI:N/S:U/C:N/I:H/A:N/E:3.9/RC:R/MAV:A)"/><system-out>Moment.js is a JavaScript date library for parsing, validating, manipulating, and formatting dates. A path traversal vulnerability impacts npm (server) users of Moment.js between versions 1.0.1 and 2.29.1, especially if a user-provided locale string is directly used to switch moment locale. This problem is patched in 2.29.2, and the patch can be applied to all affected versions. As a workaround, sanitize the user-provided locale name before passing it to Moment.js.</system-out><system-err>location: D:\Developers\SourceCodes\GitHub\SpringProjects\SpringCloud\run_jar\spring-boot\spring-boot-admin\spring-boot-admin_server\spring-boot-admin_server-0.0.1-SNAPSHOT.jar\BOOT-INF\lib\spring-boot-admin-server-ui-2.0.1.jar\META-INF\spring-boot-admin-server-ui\assets\js\vendors.js, project-references: [  ]</system-err></testcase><testcase classname="CVE-2022-31129" name="pkg:javascript/moment.js@2.22.2"><failure message="cvssV3: HIGH, score: 7.5 (CVSS:3.1/AV:N/AC:L/PR:N/UI:N/S:U/C:N/I:N/A:H/E:3.9/RC:R/MAV:A)"/><system-out>moment is a JavaScript date library for parsing, validating, manipulating, and formatting dates. Affected versions of moment were found to use an inefficient parsing algorithm. Specifically using string-to-date parsing in moment (more specifically rfc2822 parsing, which is tried by default) has quadratic (N^2) complexity on specific inputs. Users may notice a noticeable slowdown is observed with inputs above 10k characters. Users who pass user-provided strings without sanity length checks to moment constructor are vulnerable to (Re)DoS attacks. The problem is patched in 2.29.4, the patch can be applied to all affected versions with minimal tweaking. Users are advised to upgrade. Users unable to upgrade should consider limiting date lengths accepted from user input.</system-out><system-err>location: D:\Developers\SourceCodes\GitHub\SpringProjects\SpringCloud\run_jar\spring-boot\spring-boot-admin\spring-boot-admin_server\spring-boot-admin_server-0.0.1-SNAPSHOT.jar\BOOT-INF\lib\spring-boot-admin-server-ui-2.0.1.jar\META-INF\spring-boot-admin-server-ui\assets\js\vendors.js, project-references: [  ]</system-err></testcase><testcase classname="CVE-2023-22467" name="pkg:javascript/moment.js@2.22.2"><failure message="cvssV3: HIGH, score: 7.5 (CVSS:3.1/AV:N/AC:L/PR:N/UI:N/S:U/C:N/I:N/A:H/E:3.9/RC:R/MAV:A)"/><system-out>Luxon is a library for working with dates and times in JavaScript. On the 1.x branch prior to 1.38.1, the 2.x branch prior to 2.5.2, and the 3.x branch on 3.2.1, Luxon&apos;s `DateTime.fromRFC2822() has quadratic (N^2) complexity on some specific inputs. This causes a noticeable slowdown for inputs with lengths above 10k characters. Users providing untrusted data to this method are therefore vulnerable to (Re)DoS attacks. This issue also appears in Moment as CVE-2022-31129. Versions 1.38.1, 2.5.2, and 3.2.1 contain patches for this issue. As a workaround, limit the length of the input.</system-out><system-err>location: D:\Developers\SourceCodes\GitHub\SpringProjects\SpringCloud\run_jar\spring-boot\spring-boot-admin\spring-boot-admin_server\spring-boot-admin_server-0.0.1-SNAPSHOT.jar\BOOT-INF\lib\spring-boot-admin-server-ui-2.0.1.jar\META-INF\spring-boot-admin-server-ui\assets\js\vendors.js, project-references: [  ]</system-err></testcase><testcase classname="Bump vue-server-renderer&apos;s dependency of serialize-javascript to 2.1.2" name="pkg:javascript/moment.js@2.22.2"><failure message="unscored severity: medium"/><system-out>Bump vue-server-renderer&apos;s dependency of serialize-javascript to 2.1.2</system-out><system-err>location: D:\Developers\SourceCodes\GitHub\SpringProjects\SpringCloud\run_jar\spring-boot\spring-boot-admin\spring-boot-admin_server\spring-boot-admin_server-0.0.1-SNAPSHOT.jar\BOOT-INF\lib\spring-boot-admin-server-ui-2.0.1.jar\META-INF\spring-boot-admin-server-ui\assets\js\vendors.js, project-references: [  ]</system-err></testcase><testcase classname="potential xss in ssr when using v-bind" name="pkg:javascript/moment.js@2.22.2"><failure message="unscored severity: medium"/><system-out>potential xss in ssr when using v-bind</system-out><system-err>location: D:\Developers\SourceCodes\GitHub\SpringProjects\SpringCloud\run_jar\spring-boot\spring-boot-admin\spring-boot-admin_server\spring-boot-admin_server-0.0.1-SNAPSHOT.jar\BOOT-INF\lib\spring-boot-admin-server-ui-2.0.1.jar\META-INF\spring-boot-admin-server-ui\assets\js\vendors.js, project-references: [  ]</system-err></testcase></testsuite><testsuite failures="0" errors="0" time="0" id="60" name="D:\Developers\SourceCodes\GitHub\SpringProjects\SpringCloud\run_jar\spring-boot\spring-boot-admin\spring-boot-admin_server\spring-boot-admin_server-0.0.1-SNAPSHOT.jar\BOOT-INF\lib\spring-boot-jarmode-layertools-3.2.2.jar" package="spring-boot-admin_server-0.0.1-SNAPSHOT.jar: spring-boot-jarmode-layertools-3.2.2.jar" skipped="0" tests="1" timestamp="2024-01-25T21:54:55.9232884"><testcase classname="dependency-check" name="spring-boot-admin_server-0.0.1-SNAPSHOT.jar: spring-boot-jarmode-layertools-3.2.2.jar"/></testsuite><testsuite failures="0" errors="0" time="0" id="61" name="D:\Developers\SourceCodes\GitHub\SpringProjects\SpringCloud\run_jar\spring-boot\spring-boot-admin\spring-boot-admin_server\spring-boot-admin_server-0.0.1-SNAPSHOT.jar\BOOT-INF\lib\spring-core-6.1.3.jar" package="spring-boot-admin_server-0.0.1-SNAPSHOT.jar: spring-core-6.1.3.jar" skipped="0" tests="1" timestamp="2024-01-25T21:54:55.9232884"><testcase classname="dependency-check" name="spring-boot-admin_server-0.0.1-SNAPSHOT.jar: spring-core-6.1.3.jar"/></testsuite><testsuite failures="0" errors="0" time="0" id="62" name="D:\Developers\SourceCodes\GitHub\SpringProjects\SpringCloud\run_jar\spring-boot\spring-boot-admin\spring-boot-admin_server\spring-boot-admin_server-0.0.1-SNAPSHOT.jar\BOOT-INF\lib\spring-web-6.1.3.jar" package="spring-boot-admin_server-0.0.1-SNAPSHOT.jar: spring-web-6.1.3.jar" skipped="0" tests="1" timestamp="2024-01-25T21:54:55.9232884"><testcase classname="dependency-check" name="spring-boot-admin_server-0.0.1-SNAPSHOT.jar: spring-web-6.1.3.jar"/></testsuite><testsuite failures="0" errors="0" time="0" id="63" name="D:\Developers\SourceCodes\GitHub\SpringProjects\SpringCloud\run_jar\spring-boot\spring-boot-admin\spring-boot-admin_server\spring-boot-admin_server-0.0.1-SNAPSHOT.jar\BOOT-INF\lib\thymeleaf-3.1.2.RELEASE.jar" package="spring-boot-admin_server-0.0.1-SNAPSHOT.jar: thymeleaf-3.1.2.RELEASE.jar" skipped="0" tests="1" timestamp="2024-01-25T21:54:55.9232884"><testcase classname="dependency-check" name="spring-boot-admin_server-0.0.1-SNAPSHOT.jar: thymeleaf-3.1.2.RELEASE.jar"/></testsuite><testsuite failures="0" errors="0" time="0" id="64" name="D:\Developers\SourceCodes\GitHub\SpringProjects\SpringCloud\run_jar\spring-boot\spring-boot-admin\spring-boot-admin_server\spring-boot-admin_server-0.0.1-SNAPSHOT.jar\BOOT-INF\lib\tomcat-embed-core-10.1.18.jar" package="spring-boot-admin_server-0.0.1-SNAPSHOT.jar: tomcat-embed-core-10.1.18.jar" skipped="0" tests="1" timestamp="2024-01-25T21:54:55.9232884"><testcase classname="dependency-check" name="spring-boot-admin_server-0.0.1-SNAPSHOT.jar: tomcat-embed-core-10.1.18.jar"/></testsuite><testsuite failures="0" errors="0" time="0" id="65" name="D:\Developers\SourceCodes\GitHub\SpringProjects\SpringCloud\run_jar\spring-boot\spring-boot-admin\spring-boot-admin_server\spring-boot-admin_server-0.0.1-SNAPSHOT.jar\BOOT-INF\lib\tomcat-embed-el-10.1.18.jar" package="spring-boot-admin_server-0.0.1-SNAPSHOT.jar: tomcat-embed-el-10.1.18.jar" skipped="0" tests="1" timestamp="2024-01-25T21:54:55.9232884"><testcase classname="dependency-check" name="spring-boot-admin_server-0.0.1-SNAPSHOT.jar: tomcat-embed-el-10.1.18.jar"/></testsuite><testsuite failures="0" errors="0" time="0" id="66" name="D:\Developers\SourceCodes\GitHub\SpringProjects\SpringCloud\run_jar\spring-boot\spring-boot-admin\spring-boot-admin_server\spring-boot-admin_server-0.0.1-SNAPSHOT.jar\BOOT-INF\lib\unbescape-1.1.6.RELEASE.jar" package="spring-boot-admin_server-0.0.1-SNAPSHOT.jar: unbescape-1.1.6.RELEASE.jar" skipped="0" tests="1" timestamp="2024-01-25T21:54:55.9232884"><testcase classname="dependency-check" name="spring-boot-admin_server-0.0.1-SNAPSHOT.jar: unbescape-1.1.6.RELEASE.jar"/></testsuite><testsuite failures="0" errors="0" time="0" id="67" name="D:\Developers\SourceCodes\GitHub\SpringProjects\SpringCloud\run_jar\spring-boot\spring-boot-admin\spring-boot-admin_server\spring-boot-admin_server-0.0.1-SNAPSHOT.jar\BOOT-INF\lib\xmlunit-core-2.9.1.jar" package="spring-boot-admin_server-0.0.1-SNAPSHOT.jar: xmlunit-core-2.9.1.jar" skipped="0" tests="1" timestamp="2024-01-25T21:54:55.9232884"><testcase classname="dependency-check" name="spring-boot-admin_server-0.0.1-SNAPSHOT.jar: xmlunit-core-2.9.1.jar"/></testsuite><testsuite failures="0" errors="0" time="0" id="68" name="D:\Developers\SourceCodes\GitHub\SpringProjects\SpringCloud\run_jar\spring-boot\spring-boot-admin\spring-boot-admin_server\spring-boot-admin_server-0.0.1-SNAPSHOT.jar" package="spring-boot-admin_server-0.0.1-SNAPSHOT.jar" skipped="0" tests="1" timestamp="2024-01-25T21:54:55.9232884"><testcase classname="dependency-check" name="spring-boot-admin_server-0.0.1-SNAPSHOT.jar"/></testsuite></testsuites>